{"obj": {"type": "AssignString", "path": ["sys", "name"], "value": "Untitled"}, "version": 1, "at": 1723880203.1806958}
{"obj": {"type": "AssignString", "path": ["sys", "description"], "value": ""}, "version": 2, "at": 1723880203.1806958}
{"obj": {"type": "AssignString", "path": ["monitoring", "6b2ae0bc", "hostname"], "value": "DESKTOP-SO4DDQB"}, "version": 3, "at": 1723880203.1806958}
{"obj": {"type": "AssignString", "path": ["sys", "hostname"], "value": "DESKTOP-SO4DDQB"}, "version": 4, "at": 1723880203.1806958}
{"obj": {"type": "AssignString", "path": ["monitoring", "6b2ae0bc", "pid"], "value": "4272"}, "version": 5, "at": 1723880203.1806958}
{"obj": {"type": "AssignString", "path": ["monitoring", "6b2ae0bc", "tid"], "value": "23284"}, "version": 6, "at": 1723880203.1806958}
{"obj": {"type": "AssignBool", "path": ["sys", "failed"], "value": false}, "version": 7, "at": 1723880203.1806958}
{"obj": {"type": "LogFloats", "path": ["Loss (Train)"], "values": [{"value": 19.678386688232422, "step": null, "ts": 1723880204.5987432}]}, "version": 8, "at": 1723880204.5987432}
{"obj": {"type": "LogFloats", "path": ["Gradient norm"], "values": [{"value": 0.0, "step": null, "ts": 1723880204.5987432}]}, "version": 9, "at": 1723880204.5987432}
{"obj": {"type": "LogFloats", "path": ["Learning rate"], "values": [{"value": 1e-05, "step": null, "ts": 1723880204.5987432}]}, "version": 10, "at": 1723880204.5987432}
{"obj": {"type": "LogFloats", "path": ["Loss (Test)"], "values": [{"value": 25.102724075317383, "step": null, "ts": 1723880204.8977666}]}, "version": 11, "at": 1723880204.8977666}
{"obj": {"type": "LogFloats", "path": ["EM"], "values": [{"value": 0.0, "step": null, "ts": 1723880204.8977666}]}, "version": 12, "at": 1723880204.8977666}
{"obj": {"type": "LogFloats", "path": ["Relaxed correctness"], "values": [{"value": 0.0, "step": null, "ts": 1723880204.8977666}]}, "version": 13, "at": 1723880204.8977666}
{"obj": {"type": "LogFloats", "path": ["ANLS"], "values": [{"value": 0.0, "step": null, "ts": 1723880204.8977666}]}, "version": 14, "at": 1723880204.8977666}
{"obj": {"type": "LogFloats", "path": ["Loss (Test)"], "values": [{"value": 24.411032676696777, "step": null, "ts": 1723880205.2007809}]}, "version": 15, "at": 1723880205.2007809}
{"obj": {"type": "LogFloats", "path": ["EM"], "values": [{"value": 0.0, "step": null, "ts": 1723880205.2007809}]}, "version": 16, "at": 1723880205.2007809}
{"obj": {"type": "LogFloats", "path": ["Relaxed correctness"], "values": [{"value": 0.0, "step": null, "ts": 1723880205.2007809}]}, "version": 17, "at": 1723880205.2007809}
{"obj": {"type": "LogFloats", "path": ["ANLS"], "values": [{"value": 0.0, "step": null, "ts": 1723880205.2007809}]}, "version": 18, "at": 1723880205.2007809}
{"obj": {"type": "LogFloats", "path": ["Loss (Test)"], "values": [{"value": 23.96547508239746, "step": null, "ts": 1723880205.5328827}]}, "version": 19, "at": 1723880205.5328827}
{"obj": {"type": "LogFloats", "path": ["EM"], "values": [{"value": 0.0, "step": null, "ts": 1723880205.5328827}]}, "version": 20, "at": 1723880205.5328827}
{"obj": {"type": "LogFloats", "path": ["Relaxed correctness"], "values": [{"value": 0.0, "step": null, "ts": 1723880205.5328827}]}, "version": 21, "at": 1723880205.5328827}
{"obj": {"type": "LogFloats", "path": ["ANLS"], "values": [{"value": 0.0, "step": null, "ts": 1723880205.5328827}]}, "version": 22, "at": 1723880205.5328827}
{"obj": {"type": "LogFloats", "path": ["Loss (Test)"], "values": [{"value": 23.30005407333374, "step": null, "ts": 1723880205.8519232}]}, "version": 23, "at": 1723880205.8519232}
{"obj": {"type": "LogFloats", "path": ["EM"], "values": [{"value": 0.0, "step": null, "ts": 1723880205.8519232}]}, "version": 24, "at": 1723880205.8519232}
{"obj": {"type": "LogFloats", "path": ["Relaxed correctness"], "values": [{"value": 0.0, "step": null, "ts": 1723880205.8519232}]}, "version": 25, "at": 1723880205.8519232}
{"obj": {"type": "LogFloats", "path": ["ANLS"], "values": [{"value": 0.0, "step": null, "ts": 1723880205.8519232}]}, "version": 26, "at": 1723880205.8519232}
{"obj": {"type": "LogFloats", "path": ["Loss (Test)"], "values": [{"value": 23.50008430480957, "step": null, "ts": 1723880206.1809223}]}, "version": 27, "at": 1723880206.1809223}
{"obj": {"type": "LogFloats", "path": ["EM"], "values": [{"value": 0.0, "step": null, "ts": 1723880206.1809223}]}, "version": 28, "at": 1723880206.1809223}
{"obj": {"type": "LogFloats", "path": ["Relaxed correctness"], "values": [{"value": 0.0, "step": null, "ts": 1723880206.1809223}]}, "version": 29, "at": 1723880206.1809223}
{"obj": {"type": "LogFloats", "path": ["ANLS"], "values": [{"value": 0.0, "step": null, "ts": 1723880206.1809223}]}, "version": 30, "at": 1723880206.1809223}
{"obj": {"type": "LogFloats", "path": ["Loss (Test)"], "values": [{"value": 23.6405668258667, "step": null, "ts": 1723880206.460059}]}, "version": 31, "at": 1723880206.460059}
{"obj": {"type": "LogFloats", "path": ["EM"], "values": [{"value": 0.0, "step": null, "ts": 1723880206.460059}]}, "version": 32, "at": 1723880206.460059}
{"obj": {"type": "LogFloats", "path": ["Relaxed correctness"], "values": [{"value": 0.0, "step": null, "ts": 1723880206.460059}]}, "version": 33, "at": 1723880206.460059}
{"obj": {"type": "LogFloats", "path": ["ANLS"], "values": [{"value": 0.0, "step": null, "ts": 1723880206.460059}]}, "version": 34, "at": 1723880206.460059}
{"obj": {"type": "LogFloats", "path": ["Loss (Test)"], "values": [{"value": 24.15733446393694, "step": null, "ts": 1723880206.6841178}]}, "version": 35, "at": 1723880206.6841178}
{"obj": {"type": "LogFloats", "path": ["EM"], "values": [{"value": 0.0, "step": null, "ts": 1723880206.6841178}]}, "version": 36, "at": 1723880206.6841178}
{"obj": {"type": "LogFloats", "path": ["Relaxed correctness"], "values": [{"value": 0.0, "step": null, "ts": 1723880206.6841178}]}, "version": 37, "at": 1723880206.6841178}
{"obj": {"type": "LogFloats", "path": ["ANLS"], "values": [{"value": 0.0, "step": null, "ts": 1723880206.6841178}]}, "version": 38, "at": 1723880206.6841178}
{"obj": {"type": "LogFloats", "path": ["Loss (Test)"], "values": [{"value": 24.942634105682373, "step": null, "ts": 1723880206.8911278}]}, "version": 39, "at": 1723880206.8911278}
{"obj": {"type": "LogFloats", "path": ["EM"], "values": [{"value": 0.0, "step": null, "ts": 1723880206.8911278}]}, "version": 40, "at": 1723880206.8911278}
{"obj": {"type": "LogFloats", "path": ["Relaxed correctness"], "values": [{"value": 0.0, "step": null, "ts": 1723880206.8911278}]}, "version": 41, "at": 1723880206.8911278}
{"obj": {"type": "LogFloats", "path": ["ANLS"], "values": [{"value": 0.0, "step": null, "ts": 1723880206.8911278}]}, "version": 42, "at": 1723880206.8911278}
{"obj": {"type": "LogFloats", "path": ["Loss (Test)"], "values": [{"value": 25.24233563741048, "step": null, "ts": 1723880207.1411657}]}, "version": 43, "at": 1723880207.1411657}
{"obj": {"type": "LogFloats", "path": ["EM"], "values": [{"value": 0.0, "step": null, "ts": 1723880207.1411657}]}, "version": 44, "at": 1723880207.1411657}
{"obj": {"type": "LogFloats", "path": ["Relaxed correctness"], "values": [{"value": 0.0, "step": null, "ts": 1723880207.1411657}]}, "version": 45, "at": 1723880207.1411657}
{"obj": {"type": "LogFloats", "path": ["ANLS"], "values": [{"value": 0.0, "step": null, "ts": 1723880207.1411657}]}, "version": 46, "at": 1723880207.1411657}
{"obj": {"type": "LogFloats", "path": ["Loss (Test)"], "values": [{"value": 25.34950199127197, "step": null, "ts": 1723880207.3871813}]}, "version": 47, "at": 1723880207.3871813}
{"obj": {"type": "LogFloats", "path": ["EM"], "values": [{"value": 0.0, "step": null, "ts": 1723880207.3871813}]}, "version": 48, "at": 1723880207.3871813}
{"obj": {"type": "LogFloats", "path": ["Relaxed correctness"], "values": [{"value": 0.0, "step": null, "ts": 1723880207.3871813}]}, "version": 49, "at": 1723880207.3871813}
{"obj": {"type": "LogFloats", "path": ["ANLS"], "values": [{"value": 0.0, "step": null, "ts": 1723880207.3871813}]}, "version": 50, "at": 1723880207.3871813}
{"obj": {"type": "LogFloats", "path": ["Loss (Test)"], "values": [{"value": 25.22530018199574, "step": null, "ts": 1723880207.7582817}]}, "version": 51, "at": 1723880207.7582817}
{"obj": {"type": "LogFloats", "path": ["EM"], "values": [{"value": 0.0, "step": null, "ts": 1723880207.7582817}]}, "version": 52, "at": 1723880207.7582817}
{"obj": {"type": "LogFloats", "path": ["Relaxed correctness"], "values": [{"value": 0.0, "step": null, "ts": 1723880207.7582817}]}, "version": 53, "at": 1723880207.7582817}
{"obj": {"type": "LogFloats", "path": ["ANLS"], "values": [{"value": 0.0, "step": null, "ts": 1723880207.7582817}]}, "version": 54, "at": 1723880207.7582817}
{"obj": {"type": "LogFloats", "path": ["Loss (Test)"], "values": [{"value": 26.066718737284344, "step": null, "ts": 1723880207.9762833}]}, "version": 55, "at": 1723880207.977283}
{"obj": {"type": "LogFloats", "path": ["EM"], "values": [{"value": 0.0, "step": null, "ts": 1723880207.977283}]}, "version": 56, "at": 1723880207.977283}
{"obj": {"type": "LogFloats", "path": ["Relaxed correctness"], "values": [{"value": 0.0, "step": null, "ts": 1723880207.977283}]}, "version": 57, "at": 1723880207.977283}
{"obj": {"type": "LogFloats", "path": ["ANLS"], "values": [{"value": 0.08333333333333333, "step": null, "ts": 1723880207.977283}]}, "version": 58, "at": 1723880207.977283}
{"obj": {"type": "LogFloats", "path": ["Loss (Test)"], "values": [{"value": 24.508677335885857, "step": null, "ts": 1723880208.3092847}]}, "version": 59, "at": 1723880208.3092847}
{"obj": {"type": "LogFloats", "path": ["EM"], "values": [{"value": 0.0, "step": null, "ts": 1723880208.3092847}]}, "version": 60, "at": 1723880208.3092847}
{"obj": {"type": "LogFloats", "path": ["Relaxed correctness"], "values": [{"value": 0.0, "step": null, "ts": 1723880208.310283}]}, "version": 61, "at": 1723880208.310283}
{"obj": {"type": "LogFloats", "path": ["ANLS"], "values": [{"value": 0.07692307692307693, "step": null, "ts": 1723880208.3112824}]}, "version": 62, "at": 1723880208.3112824}
{"obj": {"type": "LogFloats", "path": ["Loss (Test)"], "values": [{"value": 24.353721141815186, "step": null, "ts": 1723880208.6553524}]}, "version": 63, "at": 1723880208.6553524}
{"obj": {"type": "LogFloats", "path": ["EM"], "values": [{"value": 0.0, "step": null, "ts": 1723880208.6553524}]}, "version": 64, "at": 1723880208.6553524}
{"obj": {"type": "LogFloats", "path": ["Relaxed correctness"], "values": [{"value": 0.0, "step": null, "ts": 1723880208.6553524}]}, "version": 65, "at": 1723880208.6553524}
{"obj": {"type": "LogFloats", "path": ["ANLS"], "values": [{"value": 0.07142857142857142, "step": null, "ts": 1723880208.6553524}]}, "version": 66, "at": 1723880208.6553524}
{"obj": {"type": "LogFloats", "path": ["Loss (Test)"], "values": [{"value": 24.3982027053833, "step": null, "ts": 1723880208.8743865}]}, "version": 67, "at": 1723880208.8743865}
{"obj": {"type": "LogFloats", "path": ["EM"], "values": [{"value": 0.0, "step": null, "ts": 1723880208.8743865}]}, "version": 68, "at": 1723880208.8743865}
{"obj": {"type": "LogFloats", "path": ["Relaxed correctness"], "values": [{"value": 0.0, "step": null, "ts": 1723880208.8743865}]}, "version": 69, "at": 1723880208.8743865}
{"obj": {"type": "LogFloats", "path": ["ANLS"], "values": [{"value": 0.06666666666666667, "step": null, "ts": 1723880208.8743865}]}, "version": 70, "at": 1723880208.8743865}
{"obj": {"type": "LogFloats", "path": ["Loss (Test)"], "values": [{"value": 24.435316026210785, "step": null, "ts": 1723880209.2243876}]}, "version": 71, "at": 1723880209.2243876}
{"obj": {"type": "LogFloats", "path": ["EM"], "values": [{"value": 0.0, "step": null, "ts": 1723880209.2243876}]}, "version": 72, "at": 1723880209.2243876}
{"obj": {"type": "LogFloats", "path": ["Relaxed correctness"], "values": [{"value": 0.0, "step": null, "ts": 1723880209.2243876}]}, "version": 73, "at": 1723880209.2243876}
{"obj": {"type": "LogFloats", "path": ["ANLS"], "values": [{"value": 0.0625, "step": null, "ts": 1723880209.2243876}]}, "version": 74, "at": 1723880209.2243876}
{"obj": {"type": "LogFloats", "path": ["Loss (Test)"], "values": [{"value": 24.31068212845746, "step": null, "ts": 1723880209.4444256}]}, "version": 75, "at": 1723880209.4444256}
{"obj": {"type": "LogFloats", "path": ["EM"], "values": [{"value": 0.0, "step": null, "ts": 1723880209.4444256}]}, "version": 76, "at": 1723880209.4444256}
{"obj": {"type": "LogFloats", "path": ["Relaxed correctness"], "values": [{"value": 0.0, "step": null, "ts": 1723880209.4444256}]}, "version": 77, "at": 1723880209.4444256}
{"obj": {"type": "LogFloats", "path": ["ANLS"], "values": [{"value": 0.058823529411764705, "step": null, "ts": 1723880209.4444256}]}, "version": 78, "at": 1723880209.4444256}
{"obj": {"type": "LogFloats", "path": ["Loss (Test)"], "values": [{"value": 24.38311741087172, "step": null, "ts": 1723880209.7034228}]}, "version": 79, "at": 1723880209.7034228}
{"obj": {"type": "LogFloats", "path": ["EM"], "values": [{"value": 0.0, "step": null, "ts": 1723880209.7034228}]}, "version": 80, "at": 1723880209.7034228}
{"obj": {"type": "LogFloats", "path": ["Relaxed correctness"], "values": [{"value": 0.0, "step": null, "ts": 1723880209.7034228}]}, "version": 81, "at": 1723880209.7034228}
{"obj": {"type": "LogFloats", "path": ["ANLS"], "values": [{"value": 0.05555555555555555, "step": null, "ts": 1723880209.7034228}]}, "version": 82, "at": 1723880209.7034228}
{"obj": {"type": "LogFloats", "path": ["Loss (Test)"], "values": [{"value": 24.33866556067216, "step": null, "ts": 1723880210.064687}]}, "version": 83, "at": 1723880210.064687}
{"obj": {"type": "LogFloats", "path": ["EM"], "values": [{"value": 0.0, "step": null, "ts": 1723880210.064687}]}, "version": 84, "at": 1723880210.064687}
{"obj": {"type": "LogFloats", "path": ["Relaxed correctness"], "values": [{"value": 0.0, "step": null, "ts": 1723880210.064687}]}, "version": 85, "at": 1723880210.064687}
{"obj": {"type": "LogFloats", "path": ["ANLS"], "values": [{"value": 0.05263157894736842, "step": null, "ts": 1723880210.064687}]}, "version": 86, "at": 1723880210.064687}
{"obj": {"type": "LogFloats", "path": ["Loss (Test)"], "values": [{"value": 24.48572211265564, "step": null, "ts": 1723880210.2953029}]}, "version": 87, "at": 1723880210.2953029}
{"obj": {"type": "LogFloats", "path": ["EM"], "values": [{"value": 0.0, "step": null, "ts": 1723880210.2953029}]}, "version": 88, "at": 1723880210.2953029}
{"obj": {"type": "LogFloats", "path": ["Relaxed correctness"], "values": [{"value": 0.0, "step": null, "ts": 1723880210.2953029}]}, "version": 89, "at": 1723880210.2953029}
{"obj": {"type": "LogFloats", "path": ["ANLS"], "values": [{"value": 0.1, "step": null, "ts": 1723880210.2953029}]}, "version": 90, "at": 1723880210.2953029}
{"obj": {"type": "LogFloats", "path": ["Loss (Test)"], "values": [{"value": 24.764311063857306, "step": null, "ts": 1723880210.503303}]}, "version": 91, "at": 1723880210.503303}
{"obj": {"type": "LogFloats", "path": ["EM"], "values": [{"value": 0.0, "step": null, "ts": 1723880210.503303}]}, "version": 92, "at": 1723880210.503303}
{"obj": {"type": "LogFloats", "path": ["Relaxed correctness"], "values": [{"value": 0.0, "step": null, "ts": 1723880210.503303}]}, "version": 93, "at": 1723880210.503303}
{"obj": {"type": "LogFloats", "path": ["ANLS"], "values": [{"value": 0.14285714285714285, "step": null, "ts": 1723880210.503303}]}, "version": 94, "at": 1723880210.503303}
{"obj": {"type": "LogFloats", "path": ["Loss (Test)"], "values": [{"value": 24.818868246945467, "step": null, "ts": 1723880210.7383037}]}, "version": 95, "at": 1723880210.7383037}
{"obj": {"type": "LogFloats", "path": ["EM"], "values": [{"value": 0.0, "step": null, "ts": 1723880210.7383037}]}, "version": 96, "at": 1723880210.7383037}
{"obj": {"type": "LogFloats", "path": ["Relaxed correctness"], "values": [{"value": 0.0, "step": null, "ts": 1723880210.7383037}]}, "version": 97, "at": 1723880210.7383037}
{"obj": {"type": "LogFloats", "path": ["ANLS"], "values": [{"value": 0.13636363636363635, "step": null, "ts": 1723880210.7383037}]}, "version": 98, "at": 1723880210.7383037}
{"obj": {"type": "LogFloats", "path": ["Loss (Test)"], "values": [{"value": 24.861288941424824, "step": null, "ts": 1723880210.965307}]}, "version": 99, "at": 1723880210.965307}
{"obj": {"type": "LogFloats", "path": ["EM"], "values": [{"value": 0.0, "step": null, "ts": 1723880210.965307}]}, "version": 100, "at": 1723880210.965307}
{"obj": {"type": "LogFloats", "path": ["Relaxed correctness"], "values": [{"value": 0.0, "step": null, "ts": 1723880210.9663048}]}, "version": 101, "at": 1723880210.9663048}
{"obj": {"type": "LogFloats", "path": ["ANLS"], "values": [{"value": 0.13043478260869565, "step": null, "ts": 1723880210.9663048}]}, "version": 102, "at": 1723880210.9663048}
{"obj": {"type": "LogFloats", "path": ["Loss (Test)"], "values": [{"value": 24.771662672360737, "step": null, "ts": 1723880211.354386}]}, "version": 103, "at": 1723880211.354386}
{"obj": {"type": "LogFloats", "path": ["EM"], "values": [{"value": 0.0, "step": null, "ts": 1723880211.354386}]}, "version": 104, "at": 1723880211.354386}
{"obj": {"type": "LogFloats", "path": ["Relaxed correctness"], "values": [{"value": 0.0, "step": null, "ts": 1723880211.354386}]}, "version": 105, "at": 1723880211.354386}
{"obj": {"type": "LogFloats", "path": ["ANLS"], "values": [{"value": 0.125, "step": null, "ts": 1723880211.354386}]}, "version": 106, "at": 1723880211.354386}
{"obj": {"type": "LogFloats", "path": ["Loss (Test)"], "values": [{"value": 24.872052421569823, "step": null, "ts": 1723880211.560474}]}, "version": 107, "at": 1723880211.5614736}
{"obj": {"type": "LogFloats", "path": ["EM"], "values": [{"value": 0.0, "step": null, "ts": 1723880211.5614736}]}, "version": 108, "at": 1723880211.5614736}
{"obj": {"type": "LogFloats", "path": ["Relaxed correctness"], "values": [{"value": 0.0, "step": null, "ts": 1723880211.5614736}]}, "version": 109, "at": 1723880211.5614736}
{"obj": {"type": "LogFloats", "path": ["ANLS"], "values": [{"value": 0.12, "step": null, "ts": 1723880211.5614736}]}, "version": 110, "at": 1723880211.5614736}
{"obj": {"type": "LogFloats", "path": ["Loss (Test)"], "values": [{"value": 24.769381559812107, "step": null, "ts": 1723880211.9155154}]}, "version": 111, "at": 1723880211.9155154}
{"obj": {"type": "LogFloats", "path": ["EM"], "values": [{"value": 0.0, "step": null, "ts": 1723880211.9155154}]}, "version": 112, "at": 1723880211.9155154}
{"obj": {"type": "LogFloats", "path": ["Relaxed correctness"], "values": [{"value": 0.0, "step": null, "ts": 1723880211.9155154}]}, "version": 113, "at": 1723880211.9155154}
{"obj": {"type": "LogFloats", "path": ["ANLS"], "values": [{"value": 0.11538461538461539, "step": null, "ts": 1723880211.9155154}]}, "version": 114, "at": 1723880211.9155154}
{"obj": {"type": "LogFloats", "path": ["Loss (Test)"], "values": [{"value": 24.769453861095286, "step": null, "ts": 1723880212.1725156}]}, "version": 115, "at": 1723880212.1725156}
{"obj": {"type": "LogFloats", "path": ["EM"], "values": [{"value": 0.0, "step": null, "ts": 1723880212.1725156}]}, "version": 116, "at": 1723880212.1725156}
{"obj": {"type": "LogFloats", "path": ["Relaxed correctness"], "values": [{"value": 0.0, "step": null, "ts": 1723880212.1725156}]}, "version": 117, "at": 1723880212.1725156}
{"obj": {"type": "LogFloats", "path": ["ANLS"], "values": [{"value": 0.1111111111111111, "step": null, "ts": 1723880212.1735156}]}, "version": 118, "at": 1723880212.1735156}
{"obj": {"type": "LogFloats", "path": ["Loss (Test)"], "values": [{"value": 24.72764767919268, "step": null, "ts": 1723880212.4645731}]}, "version": 119, "at": 1723880212.4645731}
{"obj": {"type": "LogFloats", "path": ["EM"], "values": [{"value": 0.0, "step": null, "ts": 1723880212.4645731}]}, "version": 120, "at": 1723880212.4645731}
{"obj": {"type": "LogFloats", "path": ["Relaxed correctness"], "values": [{"value": 0.0, "step": null, "ts": 1723880212.4645731}]}, "version": 121, "at": 1723880212.4645731}
{"obj": {"type": "LogFloats", "path": ["ANLS"], "values": [{"value": 0.10714285714285714, "step": null, "ts": 1723880212.4645731}]}, "version": 122, "at": 1723880212.4645731}
{"obj": {"type": "LogFloats", "path": ["Loss (Test)"], "values": [{"value": 24.755137509313123, "step": null, "ts": 1723880212.6736064}]}, "version": 123, "at": 1723880212.6736064}
{"obj": {"type": "LogFloats", "path": ["EM"], "values": [{"value": 0.0, "step": null, "ts": 1723880212.6736064}]}, "version": 124, "at": 1723880212.6736064}
{"obj": {"type": "LogFloats", "path": ["Relaxed correctness"], "values": [{"value": 0.0, "step": null, "ts": 1723880212.6736064}]}, "version": 125, "at": 1723880212.6736064}
{"obj": {"type": "LogFloats", "path": ["ANLS"], "values": [{"value": 0.10344827586206896, "step": null, "ts": 1723880212.6736064}]}, "version": 126, "at": 1723880212.6736064}
{"obj": {"type": "LogFloats", "path": ["Loss (Test)"], "values": [{"value": 24.991478888193765, "step": null, "ts": 1723880212.9426277}]}, "version": 127, "at": 1723880212.9426277}
{"obj": {"type": "LogFloats", "path": ["EM"], "values": [{"value": 0.0, "step": null, "ts": 1723880212.9426277}]}, "version": 128, "at": 1723880212.9426277}
{"obj": {"type": "LogFloats", "path": ["Relaxed correctness"], "values": [{"value": 0.0, "step": null, "ts": 1723880212.9426277}]}, "version": 129, "at": 1723880212.9426277}
{"obj": {"type": "LogFloats", "path": ["ANLS"], "values": [{"value": 0.13333333333333333, "step": null, "ts": 1723880212.9426277}]}, "version": 130, "at": 1723880212.9426277}
{"obj": {"type": "LogFloats", "path": ["Loss (Test)"], "values": [{"value": 24.931647731411843, "step": null, "ts": 1723880213.2616267}]}, "version": 131, "at": 1723880213.2616267}
{"obj": {"type": "LogFloats", "path": ["EM"], "values": [{"value": 0.0, "step": null, "ts": 1723880213.2616267}]}, "version": 132, "at": 1723880213.2616267}
{"obj": {"type": "LogFloats", "path": ["Relaxed correctness"], "values": [{"value": 0.0, "step": null, "ts": 1723880213.2616267}]}, "version": 133, "at": 1723880213.2616267}
{"obj": {"type": "LogFloats", "path": ["ANLS"], "values": [{"value": 0.12903225806451613, "step": null, "ts": 1723880213.2616267}]}, "version": 134, "at": 1723880213.2616267}
{"obj": {"type": "LogFloats", "path": ["Loss (Test)"], "values": [{"value": 24.868915170431137, "step": null, "ts": 1723880213.6877356}]}, "version": 135, "at": 1723880213.6877356}
{"obj": {"type": "LogFloats", "path": ["EM"], "values": [{"value": 0.0, "step": null, "ts": 1723880213.6877356}]}, "version": 136, "at": 1723880213.6877356}
{"obj": {"type": "LogFloats", "path": ["Relaxed correctness"], "values": [{"value": 0.0, "step": null, "ts": 1723880213.6877356}]}, "version": 137, "at": 1723880213.6877356}
{"obj": {"type": "LogFloats", "path": ["ANLS"], "values": [{"value": 0.125, "step": null, "ts": 1723880213.6877356}]}, "version": 138, "at": 1723880213.6877356}
{"obj": {"type": "LogFloats", "path": ["Loss (Test)"], "values": [{"value": 24.85183857426499, "step": null, "ts": 1723880213.980771}]}, "version": 139, "at": 1723880213.980771}
{"obj": {"type": "LogFloats", "path": ["EM"], "values": [{"value": 0.0, "step": null, "ts": 1723880213.980771}]}, "version": 140, "at": 1723880213.980771}
{"obj": {"type": "LogFloats", "path": ["Relaxed correctness"], "values": [{"value": 0.0, "step": null, "ts": 1723880213.980771}]}, "version": 141, "at": 1723880213.980771}
{"obj": {"type": "LogFloats", "path": ["ANLS"], "values": [{"value": 0.12121212121212122, "step": null, "ts": 1723880213.980771}]}, "version": 142, "at": 1723880213.980771}
{"obj": {"type": "LogFloats", "path": ["Loss (Test)"], "values": [{"value": 24.994406335494098, "step": null, "ts": 1723880214.183853}]}, "version": 143, "at": 1723880214.183853}
{"obj": {"type": "LogFloats", "path": ["EM"], "values": [{"value": 0.0, "step": null, "ts": 1723880214.183853}]}, "version": 144, "at": 1723880214.183853}
{"obj": {"type": "LogFloats", "path": ["Relaxed correctness"], "values": [{"value": 0.0, "step": null, "ts": 1723880214.183853}]}, "version": 145, "at": 1723880214.1848533}
{"obj": {"type": "LogFloats", "path": ["ANLS"], "values": [{"value": 0.11764705882352941, "step": null, "ts": 1723880214.1848533}]}, "version": 146, "at": 1723880214.1848533}
{"obj": {"type": "LogFloats", "path": ["Loss (Test)"], "values": [{"value": 24.96335713522775, "step": null, "ts": 1723880214.5239093}]}, "version": 147, "at": 1723880214.5239093}
{"obj": {"type": "LogFloats", "path": ["EM"], "values": [{"value": 0.0, "step": null, "ts": 1723880214.5239093}]}, "version": 148, "at": 1723880214.5239093}
{"obj": {"type": "LogFloats", "path": ["Relaxed correctness"], "values": [{"value": 0.0, "step": null, "ts": 1723880214.5239093}]}, "version": 149, "at": 1723880214.5239093}
{"obj": {"type": "LogFloats", "path": ["ANLS"], "values": [{"value": 0.11428571428571428, "step": null, "ts": 1723880214.5239093}]}, "version": 150, "at": 1723880214.5239093}
{"obj": {"type": "LogFloats", "path": ["Loss (Test)"], "values": [{"value": 25.156406270133125, "step": null, "ts": 1723880214.7299573}]}, "version": 151, "at": 1723880214.7299573}
{"obj": {"type": "LogFloats", "path": ["EM"], "values": [{"value": 0.0, "step": null, "ts": 1723880214.7299573}]}, "version": 152, "at": 1723880214.7299573}
{"obj": {"type": "LogFloats", "path": ["Relaxed correctness"], "values": [{"value": 0.0, "step": null, "ts": 1723880214.7299573}]}, "version": 153, "at": 1723880214.7299573}
{"obj": {"type": "LogFloats", "path": ["ANLS"], "values": [{"value": 0.1388888888888889, "step": null, "ts": 1723880214.7299573}]}, "version": 154, "at": 1723880214.7299573}
{"obj": {"type": "LogFloats", "path": ["Loss (Test)"], "values": [{"value": 25.21347868120348, "step": null, "ts": 1723880214.971958}]}, "version": 155, "at": 1723880214.971958}
{"obj": {"type": "LogFloats", "path": ["EM"], "values": [{"value": 0.0, "step": null, "ts": 1723880214.971958}]}, "version": 156, "at": 1723880214.971958}
{"obj": {"type": "LogFloats", "path": ["Relaxed correctness"], "values": [{"value": 0.0, "step": null, "ts": 1723880214.971958}]}, "version": 157, "at": 1723880214.971958}
{"obj": {"type": "LogFloats", "path": ["ANLS"], "values": [{"value": 0.13513513513513514, "step": null, "ts": 1723880214.971958}]}, "version": 158, "at": 1723880214.971958}
{"obj": {"type": "LogFloats", "path": ["Loss (Test)"], "values": [{"value": 25.105963732066908, "step": null, "ts": 1723880215.3149595}]}, "version": 159, "at": 1723880215.3149595}
{"obj": {"type": "LogFloats", "path": ["EM"], "values": [{"value": 0.0, "step": null, "ts": 1723880215.3149595}]}, "version": 160, "at": 1723880215.3149595}
{"obj": {"type": "LogFloats", "path": ["Relaxed correctness"], "values": [{"value": 0.0, "step": null, "ts": 1723880215.3149595}]}, "version": 161, "at": 1723880215.3149595}
{"obj": {"type": "LogFloats", "path": ["ANLS"], "values": [{"value": 0.13157894736842105, "step": null, "ts": 1723880215.3149595}]}, "version": 162, "at": 1723880215.3149595}
{"obj": {"type": "LogFloats", "path": ["Loss (Test)"], "values": [{"value": 25.31172373355963, "step": null, "ts": 1723880215.5300183}]}, "version": 163, "at": 1723880215.5300183}
{"obj": {"type": "LogFloats", "path": ["EM"], "values": [{"value": 0.0, "step": null, "ts": 1723880215.5300183}]}, "version": 164, "at": 1723880215.5300183}
{"obj": {"type": "LogFloats", "path": ["Relaxed correctness"], "values": [{"value": 0.0, "step": null, "ts": 1723880215.5300183}]}, "version": 165, "at": 1723880215.5300183}
{"obj": {"type": "LogFloats", "path": ["ANLS"], "values": [{"value": 0.15384615384615385, "step": null, "ts": 1723880215.5300183}]}, "version": 166, "at": 1723880215.5300183}
{"obj": {"type": "LogFloats", "path": ["Loss (Test)"], "values": [{"value": 25.258191752433778, "step": null, "ts": 1723880215.8170428}]}, "version": 167, "at": 1723880215.8170428}
{"obj": {"type": "LogFloats", "path": ["EM"], "values": [{"value": 0.0, "step": null, "ts": 1723880215.8170428}]}, "version": 168, "at": 1723880215.8170428}
{"obj": {"type": "LogFloats", "path": ["Relaxed correctness"], "values": [{"value": 0.0, "step": null, "ts": 1723880215.8170428}]}, "version": 169, "at": 1723880215.8170428}
{"obj": {"type": "LogFloats", "path": ["ANLS"], "values": [{"value": 0.15, "step": null, "ts": 1723880215.8170428}]}, "version": 170, "at": 1723880215.8170428}
{"obj": {"type": "LogFloats", "path": ["Loss (Test)"], "values": [{"value": 25.24063429018346, "step": null, "ts": 1723880216.1040428}]}, "version": 171, "at": 1723880216.1040428}
{"obj": {"type": "LogFloats", "path": ["EM"], "values": [{"value": 0.0, "step": null, "ts": 1723880216.1040428}]}, "version": 172, "at": 1723880216.1040428}
{"obj": {"type": "LogFloats", "path": ["Relaxed correctness"], "values": [{"value": 0.0, "step": null, "ts": 1723880216.1040428}]}, "version": 173, "at": 1723880216.1040428}
{"obj": {"type": "LogFloats", "path": ["ANLS"], "values": [{"value": 0.14634146341463414, "step": null, "ts": 1723880216.1040428}]}, "version": 174, "at": 1723880216.1040428}
{"obj": {"type": "LogFloats", "path": ["Loss (Test)"], "values": [{"value": 25.19092671076457, "step": null, "ts": 1723880216.4640977}]}, "version": 175, "at": 1723880216.4640977}
{"obj": {"type": "LogFloats", "path": ["EM"], "values": [{"value": 0.0, "step": null, "ts": 1723880216.4640977}]}, "version": 176, "at": 1723880216.4640977}
{"obj": {"type": "LogFloats", "path": ["Relaxed correctness"], "values": [{"value": 0.0, "step": null, "ts": 1723880216.4650977}]}, "version": 177, "at": 1723880216.4650977}
{"obj": {"type": "LogFloats", "path": ["ANLS"], "values": [{"value": 0.14285714285714285, "step": null, "ts": 1723880216.4650977}]}, "version": 178, "at": 1723880216.4650977}
{"obj": {"type": "LogFloats", "path": ["Loss (Test)"], "values": [{"value": 25.22639174794042, "step": null, "ts": 1723880216.6970959}]}, "version": 179, "at": 1723880216.6970959}
{"obj": {"type": "LogFloats", "path": ["EM"], "values": [{"value": 0.0, "step": null, "ts": 1723880216.6970959}]}, "version": 180, "at": 1723880216.6970959}
{"obj": {"type": "LogFloats", "path": ["Relaxed correctness"], "values": [{"value": 0.0, "step": null, "ts": 1723880216.6970959}]}, "version": 181, "at": 1723880216.6970959}
{"obj": {"type": "LogFloats", "path": ["ANLS"], "values": [{"value": 0.13953488372093023, "step": null, "ts": 1723880216.6970959}]}, "version": 182, "at": 1723880216.6970959}
{"obj": {"type": "LogFloats", "path": ["Loss (Test)"], "values": [{"value": 25.17578807744113, "step": null, "ts": 1723880216.988099}]}, "version": 183, "at": 1723880216.988099}
{"obj": {"type": "LogFloats", "path": ["EM"], "values": [{"value": 0.0, "step": null, "ts": 1723880216.9890974}]}, "version": 184, "at": 1723880216.9890974}
{"obj": {"type": "LogFloats", "path": ["Relaxed correctness"], "values": [{"value": 0.0, "step": null, "ts": 1723880216.9890974}]}, "version": 185, "at": 1723880216.9890974}
{"obj": {"type": "LogFloats", "path": ["ANLS"], "values": [{"value": 0.13636363636363635, "step": null, "ts": 1723880216.9890974}]}, "version": 186, "at": 1723880216.9890974}
{"obj": {"type": "LogFloats", "path": ["Loss (Test)"], "values": [{"value": 25.209150293138293, "step": null, "ts": 1723880217.221096}]}, "version": 187, "at": 1723880217.221096}
{"obj": {"type": "LogFloats", "path": ["EM"], "values": [{"value": 0.0, "step": null, "ts": 1723880217.222096}]}, "version": 188, "at": 1723880217.222096}
{"obj": {"type": "LogFloats", "path": ["Relaxed correctness"], "values": [{"value": 0.0, "step": null, "ts": 1723880217.222096}]}, "version": 189, "at": 1723880217.222096}
{"obj": {"type": "LogFloats", "path": ["ANLS"], "values": [{"value": 0.15555555555555556, "step": null, "ts": 1723880217.222096}]}, "version": 190, "at": 1723880217.222096}
{"obj": {"type": "LogFloats", "path": ["Loss (Test)"], "values": [{"value": 25.293061940566353, "step": null, "ts": 1723880217.4490976}]}, "version": 191, "at": 1723880217.4490976}
{"obj": {"type": "LogFloats", "path": ["EM"], "values": [{"value": 0.0, "step": null, "ts": 1723880217.4490976}]}, "version": 192, "at": 1723880217.4490976}
{"obj": {"type": "LogFloats", "path": ["Relaxed correctness"], "values": [{"value": 0.0, "step": null, "ts": 1723880217.4490976}]}, "version": 193, "at": 1723880217.4490976}
{"obj": {"type": "LogFloats", "path": ["ANLS"], "values": [{"value": 0.15217391304347827, "step": null, "ts": 1723880217.4490976}]}, "version": 194, "at": 1723880217.4490976}
{"obj": {"type": "LogFloats", "path": ["Loss (Test)"], "values": [{"value": 25.26338948594763, "step": null, "ts": 1723880217.7210963}]}, "version": 195, "at": 1723880217.7210963}
{"obj": {"type": "LogFloats", "path": ["EM"], "values": [{"value": 0.0, "step": null, "ts": 1723880217.7220974}]}, "version": 196, "at": 1723880217.7220974}
{"obj": {"type": "LogFloats", "path": ["Relaxed correctness"], "values": [{"value": 0.0, "step": null, "ts": 1723880217.7220974}]}, "version": 197, "at": 1723880217.7220974}
{"obj": {"type": "LogFloats", "path": ["ANLS"], "values": [{"value": 0.14893617021276595, "step": null, "ts": 1723880217.7220974}]}, "version": 198, "at": 1723880217.7220974}
{"obj": {"type": "LogFloats", "path": ["Loss (Test)"], "values": [{"value": 25.406942188739777, "step": null, "ts": 1723880217.9731503}]}, "version": 199, "at": 1723880217.9731503}
{"obj": {"type": "LogFloats", "path": ["EM"], "values": [{"value": 0.0, "step": null, "ts": 1723880217.9731503}]}, "version": 200, "at": 1723880217.9731503}
{"obj": {"type": "LogFloats", "path": ["Relaxed correctness"], "values": [{"value": 0.0, "step": null, "ts": 1723880217.9731503}]}, "version": 201, "at": 1723880217.9731503}
{"obj": {"type": "LogFloats", "path": ["ANLS"], "values": [{"value": 0.14583333333333334, "step": null, "ts": 1723880217.9731503}]}, "version": 202, "at": 1723880217.9731503}
{"obj": {"type": "LogFloats", "path": ["Loss (Test)"], "values": [{"value": 25.42672774256492, "step": null, "ts": 1723880218.1992056}]}, "version": 203, "at": 1723880218.1992056}
{"obj": {"type": "LogFloats", "path": ["EM"], "values": [{"value": 0.0, "step": null, "ts": 1723880218.1992056}]}, "version": 204, "at": 1723880218.1992056}
{"obj": {"type": "LogFloats", "path": ["Relaxed correctness"], "values": [{"value": 0.0, "step": null, "ts": 1723880218.1992056}]}, "version": 205, "at": 1723880218.1992056}
{"obj": {"type": "LogFloats", "path": ["ANLS"], "values": [{"value": 0.14285714285714285, "step": null, "ts": 1723880218.1992056}]}, "version": 206, "at": 1723880218.1992056}
{"obj": {"type": "LogFloats", "path": ["Loss (Test)"], "values": [{"value": 25.384744052886962, "step": null, "ts": 1723880218.4982753}]}, "version": 207, "at": 1723880218.4982753}
{"obj": {"type": "LogFloats", "path": ["EM"], "values": [{"value": 0.0, "step": null, "ts": 1723880218.4982753}]}, "version": 208, "at": 1723880218.4982753}
{"obj": {"type": "LogFloats", "path": ["Relaxed correctness"], "values": [{"value": 0.0, "step": null, "ts": 1723880218.4992752}]}, "version": 209, "at": 1723880218.4992752}
{"obj": {"type": "LogFloats", "path": ["ANLS"], "values": [{"value": 0.14, "step": null, "ts": 1723880218.4992752}]}, "version": 210, "at": 1723880218.4992752}
{"obj": {"type": "LogFloats", "path": ["Loss (Test)"], "values": [{"value": 25.52607182895436, "step": null, "ts": 1723880218.727286}]}, "version": 211, "at": 1723880218.727286}
{"obj": {"type": "LogFloats", "path": ["EM"], "values": [{"value": 0.0, "step": null, "ts": 1723880218.727286}]}, "version": 212, "at": 1723880218.727286}
{"obj": {"type": "LogFloats", "path": ["Relaxed correctness"], "values": [{"value": 0.0, "step": null, "ts": 1723880218.727286}]}, "version": 213, "at": 1723880218.727286}
{"obj": {"type": "LogFloats", "path": ["ANLS"], "values": [{"value": 0.1568627450980392, "step": null, "ts": 1723880218.727286}]}, "version": 214, "at": 1723880218.727286}
{"obj": {"type": "LogFloats", "path": ["Loss (Test)"], "values": [{"value": 25.58367602641766, "step": null, "ts": 1723880218.949315}]}, "version": 215, "at": 1723880218.949315}
{"obj": {"type": "LogFloats", "path": ["EM"], "values": [{"value": 0.0, "step": null, "ts": 1723880218.949315}]}, "version": 216, "at": 1723880218.949315}
{"obj": {"type": "LogFloats", "path": ["Relaxed correctness"], "values": [{"value": 0.0, "step": null, "ts": 1723880218.949315}]}, "version": 217, "at": 1723880218.949315}
{"obj": {"type": "LogFloats", "path": ["ANLS"], "values": [{"value": 0.15384615384615385, "step": null, "ts": 1723880218.949315}]}, "version": 218, "at": 1723880218.949315}
{"obj": {"type": "LogFloats", "path": ["Loss (Test)"], "values": [{"value": 25.65300529408005, "step": null, "ts": 1723880219.2063136}]}, "version": 219, "at": 1723880219.2063136}
{"obj": {"type": "LogFloats", "path": ["EM"], "values": [{"value": 0.0, "step": null, "ts": 1723880219.2063136}]}, "version": 220, "at": 1723880219.2063136}
{"obj": {"type": "LogFloats", "path": ["Relaxed correctness"], "values": [{"value": 0.0, "step": null, "ts": 1723880219.2063136}]}, "version": 221, "at": 1723880219.2063136}
{"obj": {"type": "LogFloats", "path": ["ANLS"], "values": [{"value": 0.1509433962264151, "step": null, "ts": 1723880219.2063136}]}, "version": 222, "at": 1723880219.2063136}
{"obj": {"type": "LogFloats", "path": ["Loss (Test)"], "values": [{"value": 25.778341876135933, "step": null, "ts": 1723880219.4313738}]}, "version": 223, "at": 1723880219.4313738}
{"obj": {"type": "LogFloats", "path": ["EM"], "values": [{"value": 0.0, "step": null, "ts": 1723880219.4313738}]}, "version": 224, "at": 1723880219.4313738}
{"obj": {"type": "LogFloats", "path": ["Relaxed correctness"], "values": [{"value": 0.0, "step": null, "ts": 1723880219.4313738}]}, "version": 225, "at": 1723880219.4313738}
{"obj": {"type": "LogFloats", "path": ["ANLS"], "values": [{"value": 0.16666666666666666, "step": null, "ts": 1723880219.4313738}]}, "version": 226, "at": 1723880219.4313738}
{"obj": {"type": "LogFloats", "path": ["Loss (Test)"], "values": [{"value": 25.73724824732, "step": null, "ts": 1723880219.758407}]}, "version": 227, "at": 1723880219.758407}
{"obj": {"type": "LogFloats", "path": ["EM"], "values": [{"value": 0.0, "step": null, "ts": 1723880219.758407}]}, "version": 228, "at": 1723880219.758407}
{"obj": {"type": "LogFloats", "path": ["Relaxed correctness"], "values": [{"value": 0.0, "step": null, "ts": 1723880219.758407}]}, "version": 229, "at": 1723880219.758407}
{"obj": {"type": "LogFloats", "path": ["ANLS"], "values": [{"value": 0.16363636363636364, "step": null, "ts": 1723880219.758407}]}, "version": 230, "at": 1723880219.758407}
{"obj": {"type": "LogFloats", "path": ["Loss (Test)"], "values": [{"value": 25.80486258438655, "step": null, "ts": 1723880219.9985523}]}, "version": 231, "at": 1723880219.9995515}
{"obj": {"type": "LogFloats", "path": ["EM"], "values": [{"value": 0.0, "step": null, "ts": 1723880219.9995515}]}, "version": 232, "at": 1723880219.9995515}
{"obj": {"type": "LogFloats", "path": ["Relaxed correctness"], "values": [{"value": 0.0, "step": null, "ts": 1723880219.9995515}]}, "version": 233, "at": 1723880219.9995515}
{"obj": {"type": "LogFloats", "path": ["ANLS"], "values": [{"value": 0.16071428571428573, "step": null, "ts": 1723880219.9995515}]}, "version": 234, "at": 1723880219.9995515}
{"obj": {"type": "LogFloats", "path": ["Loss (Test)"], "values": [{"value": 25.781406954715127, "step": null, "ts": 1723880220.3641706}]}, "version": 235, "at": 1723880220.3641706}
{"obj": {"type": "LogFloats", "path": ["EM"], "values": [{"value": 0.0, "step": null, "ts": 1723880220.3641706}]}, "version": 236, "at": 1723880220.3641706}
{"obj": {"type": "LogFloats", "path": ["Relaxed correctness"], "values": [{"value": 0.0, "step": null, "ts": 1723880220.3641706}]}, "version": 237, "at": 1723880220.3641706}
{"obj": {"type": "LogFloats", "path": ["ANLS"], "values": [{"value": 0.15789473684210525, "step": null, "ts": 1723880220.3641706}]}, "version": 238, "at": 1723880220.3641706}
{"obj": {"type": "LogFloats", "path": ["Loss (Test)"], "values": [{"value": 25.462998727272296, "step": null, "ts": 1723880220.6952298}]}, "version": 239, "at": 1723880220.6952298}
{"obj": {"type": "LogFloats", "path": ["EM"], "values": [{"value": 0.0, "step": null, "ts": 1723880220.6962297}]}, "version": 240, "at": 1723880220.6962297}
{"obj": {"type": "LogFloats", "path": ["Relaxed correctness"], "values": [{"value": 0.0, "step": null, "ts": 1723880220.6962297}]}, "version": 241, "at": 1723880220.6962297}
{"obj": {"type": "LogFloats", "path": ["ANLS"], "values": [{"value": 0.15517241379310345, "step": null, "ts": 1723880220.6962297}]}, "version": 242, "at": 1723880220.6962297}
{"obj": {"type": "LogFloats", "path": ["Loss (Test)"], "values": [{"value": 25.661875167135467, "step": null, "ts": 1723880220.9882998}]}, "version": 243, "at": 1723880220.9882998}
{"obj": {"type": "LogFloats", "path": ["EM"], "values": [{"value": 0.0, "step": null, "ts": 1723880220.9882998}]}, "version": 244, "at": 1723880220.9882998}
{"obj": {"type": "LogFloats", "path": ["Relaxed correctness"], "values": [{"value": 0.0, "step": null, "ts": 1723880220.9882998}]}, "version": 245, "at": 1723880220.9882998}
{"obj": {"type": "LogFloats", "path": ["ANLS"], "values": [{"value": 0.15254237288135594, "step": null, "ts": 1723880220.9882998}]}, "version": 246, "at": 1723880220.9882998}
{"obj": {"type": "LogFloats", "path": ["Loss (Test)"], "values": [{"value": 25.634307964642844, "step": null, "ts": 1723880221.324335}]}, "version": 247, "at": 1723880221.324335}
{"obj": {"type": "LogFloats", "path": ["EM"], "values": [{"value": 0.0, "step": null, "ts": 1723880221.324335}]}, "version": 248, "at": 1723880221.324335}
{"obj": {"type": "LogFloats", "path": ["Relaxed correctness"], "values": [{"value": 0.0, "step": null, "ts": 1723880221.324335}]}, "version": 249, "at": 1723880221.324335}
{"obj": {"type": "LogFloats", "path": ["ANLS"], "values": [{"value": 0.15, "step": null, "ts": 1723880221.324335}]}, "version": 250, "at": 1723880221.324335}
{"obj": {"type": "LogFloats", "path": ["Loss (Test)"], "values": [{"value": 25.730077782615286, "step": null, "ts": 1723880221.5824068}]}, "version": 251, "at": 1723880221.5824068}
{"obj": {"type": "LogFloats", "path": ["EM"], "values": [{"value": 0.0, "step": null, "ts": 1723880221.5824068}]}, "version": 252, "at": 1723880221.5824068}
{"obj": {"type": "LogFloats", "path": ["Relaxed correctness"], "values": [{"value": 0.0, "step": null, "ts": 1723880221.5824068}]}, "version": 253, "at": 1723880221.5824068}
{"obj": {"type": "LogFloats", "path": ["ANLS"], "values": [{"value": 0.14754098360655737, "step": null, "ts": 1723880221.5824068}]}, "version": 254, "at": 1723880221.5824068}
{"obj": {"type": "LogFloats", "path": ["Loss (Test)"], "values": [{"value": 25.699542822376376, "step": null, "ts": 1723880221.8794065}]}, "version": 255, "at": 1723880221.8794065}
{"obj": {"type": "LogFloats", "path": ["EM"], "values": [{"value": 0.0, "step": null, "ts": 1723880221.8794065}]}, "version": 256, "at": 1723880221.8794065}
{"obj": {"type": "LogFloats", "path": ["Relaxed correctness"], "values": [{"value": 0.0, "step": null, "ts": 1723880221.8794065}]}, "version": 257, "at": 1723880221.8794065}
{"obj": {"type": "LogFloats", "path": ["ANLS"], "values": [{"value": 0.14516129032258066, "step": null, "ts": 1723880221.8794065}]}, "version": 258, "at": 1723880221.8794065}
{"obj": {"type": "LogFloats", "path": ["Loss (Test)"], "values": [{"value": 25.792377782246422, "step": null, "ts": 1723880222.091405}]}, "version": 259, "at": 1723880222.091405}
{"obj": {"type": "LogFloats", "path": ["EM"], "values": [{"value": 0.0, "step": null, "ts": 1723880222.0924048}]}, "version": 260, "at": 1723880222.0924048}
{"obj": {"type": "LogFloats", "path": ["Relaxed correctness"], "values": [{"value": 0.0, "step": null, "ts": 1723880222.0924048}]}, "version": 261, "at": 1723880222.0924048}
{"obj": {"type": "LogFloats", "path": ["ANLS"], "values": [{"value": 0.15873015873015872, "step": null, "ts": 1723880222.0924048}]}, "version": 262, "at": 1723880222.0924048}
{"obj": {"type": "LogFloats", "path": ["Loss (Test)"], "values": [{"value": 25.763844914734364, "step": null, "ts": 1723880222.3484576}]}, "version": 263, "at": 1723880222.3484576}
{"obj": {"type": "LogFloats", "path": ["EM"], "values": [{"value": 0.0, "step": null, "ts": 1723880222.3494556}]}, "version": 264, "at": 1723880222.3494556}
{"obj": {"type": "LogFloats", "path": ["Relaxed correctness"], "values": [{"value": 0.0, "step": null, "ts": 1723880222.3494556}]}, "version": 265, "at": 1723880222.3494556}
{"obj": {"type": "LogFloats", "path": ["ANLS"], "values": [{"value": 0.15625, "step": null, "ts": 1723880222.3494556}]}, "version": 266, "at": 1723880222.3494556}
{"obj": {"type": "LogFloats", "path": ["Loss (Test)"], "values": [{"value": 25.85743629015409, "step": null, "ts": 1723880222.5585139}]}, "version": 267, "at": 1723880222.5585139}
{"obj": {"type": "LogFloats", "path": ["EM"], "values": [{"value": 0.0, "step": null, "ts": 1723880222.5585139}]}, "version": 268, "at": 1723880222.5585139}
{"obj": {"type": "LogFloats", "path": ["Relaxed correctness"], "values": [{"value": 0.0, "step": null, "ts": 1723880222.5585139}]}, "version": 269, "at": 1723880222.5585139}
{"obj": {"type": "LogFloats", "path": ["ANLS"], "values": [{"value": 0.16923076923076924, "step": null, "ts": 1723880222.5585139}]}, "version": 270, "at": 1723880222.5585139}
{"obj": {"type": "LogFloats", "path": ["Loss (Test)"], "values": [{"value": 25.538493886138454, "step": null, "ts": 1723880222.8885155}]}, "version": 271, "at": 1723880222.8885155}
{"obj": {"type": "LogFloats", "path": ["EM"], "values": [{"value": 0.0, "step": null, "ts": 1723880222.8895152}]}, "version": 272, "at": 1723880222.8895152}
{"obj": {"type": "LogFloats", "path": ["Relaxed correctness"], "values": [{"value": 0.0, "step": null, "ts": 1723880222.8895152}]}, "version": 273, "at": 1723880222.8895152}
{"obj": {"type": "LogFloats", "path": ["ANLS"], "values": [{"value": 0.16666666666666666, "step": null, "ts": 1723880222.8895152}]}, "version": 274, "at": 1723880222.8895152}
{"obj": {"type": "LogFloats", "path": ["Loss (Test)"], "values": [{"value": 25.565141115615617, "step": null, "ts": 1723880223.1155682}]}, "version": 275, "at": 1723880223.1155682}
{"obj": {"type": "LogFloats", "path": ["EM"], "values": [{"value": 0.0, "step": null, "ts": 1723880223.1155682}]}, "version": 276, "at": 1723880223.1155682}
{"obj": {"type": "LogFloats", "path": ["Relaxed correctness"], "values": [{"value": 0.0, "step": null, "ts": 1723880223.1155682}]}, "version": 277, "at": 1723880223.1155682}
{"obj": {"type": "LogFloats", "path": ["ANLS"], "values": [{"value": 0.16417910447761194, "step": null, "ts": 1723880223.1155682}]}, "version": 278, "at": 1723880223.1155682}
{"obj": {"type": "LogFloats", "path": ["Loss (Test)"], "values": [{"value": 25.291490106021655, "step": null, "ts": 1723880223.380568}]}, "version": 279, "at": 1723880223.380568}
{"obj": {"type": "LogFloats", "path": ["EM"], "values": [{"value": 0.0, "step": null, "ts": 1723880223.380568}]}, "version": 280, "at": 1723880223.380568}
{"obj": {"type": "LogFloats", "path": ["Relaxed correctness"], "values": [{"value": 0.0, "step": null, "ts": 1723880223.3815677}]}, "version": 281, "at": 1723880223.3815677}
{"obj": {"type": "LogFloats", "path": ["ANLS"], "values": [{"value": 0.16176470588235295, "step": null, "ts": 1723880223.3815677}]}, "version": 282, "at": 1723880223.3815677}
{"obj": {"type": "LogFloats", "path": ["Loss (Test)"], "values": [{"value": 25.30348299551701, "step": null, "ts": 1723880223.6146321}]}, "version": 283, "at": 1723880223.6146321}
{"obj": {"type": "LogFloats", "path": ["EM"], "values": [{"value": 0.0, "step": null, "ts": 1723880223.6146321}]}, "version": 284, "at": 1723880223.6146321}
{"obj": {"type": "LogFloats", "path": ["Relaxed correctness"], "values": [{"value": 0.0, "step": null, "ts": 1723880223.6146321}]}, "version": 285, "at": 1723880223.6146321}
{"obj": {"type": "LogFloats", "path": ["ANLS"], "values": [{"value": 0.15942028985507245, "step": null, "ts": 1723880223.6146321}]}, "version": 286, "at": 1723880223.6146321}
{"obj": {"type": "LogFloats", "path": ["Loss (Test)"], "values": [{"value": 25.290163585117885, "step": null, "ts": 1723880223.887667}]}, "version": 287, "at": 1723880223.887667}
{"obj": {"type": "LogFloats", "path": ["EM"], "values": [{"value": 0.0, "step": null, "ts": 1723880223.887667}]}, "version": 288, "at": 1723880223.887667}
{"obj": {"type": "LogFloats", "path": ["Relaxed correctness"], "values": [{"value": 0.0, "step": null, "ts": 1723880223.887667}]}, "version": 289, "at": 1723880223.887667}
{"obj": {"type": "LogFloats", "path": ["ANLS"], "values": [{"value": 0.15714285714285714, "step": null, "ts": 1723880223.887667}]}, "version": 290, "at": 1723880223.887667}
{"obj": {"type": "LogFloats", "path": ["Loss (Test)"], "values": [{"value": 25.274360898514868, "step": null, "ts": 1723880224.1996899}]}, "version": 291, "at": 1723880224.1996899}
{"obj": {"type": "LogFloats", "path": ["EM"], "values": [{"value": 0.0, "step": null, "ts": 1723880224.1996899}]}, "version": 292, "at": 1723880224.1996899}
{"obj": {"type": "LogFloats", "path": ["Relaxed correctness"], "values": [{"value": 0.0, "step": null, "ts": 1723880224.1996899}]}, "version": 293, "at": 1723880224.1996899}
{"obj": {"type": "LogFloats", "path": ["ANLS"], "values": [{"value": 0.15492957746478872, "step": null, "ts": 1723880224.1996899}]}, "version": 294, "at": 1723880224.1996899}
{"obj": {"type": "LogFloats", "path": ["Loss (Test)"], "values": [{"value": 25.254475990931194, "step": null, "ts": 1723880224.5367372}]}, "version": 295, "at": 1723880224.5367372}
{"obj": {"type": "LogFloats", "path": ["EM"], "values": [{"value": 0.0, "step": null, "ts": 1723880224.5367372}]}, "version": 296, "at": 1723880224.5367372}
{"obj": {"type": "LogFloats", "path": ["Relaxed correctness"], "values": [{"value": 0.0, "step": null, "ts": 1723880224.5367372}]}, "version": 297, "at": 1723880224.5367372}
{"obj": {"type": "LogFloats", "path": ["ANLS"], "values": [{"value": 0.1527777777777778, "step": null, "ts": 1723880224.5367372}]}, "version": 298, "at": 1723880224.5367372}
{"obj": {"type": "LogFloats", "path": ["Loss (Test)"], "values": [{"value": 25.25565727442911, "step": null, "ts": 1723880224.8219123}]}, "version": 299, "at": 1723880224.8219123}
{"obj": {"type": "LogFloats", "path": ["EM"], "values": [{"value": 0.0, "step": null, "ts": 1723880224.8219123}]}, "version": 300, "at": 1723880224.8219123}
{"obj": {"type": "LogFloats", "path": ["Relaxed correctness"], "values": [{"value": 0.0, "step": null, "ts": 1723880224.8219123}]}, "version": 301, "at": 1723880224.8219123}
{"obj": {"type": "LogFloats", "path": ["ANLS"], "values": [{"value": 0.1506849315068493, "step": null, "ts": 1723880224.8219123}]}, "version": 302, "at": 1723880224.8219123}
{"obj": {"type": "LogFloats", "path": ["Loss (Test)"], "values": [{"value": 25.25374067151869, "step": null, "ts": 1723880225.073911}]}, "version": 303, "at": 1723880225.073911}
{"obj": {"type": "LogFloats", "path": ["EM"], "values": [{"value": 0.0, "step": null, "ts": 1723880225.074911}]}, "version": 304, "at": 1723880225.074911}
{"obj": {"type": "LogFloats", "path": ["Relaxed correctness"], "values": [{"value": 0.0, "step": null, "ts": 1723880225.074911}]}, "version": 305, "at": 1723880225.074911}
{"obj": {"type": "LogFloats", "path": ["ANLS"], "values": [{"value": 0.14864864864864866, "step": null, "ts": 1723880225.074911}]}, "version": 306, "at": 1723880225.074911}
{"obj": {"type": "LogFloats", "path": ["Loss (Test)"], "values": [{"value": 25.272746022542318, "step": null, "ts": 1723880225.2919116}]}, "version": 307, "at": 1723880225.2919116}
{"obj": {"type": "LogFloats", "path": ["EM"], "values": [{"value": 0.0, "step": null, "ts": 1723880225.2919116}]}, "version": 308, "at": 1723880225.2919116}
{"obj": {"type": "LogFloats", "path": ["Relaxed correctness"], "values": [{"value": 0.0, "step": null, "ts": 1723880225.2919116}]}, "version": 309, "at": 1723880225.2919116}
{"obj": {"type": "LogFloats", "path": ["ANLS"], "values": [{"value": 0.14666666666666667, "step": null, "ts": 1723880225.2919116}]}, "version": 310, "at": 1723880225.2919116}
{"obj": {"type": "LogFloats", "path": ["Loss (Test)"], "values": [{"value": 25.283718811838252, "step": null, "ts": 1723880225.5359125}]}, "version": 311, "at": 1723880225.5359125}
{"obj": {"type": "LogFloats", "path": ["EM"], "values": [{"value": 0.0, "step": null, "ts": 1723880225.5369117}]}, "version": 312, "at": 1723880225.5369117}
{"obj": {"type": "LogFloats", "path": ["Relaxed correctness"], "values": [{"value": 0.0, "step": null, "ts": 1723880225.5369117}]}, "version": 313, "at": 1723880225.5369117}
{"obj": {"type": "LogFloats", "path": ["ANLS"], "values": [{"value": 0.15789473684210525, "step": null, "ts": 1723880225.5369117}]}, "version": 314, "at": 1723880225.5369117}
{"obj": {"type": "LogFloats", "path": ["Loss (Test)"], "values": [{"value": 25.24467000094327, "step": null, "ts": 1723880225.817912}]}, "version": 315, "at": 1723880225.817912}
{"obj": {"type": "LogFloats", "path": ["EM"], "values": [{"value": 0.0, "step": null, "ts": 1723880225.817912}]}, "version": 316, "at": 1723880225.817912}
{"obj": {"type": "LogFloats", "path": ["Relaxed correctness"], "values": [{"value": 0.0, "step": null, "ts": 1723880225.817912}]}, "version": 317, "at": 1723880225.817912}
{"obj": {"type": "LogFloats", "path": ["ANLS"], "values": [{"value": 0.15584415584415584, "step": null, "ts": 1723880225.817912}]}, "version": 318, "at": 1723880225.817912}
{"obj": {"type": "LogFloats", "path": ["Loss (Test)"], "values": [{"value": 25.223740577697754, "step": null, "ts": 1723880226.1269143}]}, "version": 319, "at": 1723880226.1269143}
{"obj": {"type": "LogFloats", "path": ["EM"], "values": [{"value": 0.0, "step": null, "ts": 1723880226.1269143}]}, "version": 320, "at": 1723880226.1269143}
{"obj": {"type": "LogFloats", "path": ["Relaxed correctness"], "values": [{"value": 0.0, "step": null, "ts": 1723880226.1269143}]}, "version": 321, "at": 1723880226.1269143}
{"obj": {"type": "LogFloats", "path": ["ANLS"], "values": [{"value": 0.15384615384615385, "step": null, "ts": 1723880226.1279142}]}, "version": 322, "at": 1723880226.1279142}
{"obj": {"type": "LogFloats", "path": ["Loss (Test)"], "values": [{"value": 25.30337985557846, "step": null, "ts": 1723880226.3379962}]}, "version": 323, "at": 1723880226.3379962}
{"obj": {"type": "LogFloats", "path": ["EM"], "values": [{"value": 0.0, "step": null, "ts": 1723880226.3379962}]}, "version": 324, "at": 1723880226.3379962}
{"obj": {"type": "LogFloats", "path": ["Relaxed correctness"], "values": [{"value": 0.0, "step": null, "ts": 1723880226.3379962}]}, "version": 325, "at": 1723880226.3379962}
{"obj": {"type": "LogFloats", "path": ["ANLS"], "values": [{"value": 0.1518987341772152, "step": null, "ts": 1723880226.3379962}]}, "version": 326, "at": 1723880226.3379962}
{"obj": {"type": "LogFloats", "path": ["Loss (Test)"], "values": [{"value": 25.31898901462555, "step": null, "ts": 1723880226.5739958}]}, "version": 327, "at": 1723880226.5739958}
{"obj": {"type": "LogFloats", "path": ["EM"], "values": [{"value": 0.0, "step": null, "ts": 1723880226.5739958}]}, "version": 328, "at": 1723880226.5739958}
{"obj": {"type": "LogFloats", "path": ["Relaxed correctness"], "values": [{"value": 0.0, "step": null, "ts": 1723880226.5739958}]}, "version": 329, "at": 1723880226.5739958}
{"obj": {"type": "LogFloats", "path": ["ANLS"], "values": [{"value": 0.1625, "step": null, "ts": 1723880226.5739958}]}, "version": 330, "at": 1723880226.5739958}
{"obj": {"type": "LogFloats", "path": ["Loss (Test)"], "values": [{"value": 25.29841411260911, "step": null, "ts": 1723880226.948999}]}, "version": 331, "at": 1723880226.948999}
{"obj": {"type": "LogFloats", "path": ["EM"], "values": [{"value": 0.0, "step": null, "ts": 1723880226.948999}]}, "version": 332, "at": 1723880226.948999}
{"obj": {"type": "LogFloats", "path": ["Relaxed correctness"], "values": [{"value": 0.0, "step": null, "ts": 1723880226.948999}]}, "version": 333, "at": 1723880226.948999}
{"obj": {"type": "LogFloats", "path": ["ANLS"], "values": [{"value": 0.16049382716049382, "step": null, "ts": 1723880226.948999}]}, "version": 334, "at": 1723880226.948999}
{"obj": {"type": "LogFloats", "path": ["Loss (Test)"], "values": [{"value": 25.320707530510134, "step": null, "ts": 1723880227.195998}]}, "version": 335, "at": 1723880227.195998}
{"obj": {"type": "LogFloats", "path": ["EM"], "values": [{"value": 0.0, "step": null, "ts": 1723880227.195998}]}, "version": 336, "at": 1723880227.195998}
{"obj": {"type": "LogFloats", "path": ["Relaxed correctness"], "values": [{"value": 0.0, "step": null, "ts": 1723880227.195998}]}, "version": 337, "at": 1723880227.195998}
{"obj": {"type": "LogFloats", "path": ["ANLS"], "values": [{"value": 0.15853658536585366, "step": null, "ts": 1723880227.195998}]}, "version": 338, "at": 1723880227.195998}
{"obj": {"type": "LogFloats", "path": ["Loss (Test)"], "values": [{"value": 25.33424473957843, "step": null, "ts": 1723880227.4350145}]}, "version": 339, "at": 1723880227.4350145}
{"obj": {"type": "LogFloats", "path": ["EM"], "values": [{"value": 0.0, "step": null, "ts": 1723880227.4350145}]}, "version": 340, "at": 1723880227.4350145}
{"obj": {"type": "LogFloats", "path": ["Relaxed correctness"], "values": [{"value": 0.0, "step": null, "ts": 1723880227.4350145}]}, "version": 341, "at": 1723880227.4350145}
{"obj": {"type": "LogFloats", "path": ["ANLS"], "values": [{"value": 0.1566265060240964, "step": null, "ts": 1723880227.4350145}]}, "version": 342, "at": 1723880227.4350145}
{"obj": {"type": "LogFloats", "path": ["Loss (Test)"], "values": [{"value": 25.330475512005034, "step": null, "ts": 1723880227.6940148}]}, "version": 343, "at": 1723880227.6940148}
{"obj": {"type": "LogFloats", "path": ["EM"], "values": [{"value": 0.0, "step": null, "ts": 1723880227.6940148}]}, "version": 344, "at": 1723880227.6940148}
{"obj": {"type": "LogFloats", "path": ["Relaxed correctness"], "values": [{"value": 0.0, "step": null, "ts": 1723880227.6940148}]}, "version": 345, "at": 1723880227.6940148}
{"obj": {"type": "LogFloats", "path": ["ANLS"], "values": [{"value": 0.15476190476190477, "step": null, "ts": 1723880227.6940148}]}, "version": 346, "at": 1723880227.6940148}
{"obj": {"type": "LogFloats", "path": ["Loss (Test)"], "values": [{"value": 25.373290005852194, "step": null, "ts": 1723880227.917088}]}, "version": 347, "at": 1723880227.917088}
{"obj": {"type": "LogFloats", "path": ["EM"], "values": [{"value": 0.0, "step": null, "ts": 1723880227.918091}]}, "version": 348, "at": 1723880227.918091}
{"obj": {"type": "LogFloats", "path": ["Relaxed correctness"], "values": [{"value": 0.0, "step": null, "ts": 1723880227.918091}]}, "version": 349, "at": 1723880227.918091}
{"obj": {"type": "LogFloats", "path": ["ANLS"], "values": [{"value": 0.15294117647058825, "step": null, "ts": 1723880227.918091}]}, "version": 350, "at": 1723880227.918091}
{"obj": {"type": "LogFloats", "path": ["Loss (Test)"], "values": [{"value": 25.370388785073924, "step": null, "ts": 1723880228.2451227}]}, "version": 351, "at": 1723880228.2451227}
{"obj": {"type": "LogFloats", "path": ["EM"], "values": [{"value": 0.0, "step": null, "ts": 1723880228.2461226}]}, "version": 352, "at": 1723880228.2461226}
{"obj": {"type": "LogFloats", "path": ["Relaxed correctness"], "values": [{"value": 0.0, "step": null, "ts": 1723880228.2461226}]}, "version": 353, "at": 1723880228.2461226}
{"obj": {"type": "LogFloats", "path": ["ANLS"], "values": [{"value": 0.1511627906976744, "step": null, "ts": 1723880228.2461226}]}, "version": 354, "at": 1723880228.2461226}
{"obj": {"type": "LogFloats", "path": ["Loss (Test)"], "values": [{"value": 25.369057907455268, "step": null, "ts": 1723880228.498139}]}, "version": 355, "at": 1723880228.498139}
{"obj": {"type": "LogFloats", "path": ["EM"], "values": [{"value": 0.0, "step": null, "ts": 1723880228.498139}]}, "version": 356, "at": 1723880228.498139}
{"obj": {"type": "LogFloats", "path": ["Relaxed correctness"], "values": [{"value": 0.0, "step": null, "ts": 1723880228.498139}]}, "version": 357, "at": 1723880228.498139}
{"obj": {"type": "LogFloats", "path": ["ANLS"], "values": [{"value": 0.14942528735632185, "step": null, "ts": 1723880228.498139}]}, "version": 358, "at": 1723880228.498139}
{"obj": {"type": "LogFloats", "path": ["Loss (Test)"], "values": [{"value": 25.354123917492952, "step": null, "ts": 1723880228.8221397}]}, "version": 359, "at": 1723880228.8221397}
{"obj": {"type": "LogFloats", "path": ["EM"], "values": [{"value": 0.0, "step": null, "ts": 1723880228.8221397}]}, "version": 360, "at": 1723880228.8221397}
{"obj": {"type": "LogFloats", "path": ["Relaxed correctness"], "values": [{"value": 0.0, "step": null, "ts": 1723880228.8221397}]}, "version": 361, "at": 1723880228.8221397}
{"obj": {"type": "LogFloats", "path": ["ANLS"], "values": [{"value": 0.14772727272727273, "step": null, "ts": 1723880228.8221397}]}, "version": 362, "at": 1723880228.8221397}
{"obj": {"type": "LogFloats", "path": ["Loss (Test)"], "values": [{"value": 25.32223251428497, "step": null, "ts": 1723880229.221139}]}, "version": 363, "at": 1723880229.221139}
{"obj": {"type": "LogFloats", "path": ["EM"], "values": [{"value": 0.0, "step": null, "ts": 1723880229.221139}]}, "version": 364, "at": 1723880229.221139}
{"obj": {"type": "LogFloats", "path": ["Relaxed correctness"], "values": [{"value": 0.0, "step": null, "ts": 1723880229.221139}]}, "version": 365, "at": 1723880229.221139}
{"obj": {"type": "LogFloats", "path": ["ANLS"], "values": [{"value": 0.14606741573033707, "step": null, "ts": 1723880229.221139}]}, "version": 366, "at": 1723880229.221139}
{"obj": {"type": "LogFloats", "path": ["Loss (Test)"], "values": [{"value": 25.31814348432753, "step": null, "ts": 1723880229.511153}]}, "version": 367, "at": 1723880229.512152}
{"obj": {"type": "LogFloats", "path": ["EM"], "values": [{"value": 0.0, "step": null, "ts": 1723880229.512152}]}, "version": 368, "at": 1723880229.512152}
{"obj": {"type": "LogFloats", "path": ["Relaxed correctness"], "values": [{"value": 0.0, "step": null, "ts": 1723880229.512152}]}, "version": 369, "at": 1723880229.512152}
{"obj": {"type": "LogFloats", "path": ["ANLS"], "values": [{"value": 0.14444444444444443, "step": null, "ts": 1723880229.512152}]}, "version": 370, "at": 1723880229.512152}
