{"obj": {"type": "AssignString", "path": ["sys", "name"], "value": "Untitled"}, "version": 1, "at": 1723888034.4518645}
{"obj": {"type": "AssignString", "path": ["sys", "description"], "value": ""}, "version": 2, "at": 1723888034.4518645}
{"obj": {"type": "AssignString", "path": ["monitoring", "c9d3d697", "hostname"], "value": "DESKTOP-SO4DDQB"}, "version": 3, "at": 1723888034.4518645}
{"obj": {"type": "AssignString", "path": ["sys", "hostname"], "value": "DESKTOP-SO4DDQB"}, "version": 4, "at": 1723888034.4518645}
{"obj": {"type": "AssignString", "path": ["monitoring", "c9d3d697", "pid"], "value": "21720"}, "version": 5, "at": 1723888034.4518645}
{"obj": {"type": "AssignString", "path": ["monitoring", "c9d3d697", "tid"], "value": "19824"}, "version": 6, "at": 1723888034.4518645}
{"obj": {"type": "AssignBool", "path": ["sys", "failed"], "value": false}, "version": 7, "at": 1723888034.4518645}
{"obj": {"type": "LogFloats", "path": ["Loss (Train)"], "values": [{"value": 28.424795150756836, "step": null, "ts": 1723888035.9696786}]}, "version": 8, "at": 1723888035.9696786}
{"obj": {"type": "LogFloats", "path": ["Gradient norm"], "values": [{"value": 0.0, "step": null, "ts": 1723888035.9696786}]}, "version": 9, "at": 1723888035.9696786}
{"obj": {"type": "LogFloats", "path": ["Learning rate"], "values": [{"value": 8.333333333333333e-07, "step": null, "ts": 1723888035.9696786}]}, "version": 10, "at": 1723888035.9696786}
{"obj": {"type": "LogFloats", "path": ["Loss (Train)"], "values": [{"value": 25.557540893554688, "step": null, "ts": 1723888036.8701992}]}, "version": 11, "at": 1723888036.8701992}
{"obj": {"type": "LogFloats", "path": ["Gradient norm"], "values": [{"value": 0.0, "step": null, "ts": 1723888036.8701992}]}, "version": 12, "at": 1723888036.8701992}
{"obj": {"type": "LogFloats", "path": ["Learning rate"], "values": [{"value": 1.6666666666666667e-06, "step": null, "ts": 1723888036.8701992}]}, "version": 13, "at": 1723888036.8701992}
{"obj": {"type": "LogFloats", "path": ["Loss (Train)"], "values": [{"value": 23.005964279174805, "step": null, "ts": 1723888037.7641983}]}, "version": 14, "at": 1723888037.7641983}
{"obj": {"type": "LogFloats", "path": ["Gradient norm"], "values": [{"value": 0.0, "step": null, "ts": 1723888037.765199}]}, "version": 15, "at": 1723888037.765199}
{"obj": {"type": "LogFloats", "path": ["Learning rate"], "values": [{"value": 2.5e-06, "step": null, "ts": 1723888037.765199}]}, "version": 16, "at": 1723888037.765199}
{"obj": {"type": "LogFloats", "path": ["Loss (Train)"], "values": [{"value": 27.914098739624023, "step": null, "ts": 1723888038.641126}]}, "version": 17, "at": 1723888038.641126}
{"obj": {"type": "LogFloats", "path": ["Gradient norm"], "values": [{"value": 0.0, "step": null, "ts": 1723888038.641126}]}, "version": 18, "at": 1723888038.641126}
{"obj": {"type": "LogFloats", "path": ["Learning rate"], "values": [{"value": 3.3333333333333333e-06, "step": null, "ts": 1723888038.641126}]}, "version": 19, "at": 1723888038.641126}
{"obj": {"type": "LogFloats", "path": ["Loss (Train)"], "values": [{"value": 27.172744750976562, "step": null, "ts": 1723888039.5281258}]}, "version": 20, "at": 1723888039.5281258}
{"obj": {"type": "LogFloats", "path": ["Gradient norm"], "values": [{"value": 0.0, "step": null, "ts": 1723888039.5281258}]}, "version": 21, "at": 1723888039.5281258}
{"obj": {"type": "LogFloats", "path": ["Learning rate"], "values": [{"value": 4.166666666666667e-06, "step": null, "ts": 1723888039.5281258}]}, "version": 22, "at": 1723888039.5281258}
{"obj": {"type": "LogFloats", "path": ["Loss (Train)"], "values": [{"value": 21.07404899597168, "step": null, "ts": 1723888040.4461267}]}, "version": 23, "at": 1723888040.4461267}
{"obj": {"type": "LogFloats", "path": ["Gradient norm"], "values": [{"value": 0.0, "step": null, "ts": 1723888040.4461267}]}, "version": 24, "at": 1723888040.4461267}
{"obj": {"type": "LogFloats", "path": ["Learning rate"], "values": [{"value": 5e-06, "step": null, "ts": 1723888040.4461267}]}, "version": 25, "at": 1723888040.4461267}
{"obj": {"type": "LogFloats", "path": ["Loss (Train)"], "values": [{"value": 27.115985870361328, "step": null, "ts": 1723888041.4402566}]}, "version": 26, "at": 1723888041.4402566}
{"obj": {"type": "LogFloats", "path": ["Gradient norm"], "values": [{"value": 0.0, "step": null, "ts": 1723888041.4402566}]}, "version": 27, "at": 1723888041.4402566}
{"obj": {"type": "LogFloats", "path": ["Learning rate"], "values": [{"value": 5.833333333333334e-06, "step": null, "ts": 1723888041.4402566}]}, "version": 28, "at": 1723888041.4402566}
{"obj": {"type": "LogFloats", "path": ["Loss (Train)"], "values": [{"value": 19.737079620361328, "step": null, "ts": 1723888042.4073937}]}, "version": 29, "at": 1723888042.4083922}
{"obj": {"type": "LogFloats", "path": ["Gradient norm"], "values": [{"value": 0.0, "step": null, "ts": 1723888042.4083922}]}, "version": 30, "at": 1723888042.4083922}
{"obj": {"type": "LogFloats", "path": ["Learning rate"], "values": [{"value": 6.666666666666667e-06, "step": null, "ts": 1723888042.4083922}]}, "version": 31, "at": 1723888042.4083922}
{"obj": {"type": "LogFloats", "path": ["Loss (Train)"], "values": [{"value": 26.950611114501953, "step": null, "ts": 1723888043.3549142}]}, "version": 32, "at": 1723888043.3549142}
{"obj": {"type": "LogFloats", "path": ["Gradient norm"], "values": [{"value": 0.0, "step": null, "ts": 1723888043.3549142}]}, "version": 33, "at": 1723888043.3549142}
{"obj": {"type": "LogFloats", "path": ["Learning rate"], "values": [{"value": 7.5e-06, "step": null, "ts": 1723888043.3549142}]}, "version": 34, "at": 1723888043.3549142}
{"obj": {"type": "LogFloats", "path": ["Loss (Train)"], "values": [{"value": 24.641376495361328, "step": null, "ts": 1723888044.251942}]}, "version": 35, "at": 1723888044.251942}
{"obj": {"type": "LogFloats", "path": ["Gradient norm"], "values": [{"value": 0.0, "step": null, "ts": 1723888044.251942}]}, "version": 36, "at": 1723888044.251942}
{"obj": {"type": "LogFloats", "path": ["Learning rate"], "values": [{"value": 8.333333333333334e-06, "step": null, "ts": 1723888044.251942}]}, "version": 37, "at": 1723888044.251942}
{"obj": {"type": "LogFloats", "path": ["Loss (Train)"], "values": [{"value": 26.040929794311523, "step": null, "ts": 1723888045.1725607}]}, "version": 38, "at": 1723888045.1725607}
{"obj": {"type": "LogFloats", "path": ["Gradient norm"], "values": [{"value": 0.0, "step": null, "ts": 1723888045.1725607}]}, "version": 39, "at": 1723888045.1725607}
{"obj": {"type": "LogFloats", "path": ["Learning rate"], "values": [{"value": 9.166666666666666e-06, "step": null, "ts": 1723888045.1725607}]}, "version": 40, "at": 1723888045.1725607}
{"obj": {"type": "LogFloats", "path": ["Loss (Train)"], "values": [{"value": 23.28329849243164, "step": null, "ts": 1723888046.0838623}]}, "version": 41, "at": 1723888046.0838623}
{"obj": {"type": "LogFloats", "path": ["Gradient norm"], "values": [{"value": 0.0, "step": null, "ts": 1723888046.0838623}]}, "version": 42, "at": 1723888046.0838623}
{"obj": {"type": "LogFloats", "path": ["Learning rate"], "values": [{"value": 1e-05, "step": null, "ts": 1723888046.0838623}]}, "version": 43, "at": 1723888046.0838623}
{"obj": {"type": "LogFloats", "path": ["Loss (Train)"], "values": [{"value": 23.371013641357422, "step": null, "ts": 1723888046.9878948}]}, "version": 44, "at": 1723888046.9878948}
{"obj": {"type": "LogFloats", "path": ["Gradient norm"], "values": [{"value": 0.0, "step": null, "ts": 1723888046.9878948}]}, "version": 45, "at": 1723888046.9878948}
{"obj": {"type": "LogFloats", "path": ["Learning rate"], "values": [{"value": 1.0833333333333334e-05, "step": null, "ts": 1723888046.9878948}]}, "version": 46, "at": 1723888046.9878948}
{"obj": {"type": "LogFloats", "path": ["Loss (Train)"], "values": [{"value": 16.622146606445312, "step": null, "ts": 1723888047.8889081}]}, "version": 47, "at": 1723888047.8889081}
{"obj": {"type": "LogFloats", "path": ["Gradient norm"], "values": [{"value": 0.0, "step": null, "ts": 1723888047.8889081}]}, "version": 48, "at": 1723888047.8889081}
{"obj": {"type": "LogFloats", "path": ["Learning rate"], "values": [{"value": 1.1666666666666668e-05, "step": null, "ts": 1723888047.8889081}]}, "version": 49, "at": 1723888047.8889081}
{"obj": {"type": "LogFloats", "path": ["Loss (Train)"], "values": [{"value": 22.117509841918945, "step": null, "ts": 1723888048.737307}]}, "version": 50, "at": 1723888048.737307}
{"obj": {"type": "LogFloats", "path": ["Gradient norm"], "values": [{"value": 0.0, "step": null, "ts": 1723888048.737307}]}, "version": 51, "at": 1723888048.737307}
{"obj": {"type": "LogFloats", "path": ["Learning rate"], "values": [{"value": 1.25e-05, "step": null, "ts": 1723888048.737307}]}, "version": 52, "at": 1723888048.737307}
{"obj": {"type": "LogFloats", "path": ["Loss (Train)"], "values": [{"value": 21.294540405273438, "step": null, "ts": 1723888049.6495347}]}, "version": 53, "at": 1723888049.6495347}
{"obj": {"type": "LogFloats", "path": ["Gradient norm"], "values": [{"value": 0.0, "step": null, "ts": 1723888049.6495347}]}, "version": 54, "at": 1723888049.6495347}
{"obj": {"type": "LogFloats", "path": ["Learning rate"], "values": [{"value": 1.3333333333333333e-05, "step": null, "ts": 1723888049.6495347}]}, "version": 55, "at": 1723888049.6495347}
{"obj": {"type": "LogFloats", "path": ["Loss (Train)"], "values": [{"value": 19.473920822143555, "step": null, "ts": 1723888050.515527}]}, "version": 56, "at": 1723888050.515527}
{"obj": {"type": "LogFloats", "path": ["Gradient norm"], "values": [{"value": 0.0, "step": null, "ts": 1723888050.515527}]}, "version": 57, "at": 1723888050.515527}
{"obj": {"type": "LogFloats", "path": ["Learning rate"], "values": [{"value": 1.4166666666666668e-05, "step": null, "ts": 1723888050.515527}]}, "version": 58, "at": 1723888050.515527}
{"obj": {"type": "LogFloats", "path": ["Loss (Train)"], "values": [{"value": 20.223064422607422, "step": null, "ts": 1723888051.3622901}]}, "version": 59, "at": 1723888051.3622901}
{"obj": {"type": "LogFloats", "path": ["Gradient norm"], "values": [{"value": 0.0, "step": null, "ts": 1723888051.3622901}]}, "version": 60, "at": 1723888051.3622901}
{"obj": {"type": "LogFloats", "path": ["Learning rate"], "values": [{"value": 1.5e-05, "step": null, "ts": 1723888051.3622901}]}, "version": 61, "at": 1723888051.3622901}
{"obj": {"type": "LogFloats", "path": ["Loss (Train)"], "values": [{"value": 14.40986442565918, "step": null, "ts": 1723888052.2423756}]}, "version": 62, "at": 1723888052.2423756}
{"obj": {"type": "LogFloats", "path": ["Gradient norm"], "values": [{"value": 0.0, "step": null, "ts": 1723888052.2423756}]}, "version": 63, "at": 1723888052.2423756}
{"obj": {"type": "LogFloats", "path": ["Learning rate"], "values": [{"value": 1.5833333333333333e-05, "step": null, "ts": 1723888052.2423756}]}, "version": 64, "at": 1723888052.2423756}
{"obj": {"type": "LogFloats", "path": ["Loss (Train)"], "values": [{"value": 18.359106063842773, "step": null, "ts": 1723888053.147374}]}, "version": 65, "at": 1723888053.147374}
{"obj": {"type": "LogFloats", "path": ["Gradient norm"], "values": [{"value": 0.0, "step": null, "ts": 1723888053.147374}]}, "version": 66, "at": 1723888053.147374}
{"obj": {"type": "LogFloats", "path": ["Learning rate"], "values": [{"value": 1.6666666666666667e-05, "step": null, "ts": 1723888053.147374}]}, "version": 67, "at": 1723888053.147374}
{"obj": {"type": "LogFloats", "path": ["Loss (Train)"], "values": [{"value": 17.702287673950195, "step": null, "ts": 1723888054.0499136}]}, "version": 68, "at": 1723888054.0499136}
{"obj": {"type": "LogFloats", "path": ["Gradient norm"], "values": [{"value": 0.0, "step": null, "ts": 1723888054.0499136}]}, "version": 69, "at": 1723888054.0499136}
{"obj": {"type": "LogFloats", "path": ["Learning rate"], "values": [{"value": 1.75e-05, "step": null, "ts": 1723888054.0499136}]}, "version": 70, "at": 1723888054.0499136}
{"obj": {"type": "LogFloats", "path": ["Loss (Train)"], "values": [{"value": 16.30329704284668, "step": null, "ts": 1723888054.9479125}]}, "version": 71, "at": 1723888054.9479125}
{"obj": {"type": "LogFloats", "path": ["Gradient norm"], "values": [{"value": 0.0, "step": null, "ts": 1723888054.9479125}]}, "version": 72, "at": 1723888054.9479125}
{"obj": {"type": "LogFloats", "path": ["Learning rate"], "values": [{"value": 1.8333333333333333e-05, "step": null, "ts": 1723888054.9479125}]}, "version": 73, "at": 1723888054.9479125}
{"obj": {"type": "LogFloats", "path": ["Loss (Train)"], "values": [{"value": 17.353851318359375, "step": null, "ts": 1723888055.839514}]}, "version": 74, "at": 1723888055.839514}
{"obj": {"type": "LogFloats", "path": ["Gradient norm"], "values": [{"value": 0.0, "step": null, "ts": 1723888055.839514}]}, "version": 75, "at": 1723888055.839514}
{"obj": {"type": "LogFloats", "path": ["Learning rate"], "values": [{"value": 1.9166666666666667e-05, "step": null, "ts": 1723888055.839514}]}, "version": 76, "at": 1723888055.839514}
{"obj": {"type": "LogFloats", "path": ["Loss (Train)"], "values": [{"value": 13.485562324523926, "step": null, "ts": 1723888056.748114}]}, "version": 77, "at": 1723888056.748114}
{"obj": {"type": "LogFloats", "path": ["Gradient norm"], "values": [{"value": 0.0, "step": null, "ts": 1723888056.748114}]}, "version": 78, "at": 1723888056.748114}
{"obj": {"type": "LogFloats", "path": ["Learning rate"], "values": [{"value": 2e-05, "step": null, "ts": 1723888056.748114}]}, "version": 79, "at": 1723888056.748114}
{"obj": {"type": "LogFloats", "path": ["Loss (Train)"], "values": [{"value": 13.627131462097168, "step": null, "ts": 1723888057.7171247}]}, "version": 80, "at": 1723888057.7171247}
{"obj": {"type": "LogFloats", "path": ["Gradient norm"], "values": [{"value": 0.0, "step": null, "ts": 1723888057.7171247}]}, "version": 81, "at": 1723888057.7171247}
{"obj": {"type": "LogFloats", "path": ["Learning rate"], "values": [{"value": 2.0833333333333336e-05, "step": null, "ts": 1723888057.7171247}]}, "version": 82, "at": 1723888057.7171247}
{"obj": {"type": "LogFloats", "path": ["Loss (Train)"], "values": [{"value": 16.25714111328125, "step": null, "ts": 1723888058.622721}]}, "version": 83, "at": 1723888058.622721}
{"obj": {"type": "LogFloats", "path": ["Gradient norm"], "values": [{"value": 0.0, "step": null, "ts": 1723888058.6237206}]}, "version": 84, "at": 1723888058.6237206}
{"obj": {"type": "LogFloats", "path": ["Learning rate"], "values": [{"value": 2.1666666666666667e-05, "step": null, "ts": 1723888058.6237206}]}, "version": 85, "at": 1723888058.6237206}
{"obj": {"type": "LogFloats", "path": ["Loss (Train)"], "values": [{"value": 15.733373641967773, "step": null, "ts": 1723888059.5045545}]}, "version": 86, "at": 1723888059.5045545}
{"obj": {"type": "LogFloats", "path": ["Gradient norm"], "values": [{"value": 0.0, "step": null, "ts": 1723888059.5045545}]}, "version": 87, "at": 1723888059.5045545}
{"obj": {"type": "LogFloats", "path": ["Learning rate"], "values": [{"value": 2.25e-05, "step": null, "ts": 1723888059.5045545}]}, "version": 88, "at": 1723888059.5045545}
{"obj": {"type": "LogFloats", "path": ["Loss (Train)"], "values": [{"value": 15.112472534179688, "step": null, "ts": 1723888060.4196157}]}, "version": 89, "at": 1723888060.4196157}
{"obj": {"type": "LogFloats", "path": ["Gradient norm"], "values": [{"value": 0.0, "step": null, "ts": 1723888060.4196157}]}, "version": 90, "at": 1723888060.4196157}
{"obj": {"type": "LogFloats", "path": ["Learning rate"], "values": [{"value": 2.3333333333333336e-05, "step": null, "ts": 1723888060.4196157}]}, "version": 91, "at": 1723888060.4196157}
{"obj": {"type": "LogFloats", "path": ["Loss (Train)"], "values": [{"value": 15.285310745239258, "step": null, "ts": 1723888061.3314462}]}, "version": 92, "at": 1723888061.3314462}
{"obj": {"type": "LogFloats", "path": ["Gradient norm"], "values": [{"value": 0.0, "step": null, "ts": 1723888061.3314462}]}, "version": 93, "at": 1723888061.3314462}
{"obj": {"type": "LogFloats", "path": ["Learning rate"], "values": [{"value": 2.4166666666666667e-05, "step": null, "ts": 1723888061.3314462}]}, "version": 94, "at": 1723888061.3314462}
{"obj": {"type": "LogFloats", "path": ["Loss (Train)"], "values": [{"value": 14.831660270690918, "step": null, "ts": 1723888062.1844604}]}, "version": 95, "at": 1723888062.1844604}
{"obj": {"type": "LogFloats", "path": ["Gradient norm"], "values": [{"value": 0.0, "step": null, "ts": 1723888062.1844604}]}, "version": 96, "at": 1723888062.1844604}
{"obj": {"type": "LogFloats", "path": ["Learning rate"], "values": [{"value": 2.5e-05, "step": null, "ts": 1723888062.1844604}]}, "version": 97, "at": 1723888062.1844604}
{"obj": {"type": "LogFloats", "path": ["Loss (Train)"], "values": [{"value": 14.176885604858398, "step": null, "ts": 1723888063.0964131}]}, "version": 98, "at": 1723888063.0964131}
{"obj": {"type": "LogFloats", "path": ["Gradient norm"], "values": [{"value": 0.0, "step": null, "ts": 1723888063.0974135}]}, "version": 99, "at": 1723888063.0974135}
{"obj": {"type": "LogFloats", "path": ["Learning rate"], "values": [{"value": 2.5833333333333336e-05, "step": null, "ts": 1723888063.0974135}]}, "version": 100, "at": 1723888063.0974135}
{"obj": {"type": "LogFloats", "path": ["Loss (Train)"], "values": [{"value": 14.143689155578613, "step": null, "ts": 1723888063.9915707}]}, "version": 101, "at": 1723888063.9915707}
{"obj": {"type": "LogFloats", "path": ["Gradient norm"], "values": [{"value": 0.0, "step": null, "ts": 1723888063.9915707}]}, "version": 102, "at": 1723888063.9915707}
{"obj": {"type": "LogFloats", "path": ["Learning rate"], "values": [{"value": 2.6666666666666667e-05, "step": null, "ts": 1723888063.9915707}]}, "version": 103, "at": 1723888063.9915707}
{"obj": {"type": "LogFloats", "path": ["Loss (Train)"], "values": [{"value": 13.993779182434082, "step": null, "ts": 1723888064.9273162}]}, "version": 104, "at": 1723888064.9273162}
{"obj": {"type": "LogFloats", "path": ["Gradient norm"], "values": [{"value": 0.0, "step": null, "ts": 1723888064.9273162}]}, "version": 105, "at": 1723888064.9273162}
{"obj": {"type": "LogFloats", "path": ["Learning rate"], "values": [{"value": 2.7500000000000004e-05, "step": null, "ts": 1723888064.9273162}]}, "version": 106, "at": 1723888064.9273162}
{"obj": {"type": "LogFloats", "path": ["Loss (Train)"], "values": [{"value": 13.626673698425293, "step": null, "ts": 1723888065.7934587}]}, "version": 107, "at": 1723888065.7934587}
{"obj": {"type": "LogFloats", "path": ["Gradient norm"], "values": [{"value": 0.0, "step": null, "ts": 1723888065.7934587}]}, "version": 108, "at": 1723888065.7934587}
{"obj": {"type": "LogFloats", "path": ["Learning rate"], "values": [{"value": 2.8333333333333335e-05, "step": null, "ts": 1723888065.7934587}]}, "version": 109, "at": 1723888065.7934587}
{"obj": {"type": "LogFloats", "path": ["Loss (Train)"], "values": [{"value": 11.141789436340332, "step": null, "ts": 1723888066.6643705}]}, "version": 110, "at": 1723888066.6643705}
{"obj": {"type": "LogFloats", "path": ["Gradient norm"], "values": [{"value": 0.0, "step": null, "ts": 1723888066.6643705}]}, "version": 111, "at": 1723888066.6653702}
{"obj": {"type": "LogFloats", "path": ["Learning rate"], "values": [{"value": 2.916666666666667e-05, "step": null, "ts": 1723888066.6653702}]}, "version": 112, "at": 1723888066.6653702}
{"obj": {"type": "LogFloats", "path": ["Loss (Train)"], "values": [{"value": 13.153753280639648, "step": null, "ts": 1723888067.5513778}]}, "version": 113, "at": 1723888067.5513778}
{"obj": {"type": "LogFloats", "path": ["Gradient norm"], "values": [{"value": 0.0, "step": null, "ts": 1723888067.5513778}]}, "version": 114, "at": 1723888067.5513778}
{"obj": {"type": "LogFloats", "path": ["Learning rate"], "values": [{"value": 3e-05, "step": null, "ts": 1723888067.5513778}]}, "version": 115, "at": 1723888067.5513778}
{"obj": {"type": "LogFloats", "path": ["Loss (Train)"], "values": [{"value": 10.046130180358887, "step": null, "ts": 1723888068.429377}]}, "version": 116, "at": 1723888068.429377}
{"obj": {"type": "LogFloats", "path": ["Gradient norm"], "values": [{"value": 0.0, "step": null, "ts": 1723888068.429377}]}, "version": 117, "at": 1723888068.429377}
{"obj": {"type": "LogFloats", "path": ["Learning rate"], "values": [{"value": 3.0833333333333335e-05, "step": null, "ts": 1723888068.429377}]}, "version": 118, "at": 1723888068.429377}
{"obj": {"type": "LogFloats", "path": ["Loss (Train)"], "values": [{"value": 11.638065338134766, "step": null, "ts": 1723888069.3138897}]}, "version": 119, "at": 1723888069.3138897}
{"obj": {"type": "LogFloats", "path": ["Gradient norm"], "values": [{"value": 0.0, "step": null, "ts": 1723888069.3138897}]}, "version": 120, "at": 1723888069.3138897}
{"obj": {"type": "LogFloats", "path": ["Learning rate"], "values": [{"value": 3.1666666666666666e-05, "step": null, "ts": 1723888069.3138897}]}, "version": 121, "at": 1723888069.3138897}
{"obj": {"type": "LogFloats", "path": ["Loss (Train)"], "values": [{"value": 11.276312828063965, "step": null, "ts": 1723888070.1858172}]}, "version": 122, "at": 1723888070.1858172}
{"obj": {"type": "LogFloats", "path": ["Gradient norm"], "values": [{"value": 0.0, "step": null, "ts": 1723888070.1858172}]}, "version": 123, "at": 1723888070.1858172}
{"obj": {"type": "LogFloats", "path": ["Learning rate"], "values": [{"value": 3.2500000000000004e-05, "step": null, "ts": 1723888070.1858172}]}, "version": 124, "at": 1723888070.1858172}
{"obj": {"type": "LogFloats", "path": ["Loss (Train)"], "values": [{"value": 10.942176818847656, "step": null, "ts": 1723888071.0568316}]}, "version": 125, "at": 1723888071.0568316}
{"obj": {"type": "LogFloats", "path": ["Gradient norm"], "values": [{"value": 0.0, "step": null, "ts": 1723888071.0568316}]}, "version": 126, "at": 1723888071.0568316}
{"obj": {"type": "LogFloats", "path": ["Learning rate"], "values": [{"value": 3.3333333333333335e-05, "step": null, "ts": 1723888071.0568316}]}, "version": 127, "at": 1723888071.0568316}
{"obj": {"type": "LogFloats", "path": ["Loss (Train)"], "values": [{"value": 11.26496410369873, "step": null, "ts": 1723888071.9139273}]}, "version": 128, "at": 1723888071.9139273}
{"obj": {"type": "LogFloats", "path": ["Gradient norm"], "values": [{"value": 0.0, "step": null, "ts": 1723888071.9139273}]}, "version": 129, "at": 1723888071.9139273}
{"obj": {"type": "LogFloats", "path": ["Learning rate"], "values": [{"value": 3.4166666666666666e-05, "step": null, "ts": 1723888071.9139273}]}, "version": 130, "at": 1723888071.9139273}
{"obj": {"type": "LogFloats", "path": ["Loss (Train)"], "values": [{"value": 10.802841186523438, "step": null, "ts": 1723888072.7904093}]}, "version": 131, "at": 1723888072.7904093}
{"obj": {"type": "LogFloats", "path": ["Gradient norm"], "values": [{"value": 0.0, "step": null, "ts": 1723888072.7904093}]}, "version": 132, "at": 1723888072.7904093}
{"obj": {"type": "LogFloats", "path": ["Learning rate"], "values": [{"value": 3.5e-05, "step": null, "ts": 1723888072.7904093}]}, "version": 133, "at": 1723888072.7904093}
{"obj": {"type": "LogFloats", "path": ["Loss (Train)"], "values": [{"value": 9.411834716796875, "step": null, "ts": 1723888073.7436202}]}, "version": 134, "at": 1723888073.7436202}
{"obj": {"type": "LogFloats", "path": ["Gradient norm"], "values": [{"value": 0.0, "step": null, "ts": 1723888073.7436202}]}, "version": 135, "at": 1723888073.7436202}
{"obj": {"type": "LogFloats", "path": ["Learning rate"], "values": [{"value": 3.5833333333333335e-05, "step": null, "ts": 1723888073.7436202}]}, "version": 136, "at": 1723888073.7436202}
{"obj": {"type": "LogFloats", "path": ["Loss (Train)"], "values": [{"value": 8.97030258178711, "step": null, "ts": 1723888074.630635}]}, "version": 137, "at": 1723888074.630635}
{"obj": {"type": "LogFloats", "path": ["Gradient norm"], "values": [{"value": 0.0, "step": null, "ts": 1723888074.630635}]}, "version": 138, "at": 1723888074.630635}
{"obj": {"type": "LogFloats", "path": ["Learning rate"], "values": [{"value": 3.6666666666666666e-05, "step": null, "ts": 1723888074.630635}]}, "version": 139, "at": 1723888074.630635}
{"obj": {"type": "LogFloats", "path": ["Loss (Train)"], "values": [{"value": 9.973812103271484, "step": null, "ts": 1723888075.5076485}]}, "version": 140, "at": 1723888075.5076485}
{"obj": {"type": "LogFloats", "path": ["Gradient norm"], "values": [{"value": 0.0, "step": null, "ts": 1723888075.5076485}]}, "version": 141, "at": 1723888075.5076485}
{"obj": {"type": "LogFloats", "path": ["Learning rate"], "values": [{"value": 3.7500000000000003e-05, "step": null, "ts": 1723888075.5076485}]}, "version": 142, "at": 1723888075.5076485}
{"obj": {"type": "LogFloats", "path": ["Loss (Train)"], "values": [{"value": 8.225566864013672, "step": null, "ts": 1723888076.3493104}]}, "version": 143, "at": 1723888076.3493104}
{"obj": {"type": "LogFloats", "path": ["Gradient norm"], "values": [{"value": 0.0, "step": null, "ts": 1723888076.3493104}]}, "version": 144, "at": 1723888076.3493104}
{"obj": {"type": "LogFloats", "path": ["Learning rate"], "values": [{"value": 3.8333333333333334e-05, "step": null, "ts": 1723888076.3493104}]}, "version": 145, "at": 1723888076.3493104}
{"obj": {"type": "LogFloats", "path": ["Loss (Train)"], "values": [{"value": 6.951031684875488, "step": null, "ts": 1723888077.246387}]}, "version": 146, "at": 1723888077.246387}
{"obj": {"type": "LogFloats", "path": ["Gradient norm"], "values": [{"value": 0.0, "step": null, "ts": 1723888077.246387}]}, "version": 147, "at": 1723888077.246387}
{"obj": {"type": "LogFloats", "path": ["Learning rate"], "values": [{"value": 3.9166666666666665e-05, "step": null, "ts": 1723888077.246387}]}, "version": 148, "at": 1723888077.246387}
{"obj": {"type": "LogFloats", "path": ["Loss (Train)"], "values": [{"value": 8.862690925598145, "step": null, "ts": 1723888078.1127753}]}, "version": 149, "at": 1723888078.1127753}
{"obj": {"type": "LogFloats", "path": ["Gradient norm"], "values": [{"value": 0.0, "step": null, "ts": 1723888078.1127753}]}, "version": 150, "at": 1723888078.1127753}
{"obj": {"type": "LogFloats", "path": ["Learning rate"], "values": [{"value": 4e-05, "step": null, "ts": 1723888078.1127753}]}, "version": 151, "at": 1723888078.1127753}
{"obj": {"type": "LogFloats", "path": ["Loss (Train)"], "values": [{"value": 7.052056312561035, "step": null, "ts": 1723888078.968685}]}, "version": 152, "at": 1723888078.968685}
{"obj": {"type": "LogFloats", "path": ["Gradient norm"], "values": [{"value": 0.0, "step": null, "ts": 1723888078.968685}]}, "version": 153, "at": 1723888078.968685}
{"obj": {"type": "LogFloats", "path": ["Learning rate"], "values": [{"value": 4.0833333333333334e-05, "step": null, "ts": 1723888078.968685}]}, "version": 154, "at": 1723888078.968685}
{"obj": {"type": "LogFloats", "path": ["Loss (Train)"], "values": [{"value": 7.132392883300781, "step": null, "ts": 1723888079.9652631}]}, "version": 155, "at": 1723888079.9652631}
{"obj": {"type": "LogFloats", "path": ["Gradient norm"], "values": [{"value": 0.0, "step": null, "ts": 1723888079.9662628}]}, "version": 156, "at": 1723888079.9662628}
{"obj": {"type": "LogFloats", "path": ["Learning rate"], "values": [{"value": 4.166666666666667e-05, "step": null, "ts": 1723888079.9662628}]}, "version": 157, "at": 1723888079.9662628}
{"obj": {"type": "LogFloats", "path": ["Loss (Train)"], "values": [{"value": 6.829148292541504, "step": null, "ts": 1723888080.907263}]}, "version": 158, "at": 1723888080.907263}
{"obj": {"type": "LogFloats", "path": ["Gradient norm"], "values": [{"value": 0.0, "step": null, "ts": 1723888080.907263}]}, "version": 159, "at": 1723888080.907263}
{"obj": {"type": "LogFloats", "path": ["Learning rate"], "values": [{"value": 4.25e-05, "step": null, "ts": 1723888080.907263}]}, "version": 160, "at": 1723888080.907263}
{"obj": {"type": "LogFloats", "path": ["Loss (Train)"], "values": [{"value": 6.396483421325684, "step": null, "ts": 1723888081.7812626}]}, "version": 161, "at": 1723888081.7812626}
{"obj": {"type": "LogFloats", "path": ["Gradient norm"], "values": [{"value": 0.0, "step": null, "ts": 1723888081.7812626}]}, "version": 162, "at": 1723888081.7812626}
{"obj": {"type": "LogFloats", "path": ["Learning rate"], "values": [{"value": 4.3333333333333334e-05, "step": null, "ts": 1723888081.7812626}]}, "version": 163, "at": 1723888081.7812626}
{"obj": {"type": "LogFloats", "path": ["Loss (Train)"], "values": [{"value": 5.337873458862305, "step": null, "ts": 1723888082.6442688}]}, "version": 164, "at": 1723888082.6442688}
{"obj": {"type": "LogFloats", "path": ["Gradient norm"], "values": [{"value": 0.0, "step": null, "ts": 1723888082.6442688}]}, "version": 165, "at": 1723888082.6442688}
{"obj": {"type": "LogFloats", "path": ["Learning rate"], "values": [{"value": 4.4166666666666665e-05, "step": null, "ts": 1723888082.6442688}]}, "version": 166, "at": 1723888082.6442688}
{"obj": {"type": "LogFloats", "path": ["Loss (Train)"], "values": [{"value": 5.765276908874512, "step": null, "ts": 1723888083.5336044}]}, "version": 167, "at": 1723888083.5336044}
{"obj": {"type": "LogFloats", "path": ["Gradient norm"], "values": [{"value": 0.0, "step": null, "ts": 1723888083.5336044}]}, "version": 168, "at": 1723888083.5336044}
{"obj": {"type": "LogFloats", "path": ["Learning rate"], "values": [{"value": 4.5e-05, "step": null, "ts": 1723888083.5336044}]}, "version": 169, "at": 1723888083.5336044}
{"obj": {"type": "LogFloats", "path": ["Loss (Train)"], "values": [{"value": 5.732964038848877, "step": null, "ts": 1723888084.6692011}]}, "version": 170, "at": 1723888084.6692011}
{"obj": {"type": "LogFloats", "path": ["Gradient norm"], "values": [{"value": 0.0, "step": null, "ts": 1723888084.6692011}]}, "version": 171, "at": 1723888084.6692011}
{"obj": {"type": "LogFloats", "path": ["Learning rate"], "values": [{"value": 4.5833333333333334e-05, "step": null, "ts": 1723888084.6692011}]}, "version": 172, "at": 1723888084.6692011}
{"obj": {"type": "LogFloats", "path": ["Loss (Train)"], "values": [{"value": 5.732776641845703, "step": null, "ts": 1723888085.5212004}]}, "version": 173, "at": 1723888085.5212004}
{"obj": {"type": "LogFloats", "path": ["Gradient norm"], "values": [{"value": 0.0, "step": null, "ts": 1723888085.5212004}]}, "version": 174, "at": 1723888085.5212004}
{"obj": {"type": "LogFloats", "path": ["Learning rate"], "values": [{"value": 4.666666666666667e-05, "step": null, "ts": 1723888085.5212004}]}, "version": 175, "at": 1723888085.5212004}
{"obj": {"type": "LogFloats", "path": ["Loss (Train)"], "values": [{"value": 5.776679515838623, "step": null, "ts": 1723888086.448382}]}, "version": 176, "at": 1723888086.448382}
{"obj": {"type": "LogFloats", "path": ["Gradient norm"], "values": [{"value": 0.0, "step": null, "ts": 1723888086.448382}]}, "version": 177, "at": 1723888086.448382}
{"obj": {"type": "LogFloats", "path": ["Learning rate"], "values": [{"value": 4.75e-05, "step": null, "ts": 1723888086.448382}]}, "version": 178, "at": 1723888086.448382}
{"obj": {"type": "LogFloats", "path": ["Loss (Train)"], "values": [{"value": 5.415398597717285, "step": null, "ts": 1723888087.3623984}]}, "version": 179, "at": 1723888087.3623984}
{"obj": {"type": "LogFloats", "path": ["Gradient norm"], "values": [{"value": 0.0, "step": null, "ts": 1723888087.3623984}]}, "version": 180, "at": 1723888087.3623984}
{"obj": {"type": "LogFloats", "path": ["Learning rate"], "values": [{"value": 4.8333333333333334e-05, "step": null, "ts": 1723888087.3623984}]}, "version": 181, "at": 1723888087.3623984}
{"obj": {"type": "LogFloats", "path": ["Loss (Train)"], "values": [{"value": 5.70102596282959, "step": null, "ts": 1723888088.2580445}]}, "version": 182, "at": 1723888088.2580445}
{"obj": {"type": "LogFloats", "path": ["Gradient norm"], "values": [{"value": 0.0, "step": null, "ts": 1723888088.2580445}]}, "version": 183, "at": 1723888088.2580445}
{"obj": {"type": "LogFloats", "path": ["Learning rate"], "values": [{"value": 4.9166666666666665e-05, "step": null, "ts": 1723888088.2580445}]}, "version": 184, "at": 1723888088.2580445}
{"obj": {"type": "LogFloats", "path": ["Loss (Train)"], "values": [{"value": 5.499685764312744, "step": null, "ts": 1723888089.3108985}]}, "version": 185, "at": 1723888089.311899}
{"obj": {"type": "LogFloats", "path": ["Gradient norm"], "values": [{"value": 0.0, "step": null, "ts": 1723888089.311899}]}, "version": 186, "at": 1723888089.311899}
{"obj": {"type": "LogFloats", "path": ["Learning rate"], "values": [{"value": 5e-05, "step": null, "ts": 1723888089.311899}]}, "version": 187, "at": 1723888089.311899}
{"obj": {"type": "LogFloats", "path": ["Loss (Train)"], "values": [{"value": 5.587813854217529, "step": null, "ts": 1723888090.1717677}]}, "version": 188, "at": 1723888090.1717677}
{"obj": {"type": "LogFloats", "path": ["Gradient norm"], "values": [{"value": 0.0, "step": null, "ts": 1723888090.1717677}]}, "version": 189, "at": 1723888090.1717677}
{"obj": {"type": "LogFloats", "path": ["Learning rate"], "values": [{"value": 5.0833333333333333e-05, "step": null, "ts": 1723888090.1717677}]}, "version": 190, "at": 1723888090.1717677}
{"obj": {"type": "LogFloats", "path": ["Loss (Train)"], "values": [{"value": 5.493913173675537, "step": null, "ts": 1723888091.0187676}]}, "version": 191, "at": 1723888091.0187676}
{"obj": {"type": "LogFloats", "path": ["Gradient norm"], "values": [{"value": 0.0, "step": null, "ts": 1723888091.0187676}]}, "version": 192, "at": 1723888091.0187676}
{"obj": {"type": "LogFloats", "path": ["Learning rate"], "values": [{"value": 5.166666666666667e-05, "step": null, "ts": 1723888091.0187676}]}, "version": 193, "at": 1723888091.0187676}
{"obj": {"type": "LogFloats", "path": ["Loss (Train)"], "values": [{"value": 5.52424430847168, "step": null, "ts": 1723888091.8652985}]}, "version": 194, "at": 1723888091.8652985}
{"obj": {"type": "LogFloats", "path": ["Gradient norm"], "values": [{"value": 0.0, "step": null, "ts": 1723888091.8652985}]}, "version": 195, "at": 1723888091.8652985}
{"obj": {"type": "LogFloats", "path": ["Learning rate"], "values": [{"value": 5.25e-05, "step": null, "ts": 1723888091.8652985}]}, "version": 196, "at": 1723888091.8652985}
{"obj": {"type": "LogFloats", "path": ["Loss (Train)"], "values": [{"value": 5.727829933166504, "step": null, "ts": 1723888092.8233438}]}, "version": 197, "at": 1723888092.8233438}
{"obj": {"type": "LogFloats", "path": ["Gradient norm"], "values": [{"value": 0.0, "step": null, "ts": 1723888092.8233438}]}, "version": 198, "at": 1723888092.8233438}
{"obj": {"type": "LogFloats", "path": ["Learning rate"], "values": [{"value": 5.333333333333333e-05, "step": null, "ts": 1723888092.8233438}]}, "version": 199, "at": 1723888092.8233438}
{"obj": {"type": "LogFloats", "path": ["Loss (Train)"], "values": [{"value": 5.23499059677124, "step": null, "ts": 1723888093.6473496}]}, "version": 200, "at": 1723888093.6473496}
{"obj": {"type": "LogFloats", "path": ["Gradient norm"], "values": [{"value": 0.0, "step": null, "ts": 1723888093.6473496}]}, "version": 201, "at": 1723888093.6473496}
{"obj": {"type": "LogFloats", "path": ["Learning rate"], "values": [{"value": 5.4166666666666664e-05, "step": null, "ts": 1723888093.6473496}]}, "version": 202, "at": 1723888093.6473496}
{"obj": {"type": "LogFloats", "path": ["Loss (Train)"], "values": [{"value": 5.612093925476074, "step": null, "ts": 1723888094.5163689}]}, "version": 203, "at": 1723888094.5163689}
{"obj": {"type": "LogFloats", "path": ["Gradient norm"], "values": [{"value": 0.0, "step": null, "ts": 1723888094.5163689}]}, "version": 204, "at": 1723888094.5163689}
{"obj": {"type": "LogFloats", "path": ["Learning rate"], "values": [{"value": 5.500000000000001e-05, "step": null, "ts": 1723888094.5163689}]}, "version": 205, "at": 1723888094.5163689}
{"obj": {"type": "LogFloats", "path": ["Loss (Train)"], "values": [{"value": 5.239128589630127, "step": null, "ts": 1723888095.3934941}]}, "version": 206, "at": 1723888095.3934941}
{"obj": {"type": "LogFloats", "path": ["Gradient norm"], "values": [{"value": 0.0, "step": null, "ts": 1723888095.3934941}]}, "version": 207, "at": 1723888095.3934941}
{"obj": {"type": "LogFloats", "path": ["Learning rate"], "values": [{"value": 5.583333333333334e-05, "step": null, "ts": 1723888095.3934941}]}, "version": 208, "at": 1723888095.3934941}
{"obj": {"type": "LogFloats", "path": ["Loss (Train)"], "values": [{"value": 5.549341201782227, "step": null, "ts": 1723888096.324071}]}, "version": 209, "at": 1723888096.324071}
{"obj": {"type": "LogFloats", "path": ["Gradient norm"], "values": [{"value": 0.0, "step": null, "ts": 1723888096.324071}]}, "version": 210, "at": 1723888096.324071}
{"obj": {"type": "LogFloats", "path": ["Learning rate"], "values": [{"value": 5.666666666666667e-05, "step": null, "ts": 1723888096.324071}]}, "version": 211, "at": 1723888096.324071}
{"obj": {"type": "LogFloats", "path": ["Loss (Train)"], "values": [{"value": 5.543904781341553, "step": null, "ts": 1723888097.2155802}]}, "version": 212, "at": 1723888097.2155802}
{"obj": {"type": "LogFloats", "path": ["Gradient norm"], "values": [{"value": 0.0, "step": null, "ts": 1723888097.2155802}]}, "version": 213, "at": 1723888097.2155802}
{"obj": {"type": "LogFloats", "path": ["Learning rate"], "values": [{"value": 5.7499999999999995e-05, "step": null, "ts": 1723888097.2155802}]}, "version": 214, "at": 1723888097.2155802}
{"obj": {"type": "LogFloats", "path": ["Loss (Train)"], "values": [{"value": 5.361913681030273, "step": null, "ts": 1723888098.079486}]}, "version": 215, "at": 1723888098.0804858}
{"obj": {"type": "LogFloats", "path": ["Gradient norm"], "values": [{"value": 0.0, "step": null, "ts": 1723888098.0804858}]}, "version": 216, "at": 1723888098.0804858}
{"obj": {"type": "LogFloats", "path": ["Learning rate"], "values": [{"value": 5.833333333333334e-05, "step": null, "ts": 1723888098.0804858}]}, "version": 217, "at": 1723888098.0804858}
{"obj": {"type": "LogFloats", "path": ["Loss (Train)"], "values": [{"value": 5.3929643630981445, "step": null, "ts": 1723888099.04077}]}, "version": 218, "at": 1723888099.04077}
{"obj": {"type": "LogFloats", "path": ["Gradient norm"], "values": [{"value": 0.0, "step": null, "ts": 1723888099.04077}]}, "version": 219, "at": 1723888099.04077}
{"obj": {"type": "LogFloats", "path": ["Learning rate"], "values": [{"value": 5.916666666666667e-05, "step": null, "ts": 1723888099.04077}]}, "version": 220, "at": 1723888099.04077}
{"obj": {"type": "LogFloats", "path": ["Loss (Train)"], "values": [{"value": 4.957882404327393, "step": null, "ts": 1723888099.9279187}]}, "version": 221, "at": 1723888099.9279187}
{"obj": {"type": "LogFloats", "path": ["Gradient norm"], "values": [{"value": 0.0, "step": null, "ts": 1723888099.9279187}]}, "version": 222, "at": 1723888099.9279187}
{"obj": {"type": "LogFloats", "path": ["Learning rate"], "values": [{"value": 6e-05, "step": null, "ts": 1723888099.9279187}]}, "version": 223, "at": 1723888099.9279187}
{"obj": {"type": "LogFloats", "path": ["Loss (Train)"], "values": [{"value": 5.324729919433594, "step": null, "ts": 1723888100.8555818}]}, "version": 224, "at": 1723888100.8555818}
{"obj": {"type": "LogFloats", "path": ["Gradient norm"], "values": [{"value": 0.0, "step": null, "ts": 1723888100.8559673}]}, "version": 225, "at": 1723888100.8559673}
{"obj": {"type": "LogFloats", "path": ["Learning rate"], "values": [{"value": 6.083333333333333e-05, "step": null, "ts": 1723888100.8559673}]}, "version": 226, "at": 1723888100.8559673}
{"obj": {"type": "LogFloats", "path": ["Loss (Train)"], "values": [{"value": 5.426148891448975, "step": null, "ts": 1723888101.7743084}]}, "version": 227, "at": 1723888101.7743084}
{"obj": {"type": "LogFloats", "path": ["Gradient norm"], "values": [{"value": 0.0, "step": null, "ts": 1723888101.7743084}]}, "version": 228, "at": 1723888101.7743084}
{"obj": {"type": "LogFloats", "path": ["Learning rate"], "values": [{"value": 6.166666666666667e-05, "step": null, "ts": 1723888101.7743084}]}, "version": 229, "at": 1723888101.7743084}
{"obj": {"type": "LogFloats", "path": ["Loss (Train)"], "values": [{"value": 5.241619110107422, "step": null, "ts": 1723888102.7061605}]}, "version": 230, "at": 1723888102.7061605}
{"obj": {"type": "LogFloats", "path": ["Gradient norm"], "values": [{"value": 0.0, "step": null, "ts": 1723888102.7061605}]}, "version": 231, "at": 1723888102.7061605}
{"obj": {"type": "LogFloats", "path": ["Learning rate"], "values": [{"value": 6.25e-05, "step": null, "ts": 1723888102.7061605}]}, "version": 232, "at": 1723888102.7061605}
{"obj": {"type": "LogFloats", "path": ["Loss (Train)"], "values": [{"value": 5.08035945892334, "step": null, "ts": 1723888103.5716681}]}, "version": 233, "at": 1723888103.5716681}
{"obj": {"type": "LogFloats", "path": ["Gradient norm"], "values": [{"value": 0.0, "step": null, "ts": 1723888103.5716681}]}, "version": 234, "at": 1723888103.5716681}
{"obj": {"type": "LogFloats", "path": ["Learning rate"], "values": [{"value": 6.333333333333333e-05, "step": null, "ts": 1723888103.5716681}]}, "version": 235, "at": 1723888103.5716681}
{"obj": {"type": "LogFloats", "path": ["Loss (Train)"], "values": [{"value": 5.094796180725098, "step": null, "ts": 1723888104.4216712}]}, "version": 236, "at": 1723888104.4216712}
{"obj": {"type": "LogFloats", "path": ["Gradient norm"], "values": [{"value": 0.0, "step": null, "ts": 1723888104.4216712}]}, "version": 237, "at": 1723888104.4216712}
{"obj": {"type": "LogFloats", "path": ["Learning rate"], "values": [{"value": 6.416666666666668e-05, "step": null, "ts": 1723888104.4216712}]}, "version": 238, "at": 1723888104.4216712}
{"obj": {"type": "LogFloats", "path": ["Loss (Train)"], "values": [{"value": 5.227263450622559, "step": null, "ts": 1723888105.2878747}]}, "version": 239, "at": 1723888105.2878747}
{"obj": {"type": "LogFloats", "path": ["Gradient norm"], "values": [{"value": 0.0, "step": null, "ts": 1723888105.2878747}]}, "version": 240, "at": 1723888105.2878747}
{"obj": {"type": "LogFloats", "path": ["Learning rate"], "values": [{"value": 6.500000000000001e-05, "step": null, "ts": 1723888105.2878747}]}, "version": 241, "at": 1723888105.2878747}
{"obj": {"type": "LogFloats", "path": ["Loss (Train)"], "values": [{"value": 5.036722660064697, "step": null, "ts": 1723888106.1546166}]}, "version": 242, "at": 1723888106.1546166}
{"obj": {"type": "LogFloats", "path": ["Gradient norm"], "values": [{"value": 0.0, "step": null, "ts": 1723888106.1546166}]}, "version": 243, "at": 1723888106.1546166}
{"obj": {"type": "LogFloats", "path": ["Learning rate"], "values": [{"value": 6.583333333333334e-05, "step": null, "ts": 1723888106.1546166}]}, "version": 244, "at": 1723888106.1546166}
{"obj": {"type": "LogFloats", "path": ["Loss (Train)"], "values": [{"value": 5.1598615646362305, "step": null, "ts": 1723888107.0376437}]}, "version": 245, "at": 1723888107.0376437}
{"obj": {"type": "LogFloats", "path": ["Gradient norm"], "values": [{"value": 0.0, "step": null, "ts": 1723888107.0376437}]}, "version": 246, "at": 1723888107.0376437}
{"obj": {"type": "LogFloats", "path": ["Learning rate"], "values": [{"value": 6.666666666666667e-05, "step": null, "ts": 1723888107.0376437}]}, "version": 247, "at": 1723888107.0376437}
{"obj": {"type": "LogFloats", "path": ["Loss (Train)"], "values": [{"value": 5.319093227386475, "step": null, "ts": 1723888107.8976543}]}, "version": 248, "at": 1723888107.8976543}
{"obj": {"type": "LogFloats", "path": ["Gradient norm"], "values": [{"value": 0.0, "step": null, "ts": 1723888107.8976543}]}, "version": 249, "at": 1723888107.8976543}
{"obj": {"type": "LogFloats", "path": ["Learning rate"], "values": [{"value": 6.750000000000001e-05, "step": null, "ts": 1723888107.8976543}]}, "version": 250, "at": 1723888107.8976543}
{"obj": {"type": "LogFloats", "path": ["Loss (Train)"], "values": [{"value": 4.904038429260254, "step": null, "ts": 1723888108.8368878}]}, "version": 251, "at": 1723888108.8368878}
{"obj": {"type": "LogFloats", "path": ["Gradient norm"], "values": [{"value": 0.0, "step": null, "ts": 1723888108.8378878}]}, "version": 252, "at": 1723888108.8378878}
{"obj": {"type": "LogFloats", "path": ["Learning rate"], "values": [{"value": 6.833333333333333e-05, "step": null, "ts": 1723888108.8378878}]}, "version": 253, "at": 1723888108.8378878}
{"obj": {"type": "LogFloats", "path": ["Loss (Train)"], "values": [{"value": 4.930787563323975, "step": null, "ts": 1723888109.6834033}]}, "version": 254, "at": 1723888109.6834033}
{"obj": {"type": "LogFloats", "path": ["Gradient norm"], "values": [{"value": 0.0, "step": null, "ts": 1723888109.6834033}]}, "version": 255, "at": 1723888109.6834033}
{"obj": {"type": "LogFloats", "path": ["Learning rate"], "values": [{"value": 6.916666666666666e-05, "step": null, "ts": 1723888109.6834033}]}, "version": 256, "at": 1723888109.6834033}
{"obj": {"type": "LogFloats", "path": ["Loss (Train)"], "values": [{"value": 4.752821445465088, "step": null, "ts": 1723888110.53891}]}, "version": 257, "at": 1723888110.53891}
{"obj": {"type": "LogFloats", "path": ["Gradient norm"], "values": [{"value": 0.0, "step": null, "ts": 1723888110.53891}]}, "version": 258, "at": 1723888110.53891}
{"obj": {"type": "LogFloats", "path": ["Learning rate"], "values": [{"value": 7e-05, "step": null, "ts": 1723888110.53891}]}, "version": 259, "at": 1723888110.53891}
{"obj": {"type": "LogFloats", "path": ["Loss (Train)"], "values": [{"value": 4.909236431121826, "step": null, "ts": 1723888111.4559221}]}, "version": 260, "at": 1723888111.4559221}
{"obj": {"type": "LogFloats", "path": ["Gradient norm"], "values": [{"value": 0.0, "step": null, "ts": 1723888111.4559221}]}, "version": 261, "at": 1723888111.4559221}
{"obj": {"type": "LogFloats", "path": ["Learning rate"], "values": [{"value": 7.083333333333334e-05, "step": null, "ts": 1723888111.4559221}]}, "version": 262, "at": 1723888111.4559221}
{"obj": {"type": "LogFloats", "path": ["Loss (Train)"], "values": [{"value": 5.018032550811768, "step": null, "ts": 1723888112.3434675}]}, "version": 263, "at": 1723888112.3434675}
{"obj": {"type": "LogFloats", "path": ["Gradient norm"], "values": [{"value": 0.0, "step": null, "ts": 1723888112.3434675}]}, "version": 264, "at": 1723888112.3434675}
{"obj": {"type": "LogFloats", "path": ["Learning rate"], "values": [{"value": 7.166666666666667e-05, "step": null, "ts": 1723888112.3434675}]}, "version": 265, "at": 1723888112.3434675}
{"obj": {"type": "LogFloats", "path": ["Loss (Train)"], "values": [{"value": 4.8285322189331055, "step": null, "ts": 1723888113.1975179}]}, "version": 266, "at": 1723888113.1975179}
{"obj": {"type": "LogFloats", "path": ["Gradient norm"], "values": [{"value": 0.0, "step": null, "ts": 1723888113.1975179}]}, "version": 267, "at": 1723888113.1975179}
{"obj": {"type": "LogFloats", "path": ["Learning rate"], "values": [{"value": 7.25e-05, "step": null, "ts": 1723888113.1975179}]}, "version": 268, "at": 1723888113.1975179}
{"obj": {"type": "LogFloats", "path": ["Loss (Train)"], "values": [{"value": 5.130499839782715, "step": null, "ts": 1723888114.059065}]}, "version": 269, "at": 1723888114.059065}
{"obj": {"type": "LogFloats", "path": ["Gradient norm"], "values": [{"value": 0.0, "step": null, "ts": 1723888114.059065}]}, "version": 270, "at": 1723888114.059065}
{"obj": {"type": "LogFloats", "path": ["Learning rate"], "values": [{"value": 7.333333333333333e-05, "step": null, "ts": 1723888114.059065}]}, "version": 271, "at": 1723888114.059065}
{"obj": {"type": "LogFloats", "path": ["Loss (Train)"], "values": [{"value": 4.608338356018066, "step": null, "ts": 1723888114.9315717}]}, "version": 272, "at": 1723888114.9315717}
{"obj": {"type": "LogFloats", "path": ["Gradient norm"], "values": [{"value": 0.0, "step": null, "ts": 1723888114.9315717}]}, "version": 273, "at": 1723888114.9315717}
{"obj": {"type": "LogFloats", "path": ["Learning rate"], "values": [{"value": 7.416666666666668e-05, "step": null, "ts": 1723888114.9315717}]}, "version": 274, "at": 1723888114.9315717}
{"obj": {"type": "LogFloats", "path": ["Loss (Train)"], "values": [{"value": 5.093165397644043, "step": null, "ts": 1723888115.80699}]}, "version": 275, "at": 1723888115.80699}
{"obj": {"type": "LogFloats", "path": ["Gradient norm"], "values": [{"value": 0.0, "step": null, "ts": 1723888115.80699}]}, "version": 276, "at": 1723888115.80699}
{"obj": {"type": "LogFloats", "path": ["Learning rate"], "values": [{"value": 7.500000000000001e-05, "step": null, "ts": 1723888115.80699}]}, "version": 277, "at": 1723888115.80699}
{"obj": {"type": "LogFloats", "path": ["Loss (Train)"], "values": [{"value": 4.72127628326416, "step": null, "ts": 1723888116.6455803}]}, "version": 278, "at": 1723888116.6455803}
{"obj": {"type": "LogFloats", "path": ["Gradient norm"], "values": [{"value": 0.0, "step": null, "ts": 1723888116.6455803}]}, "version": 279, "at": 1723888116.6455803}
{"obj": {"type": "LogFloats", "path": ["Learning rate"], "values": [{"value": 7.583333333333334e-05, "step": null, "ts": 1723888116.6455803}]}, "version": 280, "at": 1723888116.6455803}
{"obj": {"type": "LogFloats", "path": ["Loss (Train)"], "values": [{"value": 4.504183292388916, "step": null, "ts": 1723888117.5055947}]}, "version": 281, "at": 1723888117.5055947}
{"obj": {"type": "LogFloats", "path": ["Gradient norm"], "values": [{"value": 0.0, "step": null, "ts": 1723888117.5055947}]}, "version": 282, "at": 1723888117.5055947}
{"obj": {"type": "LogFloats", "path": ["Learning rate"], "values": [{"value": 7.666666666666667e-05, "step": null, "ts": 1723888117.5055947}]}, "version": 283, "at": 1723888117.5055947}
{"obj": {"type": "LogFloats", "path": ["Loss (Train)"], "values": [{"value": 4.735119819641113, "step": null, "ts": 1723888118.3611155}]}, "version": 284, "at": 1723888118.3611155}
{"obj": {"type": "LogFloats", "path": ["Gradient norm"], "values": [{"value": 0.0, "step": null, "ts": 1723888118.3611155}]}, "version": 285, "at": 1723888118.3611155}
{"obj": {"type": "LogFloats", "path": ["Learning rate"], "values": [{"value": 7.75e-05, "step": null, "ts": 1723888118.3611155}]}, "version": 286, "at": 1723888118.3611155}
{"obj": {"type": "LogFloats", "path": ["Loss (Train)"], "values": [{"value": 4.784584999084473, "step": null, "ts": 1723888119.3261745}]}, "version": 287, "at": 1723888119.3261745}
{"obj": {"type": "LogFloats", "path": ["Gradient norm"], "values": [{"value": 0.0, "step": null, "ts": 1723888119.3261745}]}, "version": 288, "at": 1723888119.3261745}
{"obj": {"type": "LogFloats", "path": ["Learning rate"], "values": [{"value": 7.833333333333333e-05, "step": null, "ts": 1723888119.3261745}]}, "version": 289, "at": 1723888119.3261745}
{"obj": {"type": "LogFloats", "path": ["Loss (Train)"], "values": [{"value": 4.712299823760986, "step": null, "ts": 1723888120.3077648}]}, "version": 290, "at": 1723888120.3077648}
{"obj": {"type": "LogFloats", "path": ["Gradient norm"], "values": [{"value": 0.0, "step": null, "ts": 1723888120.3077648}]}, "version": 291, "at": 1723888120.3077648}
{"obj": {"type": "LogFloats", "path": ["Learning rate"], "values": [{"value": 7.916666666666666e-05, "step": null, "ts": 1723888120.3077648}]}, "version": 292, "at": 1723888120.3077648}
{"obj": {"type": "LogFloats", "path": ["Loss (Train)"], "values": [{"value": 4.65665864944458, "step": null, "ts": 1723888121.231803}]}, "version": 293, "at": 1723888121.231803}
{"obj": {"type": "LogFloats", "path": ["Gradient norm"], "values": [{"value": 0.0, "step": null, "ts": 1723888121.231803}]}, "version": 294, "at": 1723888121.231803}
{"obj": {"type": "LogFloats", "path": ["Learning rate"], "values": [{"value": 8e-05, "step": null, "ts": 1723888121.231803}]}, "version": 295, "at": 1723888121.231803}
{"obj": {"type": "LogFloats", "path": ["Loss (Train)"], "values": [{"value": 4.932072639465332, "step": null, "ts": 1723888122.149803}]}, "version": 296, "at": 1723888122.149803}
{"obj": {"type": "LogFloats", "path": ["Gradient norm"], "values": [{"value": 0.0, "step": null, "ts": 1723888122.150803}]}, "version": 297, "at": 1723888122.150803}
{"obj": {"type": "LogFloats", "path": ["Learning rate"], "values": [{"value": 8.083333333333334e-05, "step": null, "ts": 1723888122.150803}]}, "version": 298, "at": 1723888122.150803}
{"obj": {"type": "LogFloats", "path": ["Loss (Train)"], "values": [{"value": 4.748847007751465, "step": null, "ts": 1723888123.088809}]}, "version": 299, "at": 1723888123.088809}
{"obj": {"type": "LogFloats", "path": ["Gradient norm"], "values": [{"value": 0.0, "step": null, "ts": 1723888123.088809}]}, "version": 300, "at": 1723888123.088809}
{"obj": {"type": "LogFloats", "path": ["Learning rate"], "values": [{"value": 8.166666666666667e-05, "step": null, "ts": 1723888123.088809}]}, "version": 301, "at": 1723888123.088809}
{"obj": {"type": "LogFloats", "path": ["Loss (Train)"], "values": [{"value": 4.39901876449585, "step": null, "ts": 1723888124.0048156}]}, "version": 302, "at": 1723888124.0048156}
{"obj": {"type": "LogFloats", "path": ["Gradient norm"], "values": [{"value": 0.0, "step": null, "ts": 1723888124.0048156}]}, "version": 303, "at": 1723888124.0048156}
{"obj": {"type": "LogFloats", "path": ["Learning rate"], "values": [{"value": 8.25e-05, "step": null, "ts": 1723888124.0048156}]}, "version": 304, "at": 1723888124.0048156}
{"obj": {"type": "LogFloats", "path": ["Loss (Train)"], "values": [{"value": 4.684172630310059, "step": null, "ts": 1723888125.1588945}]}, "version": 305, "at": 1723888125.1588945}
{"obj": {"type": "LogFloats", "path": ["Gradient norm"], "values": [{"value": 0.0, "step": null, "ts": 1723888125.1588945}]}, "version": 306, "at": 1723888125.1588945}
{"obj": {"type": "LogFloats", "path": ["Learning rate"], "values": [{"value": 8.333333333333334e-05, "step": null, "ts": 1723888125.1588945}]}, "version": 307, "at": 1723888125.1588945}
{"obj": {"type": "LogFloats", "path": ["Loss (Test)"], "values": [{"value": 4.496184370849493, "step": null, "ts": 1723889249.877731}]}, "version": 308, "at": 1723889249.877731}
{"obj": {"type": "LogFloats", "path": ["EM"], "values": [{"value": 0.5287735849056604, "step": null, "ts": 1723889249.877731}]}, "version": 309, "at": 1723889249.877731}
{"obj": {"type": "LogFloats", "path": ["Relaxed correctness"], "values": [{"value": 0.5287735849056604, "step": null, "ts": 1723889249.877731}]}, "version": 310, "at": 1723889249.877731}
{"obj": {"type": "LogFloats", "path": ["ANLS"], "values": [{"value": 0.5539477503628447, "step": null, "ts": 1723889249.8787305}]}, "version": 311, "at": 1723889249.8787305}
