{"obj": {"type": "AssignString", "path": ["sys", "name"], "value": "Untitled"}, "version": 1, "at": 1723886758.2105527}
{"obj": {"type": "AssignString", "path": ["sys", "description"], "value": ""}, "version": 2, "at": 1723886758.2105527}
{"obj": {"type": "AssignString", "path": ["monitoring", "6fbe515d", "hostname"], "value": "DESKTOP-SO4DDQB"}, "version": 3, "at": 1723886758.2105527}
{"obj": {"type": "AssignString", "path": ["sys", "hostname"], "value": "DESKTOP-SO4DDQB"}, "version": 4, "at": 1723886758.2105527}
{"obj": {"type": "AssignString", "path": ["monitoring", "6fbe515d", "pid"], "value": "8616"}, "version": 5, "at": 1723886758.2105527}
{"obj": {"type": "AssignString", "path": ["monitoring", "6fbe515d", "tid"], "value": "14440"}, "version": 6, "at": 1723886758.2105527}
{"obj": {"type": "AssignBool", "path": ["sys", "failed"], "value": false}, "version": 7, "at": 1723886758.2105527}
{"obj": {"type": "LogFloats", "path": ["Loss (Train)"], "values": [{"value": 28.424795150756836, "step": null, "ts": 1723886759.6535575}]}, "version": 8, "at": 1723886759.6535575}
{"obj": {"type": "LogFloats", "path": ["Gradient norm"], "values": [{"value": 0.0, "step": null, "ts": 1723886759.6535575}]}, "version": 9, "at": 1723886759.6535575}
{"obj": {"type": "LogFloats", "path": ["Learning rate"], "values": [{"value": 1e-05, "step": null, "ts": 1723886759.6535575}]}, "version": 10, "at": 1723886759.6535575}
{"obj": {"type": "LogFloats", "path": ["Loss (Train)"], "values": [{"value": 25.557540893554688, "step": null, "ts": 1723886760.568557}]}, "version": 11, "at": 1723886760.568557}
{"obj": {"type": "LogFloats", "path": ["Gradient norm"], "values": [{"value": 0.0, "step": null, "ts": 1723886760.568557}]}, "version": 12, "at": 1723886760.568557}
{"obj": {"type": "LogFloats", "path": ["Learning rate"], "values": [{"value": 2e-05, "step": null, "ts": 1723886760.568557}]}, "version": 13, "at": 1723886760.568557}
{"obj": {"type": "LogFloats", "path": ["Loss (Train)"], "values": [{"value": 21.867286682128906, "step": null, "ts": 1723886761.453557}]}, "version": 14, "at": 1723886761.453557}
{"obj": {"type": "LogFloats", "path": ["Gradient norm"], "values": [{"value": 0.0, "step": null, "ts": 1723886761.453557}]}, "version": 15, "at": 1723886761.453557}
{"obj": {"type": "LogFloats", "path": ["Learning rate"], "values": [{"value": 3e-05, "step": null, "ts": 1723886761.453557}]}, "version": 16, "at": 1723886761.453557}
{"obj": {"type": "LogFloats", "path": ["Loss (Train)"], "values": [{"value": 23.135683059692383, "step": null, "ts": 1723886762.300557}]}, "version": 17, "at": 1723886762.300557}
{"obj": {"type": "LogFloats", "path": ["Gradient norm"], "values": [{"value": 0.0, "step": null, "ts": 1723886762.3015575}]}, "version": 18, "at": 1723886762.3015575}
{"obj": {"type": "LogFloats", "path": ["Learning rate"], "values": [{"value": 4e-05, "step": null, "ts": 1723886762.3015575}]}, "version": 19, "at": 1723886762.3015575}
{"obj": {"type": "LogFloats", "path": ["Loss (Train)"], "values": [{"value": 21.321378707885742, "step": null, "ts": 1723886763.1665566}]}, "version": 20, "at": 1723886763.1665566}
{"obj": {"type": "LogFloats", "path": ["Gradient norm"], "values": [{"value": 0.0, "step": null, "ts": 1723886763.1665566}]}, "version": 21, "at": 1723886763.1665566}
{"obj": {"type": "LogFloats", "path": ["Learning rate"], "values": [{"value": 5e-05, "step": null, "ts": 1723886763.1665566}]}, "version": 22, "at": 1723886763.1665566}
{"obj": {"type": "LogFloats", "path": ["Loss (Train)"], "values": [{"value": 15.160100936889648, "step": null, "ts": 1723886764.061557}]}, "version": 23, "at": 1723886764.061557}
{"obj": {"type": "LogFloats", "path": ["Gradient norm"], "values": [{"value": 0.0, "step": null, "ts": 1723886764.061557}]}, "version": 24, "at": 1723886764.061557}
{"obj": {"type": "LogFloats", "path": ["Learning rate"], "values": [{"value": 6e-05, "step": null, "ts": 1723886764.061557}]}, "version": 25, "at": 1723886764.061557}
{"obj": {"type": "LogFloats", "path": ["Loss (Train)"], "values": [{"value": 18.394309997558594, "step": null, "ts": 1723886764.9667242}]}, "version": 26, "at": 1723886764.9667242}
{"obj": {"type": "LogFloats", "path": ["Gradient norm"], "values": [{"value": 0.0, "step": null, "ts": 1723886764.9667242}]}, "version": 27, "at": 1723886764.9667242}
{"obj": {"type": "LogFloats", "path": ["Learning rate"], "values": [{"value": 7.000000000000001e-05, "step": null, "ts": 1723886764.9667242}]}, "version": 28, "at": 1723886764.9667242}
{"obj": {"type": "LogFloats", "path": ["Loss (Train)"], "values": [{"value": 13.55512523651123, "step": null, "ts": 1723886765.9017253}]}, "version": 29, "at": 1723886765.9017253}
{"obj": {"type": "LogFloats", "path": ["Gradient norm"], "values": [{"value": 0.0, "step": null, "ts": 1723886765.9017253}]}, "version": 30, "at": 1723886765.9017253}
{"obj": {"type": "LogFloats", "path": ["Learning rate"], "values": [{"value": 8e-05, "step": null, "ts": 1723886765.9017253}]}, "version": 31, "at": 1723886765.9017253}
{"obj": {"type": "LogFloats", "path": ["Loss (Train)"], "values": [{"value": 16.419734954833984, "step": null, "ts": 1723886766.7767253}]}, "version": 32, "at": 1723886766.7767253}
{"obj": {"type": "LogFloats", "path": ["Gradient norm"], "values": [{"value": 0.0, "step": null, "ts": 1723886766.7767253}]}, "version": 33, "at": 1723886766.7767253}
{"obj": {"type": "LogFloats", "path": ["Learning rate"], "values": [{"value": 8.999999999999999e-05, "step": null, "ts": 1723886766.7767253}]}, "version": 34, "at": 1723886766.7767253}
{"obj": {"type": "LogFloats", "path": ["Loss (Train)"], "values": [{"value": 14.70945930480957, "step": null, "ts": 1723886767.6727247}]}, "version": 35, "at": 1723886767.6727247}
{"obj": {"type": "LogFloats", "path": ["Gradient norm"], "values": [{"value": 0.0, "step": null, "ts": 1723886767.6727247}]}, "version": 36, "at": 1723886767.6727247}
{"obj": {"type": "LogFloats", "path": ["Learning rate"], "values": [{"value": 0.0001, "step": null, "ts": 1723886767.6727247}]}, "version": 37, "at": 1723886767.6727247}
{"obj": {"type": "LogFloats", "path": ["Loss (Train)"], "values": [{"value": 14.193822860717773, "step": null, "ts": 1723886768.5507252}]}, "version": 38, "at": 1723886768.5507252}
{"obj": {"type": "LogFloats", "path": ["Gradient norm"], "values": [{"value": 0.0, "step": null, "ts": 1723886768.5507252}]}, "version": 39, "at": 1723886768.5507252}
{"obj": {"type": "LogFloats", "path": ["Learning rate"], "values": [{"value": 0.00010999999999999999, "step": null, "ts": 1723886768.5507252}]}, "version": 40, "at": 1723886768.5507252}
{"obj": {"type": "LogFloats", "path": ["Loss (Train)"], "values": [{"value": 10.48928165435791, "step": null, "ts": 1723886769.4467244}]}, "version": 41, "at": 1723886769.4467244}
{"obj": {"type": "LogFloats", "path": ["Gradient norm"], "values": [{"value": 0.0, "step": null, "ts": 1723886769.4467244}]}, "version": 42, "at": 1723886769.4467244}
{"obj": {"type": "LogFloats", "path": ["Learning rate"], "values": [{"value": 0.00012, "step": null, "ts": 1723886769.4467244}]}, "version": 43, "at": 1723886769.4467244}
{"obj": {"type": "LogFloats", "path": ["Loss (Train)"], "values": [{"value": 10.183486938476562, "step": null, "ts": 1723886770.3327243}]}, "version": 44, "at": 1723886770.3327243}
{"obj": {"type": "LogFloats", "path": ["Gradient norm"], "values": [{"value": 0.0, "step": null, "ts": 1723886770.3327243}]}, "version": 45, "at": 1723886770.3327243}
{"obj": {"type": "LogFloats", "path": ["Learning rate"], "values": [{"value": 0.00013, "step": null, "ts": 1723886770.3327243}]}, "version": 46, "at": 1723886770.3337255}
{"obj": {"type": "LogFloats", "path": ["Loss (Train)"], "values": [{"value": 9.051663398742676, "step": null, "ts": 1723886771.3407245}]}, "version": 47, "at": 1723886771.3417246}
{"obj": {"type": "LogFloats", "path": ["Gradient norm"], "values": [{"value": 0.0, "step": null, "ts": 1723886771.3417246}]}, "version": 48, "at": 1723886771.3417246}
{"obj": {"type": "LogFloats", "path": ["Learning rate"], "values": [{"value": 0.00014000000000000001, "step": null, "ts": 1723886771.3417246}]}, "version": 49, "at": 1723886771.3417246}
{"obj": {"type": "LogFloats", "path": ["Loss (Train)"], "values": [{"value": 8.518146514892578, "step": null, "ts": 1723886772.2267244}]}, "version": 50, "at": 1723886772.2267244}
{"obj": {"type": "LogFloats", "path": ["Gradient norm"], "values": [{"value": 0.0, "step": null, "ts": 1723886772.2267244}]}, "version": 51, "at": 1723886772.2267244}
{"obj": {"type": "LogFloats", "path": ["Learning rate"], "values": [{"value": 0.00015, "step": null, "ts": 1723886772.2267244}]}, "version": 52, "at": 1723886772.2267244}
{"obj": {"type": "LogFloats", "path": ["Loss (Train)"], "values": [{"value": 6.65520715713501, "step": null, "ts": 1723886773.1447256}]}, "version": 53, "at": 1723886773.1447256}
{"obj": {"type": "LogFloats", "path": ["Gradient norm"], "values": [{"value": 0.0, "step": null, "ts": 1723886773.1447256}]}, "version": 54, "at": 1723886773.1447256}
{"obj": {"type": "LogFloats", "path": ["Learning rate"], "values": [{"value": 0.00016, "step": null, "ts": 1723886773.1447256}]}, "version": 55, "at": 1723886773.1447256}
{"obj": {"type": "LogFloats", "path": ["Loss (Train)"], "values": [{"value": 6.377677917480469, "step": null, "ts": 1723886774.0367846}]}, "version": 56, "at": 1723886774.0367846}
{"obj": {"type": "LogFloats", "path": ["Gradient norm"], "values": [{"value": 0.0, "step": null, "ts": 1723886774.0367846}]}, "version": 57, "at": 1723886774.0367846}
{"obj": {"type": "LogFloats", "path": ["Learning rate"], "values": [{"value": 0.00017, "step": null, "ts": 1723886774.0367846}]}, "version": 58, "at": 1723886774.0367846}
{"obj": {"type": "LogFloats", "path": ["Loss (Train)"], "values": [{"value": 6.394960880279541, "step": null, "ts": 1723886774.9315455}]}, "version": 59, "at": 1723886774.9315455}
{"obj": {"type": "LogFloats", "path": ["Gradient norm"], "values": [{"value": 0.0, "step": null, "ts": 1723886774.9315455}]}, "version": 60, "at": 1723886774.9315455}
{"obj": {"type": "LogFloats", "path": ["Learning rate"], "values": [{"value": 0.00017999999999999998, "step": null, "ts": 1723886774.9315455}]}, "version": 61, "at": 1723886774.9315455}
{"obj": {"type": "LogFloats", "path": ["Loss (Train)"], "values": [{"value": 5.281630516052246, "step": null, "ts": 1723886775.9056053}]}, "version": 62, "at": 1723886775.9056053}
{"obj": {"type": "LogFloats", "path": ["Gradient norm"], "values": [{"value": 0.0, "step": null, "ts": 1723886775.9056053}]}, "version": 63, "at": 1723886775.9056053}
{"obj": {"type": "LogFloats", "path": ["Learning rate"], "values": [{"value": 0.00019, "step": null, "ts": 1723886775.9056053}]}, "version": 64, "at": 1723886775.9056053}
{"obj": {"type": "LogFloats", "path": ["Loss (Train)"], "values": [{"value": 5.828177452087402, "step": null, "ts": 1723886776.8316445}]}, "version": 65, "at": 1723886776.8316445}
{"obj": {"type": "LogFloats", "path": ["Gradient norm"], "values": [{"value": 0.0, "step": null, "ts": 1723886776.8316445}]}, "version": 66, "at": 1723886776.8316445}
{"obj": {"type": "LogFloats", "path": ["Learning rate"], "values": [{"value": 0.0002, "step": null, "ts": 1723886776.8316445}]}, "version": 67, "at": 1723886776.8316445}
{"obj": {"type": "LogFloats", "path": ["Loss (Train)"], "values": [{"value": 5.196967124938965, "step": null, "ts": 1723886777.7162018}]}, "version": 68, "at": 1723886777.7162018}
{"obj": {"type": "LogFloats", "path": ["Gradient norm"], "values": [{"value": 0.0, "step": null, "ts": 1723886777.7162018}]}, "version": 69, "at": 1723886777.7162018}
{"obj": {"type": "LogFloats", "path": ["Learning rate"], "values": [{"value": 0.00021, "step": null, "ts": 1723886777.7162018}]}, "version": 70, "at": 1723886777.7162018}
{"obj": {"type": "LogFloats", "path": ["Loss (Train)"], "values": [{"value": 5.222273826599121, "step": null, "ts": 1723886778.6652288}]}, "version": 71, "at": 1723886778.6652288}
{"obj": {"type": "LogFloats", "path": ["Gradient norm"], "values": [{"value": 0.0, "step": null, "ts": 1723886778.6652288}]}, "version": 72, "at": 1723886778.6652288}
{"obj": {"type": "LogFloats", "path": ["Learning rate"], "values": [{"value": 0.00021999999999999998, "step": null, "ts": 1723886778.6652288}]}, "version": 73, "at": 1723886778.6652288}
{"obj": {"type": "LogFloats", "path": ["Loss (Train)"], "values": [{"value": 5.1681718826293945, "step": null, "ts": 1723886779.5852678}]}, "version": 74, "at": 1723886779.5852678}
{"obj": {"type": "LogFloats", "path": ["Gradient norm"], "values": [{"value": 0.0, "step": null, "ts": 1723886779.5852678}]}, "version": 75, "at": 1723886779.5852678}
{"obj": {"type": "LogFloats", "path": ["Learning rate"], "values": [{"value": 0.00023, "step": null, "ts": 1723886779.5852678}]}, "version": 76, "at": 1723886779.5852678}
{"obj": {"type": "LogFloats", "path": ["Loss (Train)"], "values": [{"value": 4.699524879455566, "step": null, "ts": 1723886780.5152678}]}, "version": 77, "at": 1723886780.5152678}
{"obj": {"type": "LogFloats", "path": ["Gradient norm"], "values": [{"value": 0.0, "step": null, "ts": 1723886780.5152678}]}, "version": 78, "at": 1723886780.5152678}
{"obj": {"type": "LogFloats", "path": ["Learning rate"], "values": [{"value": 0.00024, "step": null, "ts": 1723886780.5152678}]}, "version": 79, "at": 1723886780.5152678}
{"obj": {"type": "LogFloats", "path": ["Loss (Train)"], "values": [{"value": 4.828919410705566, "step": null, "ts": 1723886781.6312678}]}, "version": 80, "at": 1723886781.6312678}
{"obj": {"type": "LogFloats", "path": ["Gradient norm"], "values": [{"value": 0.0, "step": null, "ts": 1723886781.6312678}]}, "version": 81, "at": 1723886781.6312678}
{"obj": {"type": "LogFloats", "path": ["Learning rate"], "values": [{"value": 0.00025, "step": null, "ts": 1723886781.6312678}]}, "version": 82, "at": 1723886781.6312678}
{"obj": {"type": "LogFloats", "path": ["Loss (Train)"], "values": [{"value": 5.069169521331787, "step": null, "ts": 1723886782.5592675}]}, "version": 83, "at": 1723886782.5592675}
{"obj": {"type": "LogFloats", "path": ["Gradient norm"], "values": [{"value": 0.0, "step": null, "ts": 1723886782.5592675}]}, "version": 84, "at": 1723886782.5592675}
{"obj": {"type": "LogFloats", "path": ["Learning rate"], "values": [{"value": 0.00026, "step": null, "ts": 1723886782.5592675}]}, "version": 85, "at": 1723886782.5592675}
{"obj": {"type": "LogFloats", "path": ["Loss (Train)"], "values": [{"value": 5.115135669708252, "step": null, "ts": 1723886783.596321}]}, "version": 86, "at": 1723886783.596321}
{"obj": {"type": "LogFloats", "path": ["Gradient norm"], "values": [{"value": 0.0, "step": null, "ts": 1723886783.596321}]}, "version": 87, "at": 1723886783.596321}
{"obj": {"type": "LogFloats", "path": ["Learning rate"], "values": [{"value": 0.00027, "step": null, "ts": 1723886783.596321}]}, "version": 88, "at": 1723886783.596321}
{"obj": {"type": "LogFloats", "path": ["Loss (Train)"], "values": [{"value": 5.383016109466553, "step": null, "ts": 1723886784.5123215}]}, "version": 89, "at": 1723886784.5123215}
{"obj": {"type": "LogFloats", "path": ["Gradient norm"], "values": [{"value": 0.0, "step": null, "ts": 1723886784.5123215}]}, "version": 90, "at": 1723886784.5123215}
{"obj": {"type": "LogFloats", "path": ["Learning rate"], "values": [{"value": 0.00028000000000000003, "step": null, "ts": 1723886784.5123215}]}, "version": 91, "at": 1723886784.5123215}
{"obj": {"type": "LogFloats", "path": ["Loss (Train)"], "values": [{"value": 5.66750431060791, "step": null, "ts": 1723886785.4079835}]}, "version": 92, "at": 1723886785.4079835}
{"obj": {"type": "LogFloats", "path": ["Gradient norm"], "values": [{"value": 0.0, "step": null, "ts": 1723886785.408985}]}, "version": 93, "at": 1723886785.408985}
{"obj": {"type": "LogFloats", "path": ["Learning rate"], "values": [{"value": 0.00029, "step": null, "ts": 1723886785.408985}]}, "version": 94, "at": 1723886785.408985}
{"obj": {"type": "LogFloats", "path": ["Loss (Train)"], "values": [{"value": 4.787456512451172, "step": null, "ts": 1723886786.3060236}]}, "version": 95, "at": 1723886786.3060236}
{"obj": {"type": "LogFloats", "path": ["Gradient norm"], "values": [{"value": 0.0, "step": null, "ts": 1723886786.3060236}]}, "version": 96, "at": 1723886786.3060236}
{"obj": {"type": "LogFloats", "path": ["Learning rate"], "values": [{"value": 0.0003, "step": null, "ts": 1723886786.3060236}]}, "version": 97, "at": 1723886786.3060236}
{"obj": {"type": "LogFloats", "path": ["Loss (Train)"], "values": [{"value": 4.850350379943848, "step": null, "ts": 1723886787.2691102}]}, "version": 98, "at": 1723886787.2691102}
{"obj": {"type": "LogFloats", "path": ["Gradient norm"], "values": [{"value": 0.0, "step": null, "ts": 1723886787.2691102}]}, "version": 99, "at": 1723886787.2691102}
{"obj": {"type": "LogFloats", "path": ["Learning rate"], "values": [{"value": 0.00031, "step": null, "ts": 1723886787.2691102}]}, "version": 100, "at": 1723886787.2691102}
{"obj": {"type": "LogFloats", "path": ["Loss (Train)"], "values": [{"value": 4.483219146728516, "step": null, "ts": 1723886788.2421553}]}, "version": 101, "at": 1723886788.2421553}
{"obj": {"type": "LogFloats", "path": ["Gradient norm"], "values": [{"value": 0.0, "step": null, "ts": 1723886788.2421553}]}, "version": 102, "at": 1723886788.2421553}
{"obj": {"type": "LogFloats", "path": ["Learning rate"], "values": [{"value": 0.00032, "step": null, "ts": 1723886788.2421553}]}, "version": 103, "at": 1723886788.2421553}
{"obj": {"type": "LogFloats", "path": ["Loss (Train)"], "values": [{"value": 4.497912406921387, "step": null, "ts": 1723886789.2432609}]}, "version": 104, "at": 1723886789.244261}
{"obj": {"type": "LogFloats", "path": ["Gradient norm"], "values": [{"value": 0.0, "step": null, "ts": 1723886789.244261}]}, "version": 105, "at": 1723886789.244261}
{"obj": {"type": "LogFloats", "path": ["Learning rate"], "values": [{"value": 0.00033, "step": null, "ts": 1723886789.244261}]}, "version": 106, "at": 1723886789.244261}
{"obj": {"type": "LogFloats", "path": ["Loss (Train)"], "values": [{"value": 4.234126091003418, "step": null, "ts": 1723886790.141294}]}, "version": 107, "at": 1723886790.141294}
{"obj": {"type": "LogFloats", "path": ["Gradient norm"], "values": [{"value": 0.0, "step": null, "ts": 1723886790.141294}]}, "version": 108, "at": 1723886790.141294}
{"obj": {"type": "LogFloats", "path": ["Learning rate"], "values": [{"value": 0.00034, "step": null, "ts": 1723886790.141294}]}, "version": 109, "at": 1723886790.141294}
{"obj": {"type": "LogFloats", "path": ["Loss (Train)"], "values": [{"value": 3.9343552589416504, "step": null, "ts": 1723886791.0353234}]}, "version": 110, "at": 1723886791.0353234}
{"obj": {"type": "LogFloats", "path": ["Gradient norm"], "values": [{"value": 0.0, "step": null, "ts": 1723886791.0353234}]}, "version": 111, "at": 1723886791.0353234}
{"obj": {"type": "LogFloats", "path": ["Learning rate"], "values": [{"value": 0.00035000000000000005, "step": null, "ts": 1723886791.0353234}]}, "version": 112, "at": 1723886791.0353234}
{"obj": {"type": "LogFloats", "path": ["Loss (Train)"], "values": [{"value": 4.257257461547852, "step": null, "ts": 1723886791.8943355}]}, "version": 113, "at": 1723886791.8943355}
{"obj": {"type": "LogFloats", "path": ["Gradient norm"], "values": [{"value": 0.0, "step": null, "ts": 1723886791.8943355}]}, "version": 114, "at": 1723886791.8943355}
{"obj": {"type": "LogFloats", "path": ["Learning rate"], "values": [{"value": 0.00035999999999999997, "step": null, "ts": 1723886791.8943355}]}, "version": 115, "at": 1723886791.8943355}
{"obj": {"type": "LogFloats", "path": ["Loss (Train)"], "values": [{"value": 4.247406959533691, "step": null, "ts": 1723886792.7633362}]}, "version": 116, "at": 1723886792.7633362}
{"obj": {"type": "LogFloats", "path": ["Gradient norm"], "values": [{"value": 0.0, "step": null, "ts": 1723886792.7643359}]}, "version": 117, "at": 1723886792.7643359}
{"obj": {"type": "LogFloats", "path": ["Learning rate"], "values": [{"value": 0.00037, "step": null, "ts": 1723886792.7643359}]}, "version": 118, "at": 1723886792.7643359}
{"obj": {"type": "LogFloats", "path": ["Loss (Train)"], "values": [{"value": 4.0116376876831055, "step": null, "ts": 1723886793.6403356}]}, "version": 119, "at": 1723886793.6403356}
{"obj": {"type": "LogFloats", "path": ["Gradient norm"], "values": [{"value": 0.0, "step": null, "ts": 1723886793.6403356}]}, "version": 120, "at": 1723886793.6403356}
{"obj": {"type": "LogFloats", "path": ["Learning rate"], "values": [{"value": 0.00038, "step": null, "ts": 1723886793.6403356}]}, "version": 121, "at": 1723886793.6403356}
{"obj": {"type": "LogFloats", "path": ["Loss (Train)"], "values": [{"value": 3.5091235637664795, "step": null, "ts": 1723886794.5293357}]}, "version": 122, "at": 1723886794.5293357}
{"obj": {"type": "LogFloats", "path": ["Gradient norm"], "values": [{"value": 0.0, "step": null, "ts": 1723886794.5293357}]}, "version": 123, "at": 1723886794.5293357}
{"obj": {"type": "LogFloats", "path": ["Learning rate"], "values": [{"value": 0.00039, "step": null, "ts": 1723886794.5293357}]}, "version": 124, "at": 1723886794.5293357}
{"obj": {"type": "LogFloats", "path": ["Loss (Train)"], "values": [{"value": 3.261195659637451, "step": null, "ts": 1723886795.4200373}]}, "version": 125, "at": 1723886795.4200373}
{"obj": {"type": "LogFloats", "path": ["Gradient norm"], "values": [{"value": 0.0, "step": null, "ts": 1723886795.4200373}]}, "version": 126, "at": 1723886795.4200373}
{"obj": {"type": "LogFloats", "path": ["Learning rate"], "values": [{"value": 0.0004, "step": null, "ts": 1723886795.4200373}]}, "version": 127, "at": 1723886795.4200373}
{"obj": {"type": "LogFloats", "path": ["Loss (Train)"], "values": [{"value": 3.732321262359619, "step": null, "ts": 1723886796.3170364}]}, "version": 128, "at": 1723886796.3170364}
{"obj": {"type": "LogFloats", "path": ["Gradient norm"], "values": [{"value": 0.0, "step": null, "ts": 1723886796.3170364}]}, "version": 129, "at": 1723886796.3170364}
{"obj": {"type": "LogFloats", "path": ["Learning rate"], "values": [{"value": 0.00041000000000000005, "step": null, "ts": 1723886796.3170364}]}, "version": 130, "at": 1723886796.3170364}
{"obj": {"type": "LogFloats", "path": ["Loss (Train)"], "values": [{"value": 3.667144775390625, "step": null, "ts": 1723886797.184086}]}, "version": 131, "at": 1723886797.184086}
{"obj": {"type": "LogFloats", "path": ["Gradient norm"], "values": [{"value": 0.0, "step": null, "ts": 1723886797.184086}]}, "version": 132, "at": 1723886797.184086}
{"obj": {"type": "LogFloats", "path": ["Learning rate"], "values": [{"value": 0.00042, "step": null, "ts": 1723886797.184086}]}, "version": 133, "at": 1723886797.184086}
{"obj": {"type": "LogFloats", "path": ["Loss (Train)"], "values": [{"value": 3.8359832763671875, "step": null, "ts": 1723886798.1341138}]}, "version": 134, "at": 1723886798.1341138}
{"obj": {"type": "LogFloats", "path": ["Gradient norm"], "values": [{"value": 0.0, "step": null, "ts": 1723886798.1341138}]}, "version": 135, "at": 1723886798.1341138}
{"obj": {"type": "LogFloats", "path": ["Learning rate"], "values": [{"value": 0.00043, "step": null, "ts": 1723886798.1341138}]}, "version": 136, "at": 1723886798.1341138}
{"obj": {"type": "LogFloats", "path": ["Loss (Train)"], "values": [{"value": 3.183471202850342, "step": null, "ts": 1723886799.0671132}]}, "version": 137, "at": 1723886799.0671132}
{"obj": {"type": "LogFloats", "path": ["Gradient norm"], "values": [{"value": 0.0, "step": null, "ts": 1723886799.0671132}]}, "version": 138, "at": 1723886799.0671132}
{"obj": {"type": "LogFloats", "path": ["Learning rate"], "values": [{"value": 0.00043999999999999996, "step": null, "ts": 1723886799.0671132}]}, "version": 139, "at": 1723886799.0671132}
{"obj": {"type": "LogFloats", "path": ["Loss (Train)"], "values": [{"value": 3.0858213901519775, "step": null, "ts": 1723886799.9711144}]}, "version": 140, "at": 1723886799.9711144}
{"obj": {"type": "LogFloats", "path": ["Gradient norm"], "values": [{"value": 0.0, "step": null, "ts": 1723886799.9711144}]}, "version": 141, "at": 1723886799.9711144}
{"obj": {"type": "LogFloats", "path": ["Learning rate"], "values": [{"value": 0.00045, "step": null, "ts": 1723886799.9711144}]}, "version": 142, "at": 1723886799.9711144}
{"obj": {"type": "LogFloats", "path": ["Loss (Train)"], "values": [{"value": 2.5670905113220215, "step": null, "ts": 1723886800.8581133}]}, "version": 143, "at": 1723886800.8581133}
{"obj": {"type": "LogFloats", "path": ["Gradient norm"], "values": [{"value": 0.0, "step": null, "ts": 1723886800.8581133}]}, "version": 144, "at": 1723886800.8581133}
{"obj": {"type": "LogFloats", "path": ["Learning rate"], "values": [{"value": 0.00046, "step": null, "ts": 1723886800.8581133}]}, "version": 145, "at": 1723886800.8581133}
{"obj": {"type": "LogFloats", "path": ["Loss (Train)"], "values": [{"value": 3.1828317642211914, "step": null, "ts": 1723886801.7751143}]}, "version": 146, "at": 1723886801.7751143}
{"obj": {"type": "LogFloats", "path": ["Gradient norm"], "values": [{"value": 0.0, "step": null, "ts": 1723886801.7751143}]}, "version": 147, "at": 1723886801.7751143}
{"obj": {"type": "LogFloats", "path": ["Learning rate"], "values": [{"value": 0.00047, "step": null, "ts": 1723886801.7751143}]}, "version": 148, "at": 1723886801.7751143}
{"obj": {"type": "LogFloats", "path": ["Loss (Train)"], "values": [{"value": 2.668513774871826, "step": null, "ts": 1723886802.8552241}]}, "version": 149, "at": 1723886802.8552241}
{"obj": {"type": "LogFloats", "path": ["Gradient norm"], "values": [{"value": 0.0, "step": null, "ts": 1723886802.8552241}]}, "version": 150, "at": 1723886802.8552241}
{"obj": {"type": "LogFloats", "path": ["Learning rate"], "values": [{"value": 0.00048, "step": null, "ts": 1723886802.8552241}]}, "version": 151, "at": 1723886802.8552241}
{"obj": {"type": "LogFloats", "path": ["Loss (Train)"], "values": [{"value": 2.527047872543335, "step": null, "ts": 1723886803.7482252}]}, "version": 152, "at": 1723886803.7482252}
{"obj": {"type": "LogFloats", "path": ["Gradient norm"], "values": [{"value": 0.0, "step": null, "ts": 1723886803.7482252}]}, "version": 153, "at": 1723886803.7482252}
{"obj": {"type": "LogFloats", "path": ["Learning rate"], "values": [{"value": 0.00049, "step": null, "ts": 1723886803.7482252}]}, "version": 154, "at": 1723886803.7482252}
{"obj": {"type": "LogFloats", "path": ["Loss (Train)"], "values": [{"value": 2.1814827919006348, "step": null, "ts": 1723886804.7419991}]}, "version": 155, "at": 1723886804.7419991}
{"obj": {"type": "LogFloats", "path": ["Gradient norm"], "values": [{"value": 0.0, "step": null, "ts": 1723886804.7419991}]}, "version": 156, "at": 1723886804.7419991}
{"obj": {"type": "LogFloats", "path": ["Learning rate"], "values": [{"value": 0.0005, "step": null, "ts": 1723886804.7419991}]}, "version": 157, "at": 1723886804.7419991}
{"obj": {"type": "LogFloats", "path": ["Loss (Train)"], "values": [{"value": 2.6979682445526123, "step": null, "ts": 1723886805.7016118}]}, "version": 158, "at": 1723886805.7016118}
{"obj": {"type": "LogFloats", "path": ["Gradient norm"], "values": [{"value": 0.0, "step": null, "ts": 1723886805.7016118}]}, "version": 159, "at": 1723886805.7016118}
{"obj": {"type": "LogFloats", "path": ["Learning rate"], "values": [{"value": 0.0005099999999999999, "step": null, "ts": 1723886805.7016118}]}, "version": 160, "at": 1723886805.7016118}
{"obj": {"type": "LogFloats", "path": ["Loss (Train)"], "values": [{"value": 1.8839117288589478, "step": null, "ts": 1723886806.6256382}]}, "version": 161, "at": 1723886806.6256382}
{"obj": {"type": "LogFloats", "path": ["Gradient norm"], "values": [{"value": 0.0, "step": null, "ts": 1723886806.6256382}]}, "version": 162, "at": 1723886806.6256382}
{"obj": {"type": "LogFloats", "path": ["Learning rate"], "values": [{"value": 0.00052, "step": null, "ts": 1723886806.6256382}]}, "version": 163, "at": 1723886806.6256382}
{"obj": {"type": "LogFloats", "path": ["Loss (Train)"], "values": [{"value": 1.8822683095932007, "step": null, "ts": 1723886807.5340824}]}, "version": 164, "at": 1723886807.5340824}
{"obj": {"type": "LogFloats", "path": ["Gradient norm"], "values": [{"value": 0.0, "step": null, "ts": 1723886807.5340824}]}, "version": 165, "at": 1723886807.5340824}
{"obj": {"type": "LogFloats", "path": ["Learning rate"], "values": [{"value": 0.00053, "step": null, "ts": 1723886807.5340824}]}, "version": 166, "at": 1723886807.5340824}
{"obj": {"type": "LogFloats", "path": ["Loss (Train)"], "values": [{"value": 1.6823810338974, "step": null, "ts": 1723886808.4051332}]}, "version": 167, "at": 1723886808.4051332}
{"obj": {"type": "LogFloats", "path": ["Gradient norm"], "values": [{"value": 0.0, "step": null, "ts": 1723886808.4051332}]}, "version": 168, "at": 1723886808.4051332}
{"obj": {"type": "LogFloats", "path": ["Learning rate"], "values": [{"value": 0.00054, "step": null, "ts": 1723886808.4051332}]}, "version": 169, "at": 1723886808.4051332}
{"obj": {"type": "LogFloats", "path": ["Loss (Train)"], "values": [{"value": 1.4489352703094482, "step": null, "ts": 1723886809.3721616}]}, "version": 170, "at": 1723886809.3721616}
{"obj": {"type": "LogFloats", "path": ["Gradient norm"], "values": [{"value": 0.0, "step": null, "ts": 1723886809.3721616}]}, "version": 171, "at": 1723886809.3721616}
{"obj": {"type": "LogFloats", "path": ["Learning rate"], "values": [{"value": 0.00055, "step": null, "ts": 1723886809.3721616}]}, "version": 172, "at": 1723886809.3721616}
{"obj": {"type": "LogFloats", "path": ["Loss (Train)"], "values": [{"value": 1.4255870580673218, "step": null, "ts": 1723886810.2721612}]}, "version": 173, "at": 1723886810.2721612}
{"obj": {"type": "LogFloats", "path": ["Gradient norm"], "values": [{"value": 0.0, "step": null, "ts": 1723886810.2721612}]}, "version": 174, "at": 1723886810.2721612}
{"obj": {"type": "LogFloats", "path": ["Learning rate"], "values": [{"value": 0.0005600000000000001, "step": null, "ts": 1723886810.2721612}]}, "version": 175, "at": 1723886810.2721612}
{"obj": {"type": "LogFloats", "path": ["Loss (Train)"], "values": [{"value": 1.4761344194412231, "step": null, "ts": 1723886811.1381626}]}, "version": 176, "at": 1723886811.139161}
{"obj": {"type": "LogFloats", "path": ["Gradient norm"], "values": [{"value": 0.0, "step": null, "ts": 1723886811.139161}]}, "version": 177, "at": 1723886811.139161}
{"obj": {"type": "LogFloats", "path": ["Learning rate"], "values": [{"value": 0.0005700000000000001, "step": null, "ts": 1723886811.139161}]}, "version": 178, "at": 1723886811.139161}
{"obj": {"type": "LogFloats", "path": ["Loss (Train)"], "values": [{"value": 1.9640181064605713, "step": null, "ts": 1723886812.0130317}]}, "version": 179, "at": 1723886812.0130317}
{"obj": {"type": "LogFloats", "path": ["Gradient norm"], "values": [{"value": 0.0, "step": null, "ts": 1723886812.0140316}]}, "version": 180, "at": 1723886812.0140316}
{"obj": {"type": "LogFloats", "path": ["Learning rate"], "values": [{"value": 0.00058, "step": null, "ts": 1723886812.0140316}]}, "version": 181, "at": 1723886812.0140316}
{"obj": {"type": "LogFloats", "path": ["Loss (Train)"], "values": [{"value": 4.583200931549072, "step": null, "ts": 1723886812.9260375}]}, "version": 182, "at": 1723886812.9260375}
{"obj": {"type": "LogFloats", "path": ["Gradient norm"], "values": [{"value": 0.0, "step": null, "ts": 1723886812.9260375}]}, "version": 183, "at": 1723886812.9260375}
{"obj": {"type": "LogFloats", "path": ["Learning rate"], "values": [{"value": 0.00059, "step": null, "ts": 1723886812.9260375}]}, "version": 184, "at": 1723886812.9260375}
{"obj": {"type": "LogFloats", "path": ["Loss (Train)"], "values": [{"value": 1.343109130859375, "step": null, "ts": 1723886813.8130379}]}, "version": 185, "at": 1723886813.8140376}
{"obj": {"type": "LogFloats", "path": ["Gradient norm"], "values": [{"value": 0.0, "step": null, "ts": 1723886813.8140376}]}, "version": 186, "at": 1723886813.8140376}
{"obj": {"type": "LogFloats", "path": ["Learning rate"], "values": [{"value": 0.0006, "step": null, "ts": 1723886813.8140376}]}, "version": 187, "at": 1723886813.8140376}
{"obj": {"type": "LogFloats", "path": ["Loss (Train)"], "values": [{"value": 1.1595687866210938, "step": null, "ts": 1723886814.700037}]}, "version": 188, "at": 1723886814.700037}
{"obj": {"type": "LogFloats", "path": ["Gradient norm"], "values": [{"value": 0.0, "step": null, "ts": 1723886814.700037}]}, "version": 189, "at": 1723886814.700037}
{"obj": {"type": "LogFloats", "path": ["Learning rate"], "values": [{"value": 0.00061, "step": null, "ts": 1723886814.7010376}]}, "version": 190, "at": 1723886814.7010376}
{"obj": {"type": "LogFloats", "path": ["Loss (Train)"], "values": [{"value": 0.9497372508049011, "step": null, "ts": 1723886815.55197}]}, "version": 191, "at": 1723886815.55197}
{"obj": {"type": "LogFloats", "path": ["Gradient norm"], "values": [{"value": 0.0, "step": null, "ts": 1723886815.55197}]}, "version": 192, "at": 1723886815.55197}
{"obj": {"type": "LogFloats", "path": ["Learning rate"], "values": [{"value": 0.00062, "step": null, "ts": 1723886815.55197}]}, "version": 193, "at": 1723886815.55197}
{"obj": {"type": "LogFloats", "path": ["Loss (Train)"], "values": [{"value": 1.2699419260025024, "step": null, "ts": 1723886816.4160032}]}, "version": 194, "at": 1723886816.4160032}
{"obj": {"type": "LogFloats", "path": ["Gradient norm"], "values": [{"value": 0.0, "step": null, "ts": 1723886816.4160032}]}, "version": 195, "at": 1723886816.4160032}
{"obj": {"type": "LogFloats", "path": ["Learning rate"], "values": [{"value": 0.00063, "step": null, "ts": 1723886816.4160032}]}, "version": 196, "at": 1723886816.4160032}
{"obj": {"type": "LogFloats", "path": ["Loss (Train)"], "values": [{"value": 0.9261616468429565, "step": null, "ts": 1723886817.2915726}]}, "version": 197, "at": 1723886817.2915726}
{"obj": {"type": "LogFloats", "path": ["Gradient norm"], "values": [{"value": 0.0, "step": null, "ts": 1723886817.2925725}]}, "version": 198, "at": 1723886817.2925725}
{"obj": {"type": "LogFloats", "path": ["Learning rate"], "values": [{"value": 0.00064, "step": null, "ts": 1723886817.2925725}]}, "version": 199, "at": 1723886817.2925725}
{"obj": {"type": "LogFloats", "path": ["Loss (Train)"], "values": [{"value": 0.7117730379104614, "step": null, "ts": 1723886818.1836486}]}, "version": 200, "at": 1723886818.1836486}
{"obj": {"type": "LogFloats", "path": ["Gradient norm"], "values": [{"value": 0.0, "step": null, "ts": 1723886818.1836486}]}, "version": 201, "at": 1723886818.1836486}
{"obj": {"type": "LogFloats", "path": ["Learning rate"], "values": [{"value": 0.0006500000000000001, "step": null, "ts": 1723886818.1836486}]}, "version": 202, "at": 1723886818.1836486}
{"obj": {"type": "LogFloats", "path": ["Loss (Train)"], "values": [{"value": 0.6292546987533569, "step": null, "ts": 1723886819.0750532}]}, "version": 203, "at": 1723886819.0750532}
{"obj": {"type": "LogFloats", "path": ["Gradient norm"], "values": [{"value": 0.0, "step": null, "ts": 1723886819.0750532}]}, "version": 204, "at": 1723886819.0750532}
{"obj": {"type": "LogFloats", "path": ["Learning rate"], "values": [{"value": 0.00066, "step": null, "ts": 1723886819.0750532}]}, "version": 205, "at": 1723886819.0750532}
{"obj": {"type": "LogFloats", "path": ["Loss (Train)"], "values": [{"value": 0.6935427188873291, "step": null, "ts": 1723886820.0000532}]}, "version": 206, "at": 1723886820.0000532}
{"obj": {"type": "LogFloats", "path": ["Gradient norm"], "values": [{"value": 0.0, "step": null, "ts": 1723886820.0000532}]}, "version": 207, "at": 1723886820.0000532}
{"obj": {"type": "LogFloats", "path": ["Learning rate"], "values": [{"value": 0.00067, "step": null, "ts": 1723886820.0000532}]}, "version": 208, "at": 1723886820.0000532}
{"obj": {"type": "LogFloats", "path": ["Loss (Train)"], "values": [{"value": 0.8053244352340698, "step": null, "ts": 1723886820.9560535}]}, "version": 209, "at": 1723886820.9560535}
{"obj": {"type": "LogFloats", "path": ["Gradient norm"], "values": [{"value": 0.0, "step": null, "ts": 1723886820.9560535}]}, "version": 210, "at": 1723886820.9560535}
{"obj": {"type": "LogFloats", "path": ["Learning rate"], "values": [{"value": 0.00068, "step": null, "ts": 1723886820.9560535}]}, "version": 211, "at": 1723886820.9560535}
{"obj": {"type": "LogFloats", "path": ["Loss (Train)"], "values": [{"value": 0.6396497488021851, "step": null, "ts": 1723886821.8760536}]}, "version": 212, "at": 1723886821.8760536}
{"obj": {"type": "LogFloats", "path": ["Gradient norm"], "values": [{"value": 0.0, "step": null, "ts": 1723886821.8760536}]}, "version": 213, "at": 1723886821.8760536}
{"obj": {"type": "LogFloats", "path": ["Learning rate"], "values": [{"value": 0.0006900000000000001, "step": null, "ts": 1723886821.8760536}]}, "version": 214, "at": 1723886821.8760536}
{"obj": {"type": "LogFloats", "path": ["Loss (Train)"], "values": [{"value": 0.4039943218231201, "step": null, "ts": 1723886822.7680528}]}, "version": 215, "at": 1723886822.7680528}
{"obj": {"type": "LogFloats", "path": ["Gradient norm"], "values": [{"value": 0.0, "step": null, "ts": 1723886822.7680528}]}, "version": 216, "at": 1723886822.7680528}
{"obj": {"type": "LogFloats", "path": ["Learning rate"], "values": [{"value": 0.0007000000000000001, "step": null, "ts": 1723886822.7680528}]}, "version": 217, "at": 1723886822.7680528}
{"obj": {"type": "LogFloats", "path": ["Loss (Train)"], "values": [{"value": 0.4857446253299713, "step": null, "ts": 1723886823.651053}]}, "version": 218, "at": 1723886823.6520526}
{"obj": {"type": "LogFloats", "path": ["Gradient norm"], "values": [{"value": 0.0, "step": null, "ts": 1723886823.6520526}]}, "version": 219, "at": 1723886823.6520526}
{"obj": {"type": "LogFloats", "path": ["Learning rate"], "values": [{"value": 0.0007099999999999999, "step": null, "ts": 1723886823.6520526}]}, "version": 220, "at": 1723886823.6520526}
{"obj": {"type": "LogFloats", "path": ["Loss (Train)"], "values": [{"value": 1.1090730428695679, "step": null, "ts": 1723886824.543054}]}, "version": 221, "at": 1723886824.543054}
{"obj": {"type": "LogFloats", "path": ["Gradient norm"], "values": [{"value": 0.0, "step": null, "ts": 1723886824.543054}]}, "version": 222, "at": 1723886824.543054}
{"obj": {"type": "LogFloats", "path": ["Learning rate"], "values": [{"value": 0.0007199999999999999, "step": null, "ts": 1723886824.543054}]}, "version": 223, "at": 1723886824.543054}
{"obj": {"type": "LogFloats", "path": ["Loss (Train)"], "values": [{"value": 0.9585312604904175, "step": null, "ts": 1723886825.4787307}]}, "version": 224, "at": 1723886825.4787307}
{"obj": {"type": "LogFloats", "path": ["Gradient norm"], "values": [{"value": 0.0, "step": null, "ts": 1723886825.4787307}]}, "version": 225, "at": 1723886825.4787307}
{"obj": {"type": "LogFloats", "path": ["Learning rate"], "values": [{"value": 0.00073, "step": null, "ts": 1723886825.4787307}]}, "version": 226, "at": 1723886825.4787307}
{"obj": {"type": "LogFloats", "path": ["Loss (Train)"], "values": [{"value": 0.3174970746040344, "step": null, "ts": 1723886826.4317305}]}, "version": 227, "at": 1723886826.4317305}
{"obj": {"type": "LogFloats", "path": ["Gradient norm"], "values": [{"value": 0.0, "step": null, "ts": 1723886826.4317305}]}, "version": 228, "at": 1723886826.4317305}
{"obj": {"type": "LogFloats", "path": ["Learning rate"], "values": [{"value": 0.00074, "step": null, "ts": 1723886826.4317305}]}, "version": 229, "at": 1723886826.4317305}
{"obj": {"type": "LogFloats", "path": ["Loss (Train)"], "values": [{"value": 1.2279125452041626, "step": null, "ts": 1723886827.3967319}]}, "version": 230, "at": 1723886827.3967319}
{"obj": {"type": "LogFloats", "path": ["Gradient norm"], "values": [{"value": 0.0, "step": null, "ts": 1723886827.3967319}]}, "version": 231, "at": 1723886827.3967319}
{"obj": {"type": "LogFloats", "path": ["Learning rate"], "values": [{"value": 0.00075, "step": null, "ts": 1723886827.3977323}]}, "version": 232, "at": 1723886827.3977323}
{"obj": {"type": "LogFloats", "path": ["Loss (Train)"], "values": [{"value": 0.2751085162162781, "step": null, "ts": 1723886828.300732}]}, "version": 233, "at": 1723886828.300732}
{"obj": {"type": "LogFloats", "path": ["Gradient norm"], "values": [{"value": 0.0, "step": null, "ts": 1723886828.301731}]}, "version": 234, "at": 1723886828.301731}
{"obj": {"type": "LogFloats", "path": ["Learning rate"], "values": [{"value": 0.00076, "step": null, "ts": 1723886828.301731}]}, "version": 235, "at": 1723886828.301731}
{"obj": {"type": "LogFloats", "path": ["Loss (Train)"], "values": [{"value": 0.5071951150894165, "step": null, "ts": 1723886829.218731}]}, "version": 236, "at": 1723886829.218731}
{"obj": {"type": "LogFloats", "path": ["Gradient norm"], "values": [{"value": 0.0, "step": null, "ts": 1723886829.218731}]}, "version": 237, "at": 1723886829.218731}
{"obj": {"type": "LogFloats", "path": ["Learning rate"], "values": [{"value": 0.00077, "step": null, "ts": 1723886829.218731}]}, "version": 238, "at": 1723886829.218731}
{"obj": {"type": "LogFloats", "path": ["Loss (Train)"], "values": [{"value": 0.33613619208335876, "step": null, "ts": 1723886830.1327307}]}, "version": 239, "at": 1723886830.1327307}
{"obj": {"type": "LogFloats", "path": ["Gradient norm"], "values": [{"value": 0.0, "step": null, "ts": 1723886830.1327307}]}, "version": 240, "at": 1723886830.1327307}
{"obj": {"type": "LogFloats", "path": ["Learning rate"], "values": [{"value": 0.00078, "step": null, "ts": 1723886830.1327307}]}, "version": 241, "at": 1723886830.1327307}
{"obj": {"type": "LogFloats", "path": ["Loss (Train)"], "values": [{"value": 0.20113921165466309, "step": null, "ts": 1723886831.0257308}]}, "version": 242, "at": 1723886831.0257308}
{"obj": {"type": "LogFloats", "path": ["Gradient norm"], "values": [{"value": 0.0, "step": null, "ts": 1723886831.0257308}]}, "version": 243, "at": 1723886831.0257308}
{"obj": {"type": "LogFloats", "path": ["Learning rate"], "values": [{"value": 0.00079, "step": null, "ts": 1723886831.0257308}]}, "version": 244, "at": 1723886831.0257308}
{"obj": {"type": "LogFloats", "path": ["Loss (Train)"], "values": [{"value": 0.2209482192993164, "step": null, "ts": 1723886831.9327304}]}, "version": 245, "at": 1723886831.9327304}
{"obj": {"type": "LogFloats", "path": ["Gradient norm"], "values": [{"value": 0.0, "step": null, "ts": 1723886831.9327304}]}, "version": 246, "at": 1723886831.9327304}
{"obj": {"type": "LogFloats", "path": ["Learning rate"], "values": [{"value": 0.0008, "step": null, "ts": 1723886831.9327304}]}, "version": 247, "at": 1723886831.9327304}
{"obj": {"type": "LogFloats", "path": ["Loss (Train)"], "values": [{"value": 0.27733710408210754, "step": null, "ts": 1723886832.8337302}]}, "version": 248, "at": 1723886832.8337302}
{"obj": {"type": "LogFloats", "path": ["Gradient norm"], "values": [{"value": 0.0, "step": null, "ts": 1723886832.8347309}]}, "version": 249, "at": 1723886832.8347309}
{"obj": {"type": "LogFloats", "path": ["Learning rate"], "values": [{"value": 0.0008100000000000001, "step": null, "ts": 1723886832.8347309}]}, "version": 250, "at": 1723886832.8347309}
{"obj": {"type": "LogFloats", "path": ["Loss (Train)"], "values": [{"value": 0.6158058047294617, "step": null, "ts": 1723886833.7531579}]}, "version": 251, "at": 1723886833.7531579}
{"obj": {"type": "LogFloats", "path": ["Gradient norm"], "values": [{"value": 0.0, "step": null, "ts": 1723886833.7531579}]}, "version": 252, "at": 1723886833.7531579}
{"obj": {"type": "LogFloats", "path": ["Learning rate"], "values": [{"value": 0.0008200000000000001, "step": null, "ts": 1723886833.7531579}]}, "version": 253, "at": 1723886833.7531579}
{"obj": {"type": "LogFloats", "path": ["Loss (Train)"], "values": [{"value": 0.1619141399860382, "step": null, "ts": 1723886834.6031575}]}, "version": 254, "at": 1723886834.6031575}
{"obj": {"type": "LogFloats", "path": ["Gradient norm"], "values": [{"value": 0.0, "step": null, "ts": 1723886834.6031575}]}, "version": 255, "at": 1723886834.6031575}
{"obj": {"type": "LogFloats", "path": ["Learning rate"], "values": [{"value": 0.00083, "step": null, "ts": 1723886834.6031575}]}, "version": 256, "at": 1723886834.6031575}
{"obj": {"type": "LogFloats", "path": ["Loss (Train)"], "values": [{"value": 0.09751269966363907, "step": null, "ts": 1723886835.466307}]}, "version": 257, "at": 1723886835.466307}
{"obj": {"type": "LogFloats", "path": ["Gradient norm"], "values": [{"value": 0.0, "step": null, "ts": 1723886835.466307}]}, "version": 258, "at": 1723886835.466307}
{"obj": {"type": "LogFloats", "path": ["Learning rate"], "values": [{"value": 0.00084, "step": null, "ts": 1723886835.466307}]}, "version": 259, "at": 1723886835.466307}
{"obj": {"type": "LogFloats", "path": ["Loss (Train)"], "values": [{"value": 0.9742447137832642, "step": null, "ts": 1723886836.3783069}]}, "version": 260, "at": 1723886836.3783069}
{"obj": {"type": "LogFloats", "path": ["Gradient norm"], "values": [{"value": 0.0, "step": null, "ts": 1723886836.3783069}]}, "version": 261, "at": 1723886836.3783069}
{"obj": {"type": "LogFloats", "path": ["Learning rate"], "values": [{"value": 0.0008500000000000001, "step": null, "ts": 1723886836.3783069}]}, "version": 262, "at": 1723886836.3783069}
{"obj": {"type": "LogFloats", "path": ["Loss (Train)"], "values": [{"value": 0.2820454239845276, "step": null, "ts": 1723886837.2673063}]}, "version": 263, "at": 1723886837.2673063}
{"obj": {"type": "LogFloats", "path": ["Gradient norm"], "values": [{"value": 0.0, "step": null, "ts": 1723886837.2673063}]}, "version": 264, "at": 1723886837.2673063}
{"obj": {"type": "LogFloats", "path": ["Learning rate"], "values": [{"value": 0.00086, "step": null, "ts": 1723886837.2673063}]}, "version": 265, "at": 1723886837.2673063}
{"obj": {"type": "LogFloats", "path": ["Loss (Train)"], "values": [{"value": 0.18642914295196533, "step": null, "ts": 1723886838.1593068}]}, "version": 266, "at": 1723886838.1593068}
{"obj": {"type": "LogFloats", "path": ["Gradient norm"], "values": [{"value": 0.0, "step": null, "ts": 1723886838.1593068}]}, "version": 267, "at": 1723886838.1593068}
{"obj": {"type": "LogFloats", "path": ["Learning rate"], "values": [{"value": 0.00087, "step": null, "ts": 1723886838.1593068}]}, "version": 268, "at": 1723886838.1593068}
{"obj": {"type": "LogFloats", "path": ["Loss (Train)"], "values": [{"value": 0.9814726114273071, "step": null, "ts": 1723886839.0743062}]}, "version": 269, "at": 1723886839.0743062}
{"obj": {"type": "LogFloats", "path": ["Gradient norm"], "values": [{"value": 0.0, "step": null, "ts": 1723886839.0743062}]}, "version": 270, "at": 1723886839.0743062}
{"obj": {"type": "LogFloats", "path": ["Learning rate"], "values": [{"value": 0.0008799999999999999, "step": null, "ts": 1723886839.0743062}]}, "version": 271, "at": 1723886839.0743062}
{"obj": {"type": "LogFloats", "path": ["Loss (Train)"], "values": [{"value": 1.7444816827774048, "step": null, "ts": 1723886840.0163066}]}, "version": 272, "at": 1723886840.0163066}
{"obj": {"type": "LogFloats", "path": ["Gradient norm"], "values": [{"value": 0.0, "step": null, "ts": 1723886840.0163066}]}, "version": 273, "at": 1723886840.0163066}
{"obj": {"type": "LogFloats", "path": ["Learning rate"], "values": [{"value": 0.00089, "step": null, "ts": 1723886840.0163066}]}, "version": 274, "at": 1723886840.0163066}
{"obj": {"type": "LogFloats", "path": ["Loss (Train)"], "values": [{"value": 1.4083354473114014, "step": null, "ts": 1723886840.919307}]}, "version": 275, "at": 1723886840.919307}
{"obj": {"type": "LogFloats", "path": ["Gradient norm"], "values": [{"value": 0.0, "step": null, "ts": 1723886840.919307}]}, "version": 276, "at": 1723886840.919307}
{"obj": {"type": "LogFloats", "path": ["Learning rate"], "values": [{"value": 0.0009, "step": null, "ts": 1723886840.919307}]}, "version": 277, "at": 1723886840.919307}
{"obj": {"type": "LogFloats", "path": ["Loss (Train)"], "values": [{"value": 0.19533219933509827, "step": null, "ts": 1723886841.8003058}]}, "version": 278, "at": 1723886841.8003058}
{"obj": {"type": "LogFloats", "path": ["Gradient norm"], "values": [{"value": 0.0, "step": null, "ts": 1723886841.8003058}]}, "version": 279, "at": 1723886841.8003058}
{"obj": {"type": "LogFloats", "path": ["Learning rate"], "values": [{"value": 0.00091, "step": null, "ts": 1723886841.8003058}]}, "version": 280, "at": 1723886841.8003058}
{"obj": {"type": "LogFloats", "path": ["Loss (Train)"], "values": [{"value": 1.4503506422042847, "step": null, "ts": 1723886842.6943064}]}, "version": 281, "at": 1723886842.6943064}
{"obj": {"type": "LogFloats", "path": ["Gradient norm"], "values": [{"value": 0.0, "step": null, "ts": 1723886842.6943064}]}, "version": 282, "at": 1723886842.6943064}
{"obj": {"type": "LogFloats", "path": ["Learning rate"], "values": [{"value": 0.00092, "step": null, "ts": 1723886842.6943064}]}, "version": 283, "at": 1723886842.6943064}
{"obj": {"type": "LogFloats", "path": ["Loss (Train)"], "values": [{"value": 0.13198807835578918, "step": null, "ts": 1723886843.6313083}]}, "version": 284, "at": 1723886843.6313083}
{"obj": {"type": "LogFloats", "path": ["Gradient norm"], "values": [{"value": 0.0, "step": null, "ts": 1723886843.6313083}]}, "version": 285, "at": 1723886843.6313083}
{"obj": {"type": "LogFloats", "path": ["Learning rate"], "values": [{"value": 0.00093, "step": null, "ts": 1723886843.6313083}]}, "version": 286, "at": 1723886843.6313083}
{"obj": {"type": "LogFloats", "path": ["Loss (Train)"], "values": [{"value": 0.1416972428560257, "step": null, "ts": 1723886844.5483072}]}, "version": 287, "at": 1723886844.5483072}
{"obj": {"type": "LogFloats", "path": ["Gradient norm"], "values": [{"value": 0.0, "step": null, "ts": 1723886844.5483072}]}, "version": 288, "at": 1723886844.5483072}
{"obj": {"type": "LogFloats", "path": ["Learning rate"], "values": [{"value": 0.00094, "step": null, "ts": 1723886844.5483072}]}, "version": 289, "at": 1723886844.5483072}
{"obj": {"type": "LogFloats", "path": ["Loss (Train)"], "values": [{"value": 0.42228150367736816, "step": null, "ts": 1723886845.4294877}]}, "version": 290, "at": 1723886845.4294877}
{"obj": {"type": "LogFloats", "path": ["Gradient norm"], "values": [{"value": 0.0, "step": null, "ts": 1723886845.4294877}]}, "version": 291, "at": 1723886845.4294877}
{"obj": {"type": "LogFloats", "path": ["Learning rate"], "values": [{"value": 0.00095, "step": null, "ts": 1723886845.4294877}]}, "version": 292, "at": 1723886845.4294877}
{"obj": {"type": "LogFloats", "path": ["Loss (Train)"], "values": [{"value": 0.17313525080680847, "step": null, "ts": 1723886846.5434864}]}, "version": 293, "at": 1723886846.5434864}
{"obj": {"type": "LogFloats", "path": ["Gradient norm"], "values": [{"value": 0.0, "step": null, "ts": 1723886846.5434864}]}, "version": 294, "at": 1723886846.5434864}
{"obj": {"type": "LogFloats", "path": ["Learning rate"], "values": [{"value": 0.00096, "step": null, "ts": 1723886846.5434864}]}, "version": 295, "at": 1723886846.5434864}
{"obj": {"type": "LogFloats", "path": ["Loss (Train)"], "values": [{"value": 0.5271553993225098, "step": null, "ts": 1723886847.4204865}]}, "version": 296, "at": 1723886847.4204865}
{"obj": {"type": "LogFloats", "path": ["Gradient norm"], "values": [{"value": 0.0, "step": null, "ts": 1723886847.4204865}]}, "version": 297, "at": 1723886847.4204865}
{"obj": {"type": "LogFloats", "path": ["Learning rate"], "values": [{"value": 0.00097, "step": null, "ts": 1723886847.4204865}]}, "version": 298, "at": 1723886847.4204865}
{"obj": {"type": "LogFloats", "path": ["Loss (Train)"], "values": [{"value": 0.25361114740371704, "step": null, "ts": 1723886848.3124893}]}, "version": 299, "at": 1723886848.3124893}
{"obj": {"type": "LogFloats", "path": ["Gradient norm"], "values": [{"value": 0.0, "step": null, "ts": 1723886848.3124893}]}, "version": 300, "at": 1723886848.3124893}
{"obj": {"type": "LogFloats", "path": ["Learning rate"], "values": [{"value": 0.00098, "step": null, "ts": 1723886848.3124893}]}, "version": 301, "at": 1723886848.3124893}
{"obj": {"type": "LogFloats", "path": ["Loss (Train)"], "values": [{"value": 0.21224674582481384, "step": null, "ts": 1723886849.1684856}]}, "version": 302, "at": 1723886849.1684856}
{"obj": {"type": "LogFloats", "path": ["Gradient norm"], "values": [{"value": 0.0, "step": null, "ts": 1723886849.169488}]}, "version": 303, "at": 1723886849.169488}
{"obj": {"type": "LogFloats", "path": ["Learning rate"], "values": [{"value": 0.00099, "step": null, "ts": 1723886849.169488}]}, "version": 304, "at": 1723886849.169488}
{"obj": {"type": "LogFloats", "path": ["Loss (Train)"], "values": [{"value": 0.29002928733825684, "step": null, "ts": 1723886850.0354865}]}, "version": 305, "at": 1723886850.0354865}
{"obj": {"type": "LogFloats", "path": ["Gradient norm"], "values": [{"value": 0.0, "step": null, "ts": 1723886850.0354865}]}, "version": 306, "at": 1723886850.0354865}
{"obj": {"type": "LogFloats", "path": ["Learning rate"], "values": [{"value": 0.001, "step": null, "ts": 1723886850.0354865}]}, "version": 307, "at": 1723886850.0354865}
{"obj": {"type": "LogFloats", "path": ["Loss (Train)"], "values": [{"value": 0.959282398223877, "step": null, "ts": 1723886850.9188366}]}, "version": 308, "at": 1723886850.9188366}
{"obj": {"type": "LogFloats", "path": ["Gradient norm"], "values": [{"value": 0.0, "step": null, "ts": 1723886850.9188366}]}, "version": 309, "at": 1723886850.9188366}
{"obj": {"type": "LogFloats", "path": ["Learning rate"], "values": [{"value": 0.00101, "step": null, "ts": 1723886850.9188366}]}, "version": 310, "at": 1723886850.9188366}
{"obj": {"type": "LogFloats", "path": ["Loss (Train)"], "values": [{"value": 0.845495879650116, "step": null, "ts": 1723886851.7918367}]}, "version": 311, "at": 1723886851.7918367}
{"obj": {"type": "LogFloats", "path": ["Gradient norm"], "values": [{"value": 0.0, "step": null, "ts": 1723886851.7918367}]}, "version": 312, "at": 1723886851.7918367}
{"obj": {"type": "LogFloats", "path": ["Learning rate"], "values": [{"value": 0.0010199999999999999, "step": null, "ts": 1723886851.7918367}]}, "version": 313, "at": 1723886851.7918367}
{"obj": {"type": "LogFloats", "path": ["Loss (Train)"], "values": [{"value": 0.48472556471824646, "step": null, "ts": 1723886852.929838}]}, "version": 314, "at": 1723886852.929838}
{"obj": {"type": "LogFloats", "path": ["Gradient norm"], "values": [{"value": 0.0, "step": null, "ts": 1723886852.929838}]}, "version": 315, "at": 1723886852.929838}
{"obj": {"type": "LogFloats", "path": ["Learning rate"], "values": [{"value": 0.0010299999999999999, "step": null, "ts": 1723886852.929838}]}, "version": 316, "at": 1723886852.929838}
{"obj": {"type": "LogFloats", "path": ["Loss (Train)"], "values": [{"value": 0.2349165678024292, "step": null, "ts": 1723886853.8658376}]}, "version": 317, "at": 1723886853.8658376}
{"obj": {"type": "LogFloats", "path": ["Gradient norm"], "values": [{"value": 0.0, "step": null, "ts": 1723886853.8658376}]}, "version": 318, "at": 1723886853.8658376}
{"obj": {"type": "LogFloats", "path": ["Learning rate"], "values": [{"value": 0.00104, "step": null, "ts": 1723886853.8658376}]}, "version": 319, "at": 1723886853.8658376}
{"obj": {"type": "LogFloats", "path": ["Loss (Train)"], "values": [{"value": 0.10447635501623154, "step": null, "ts": 1723886854.7588375}]}, "version": 320, "at": 1723886854.7588375}
{"obj": {"type": "LogFloats", "path": ["Gradient norm"], "values": [{"value": 0.0, "step": null, "ts": 1723886854.7588375}]}, "version": 321, "at": 1723886854.7588375}
{"obj": {"type": "LogFloats", "path": ["Learning rate"], "values": [{"value": 0.00105, "step": null, "ts": 1723886854.7588375}]}, "version": 322, "at": 1723886854.7588375}
{"obj": {"type": "LogFloats", "path": ["Loss (Train)"], "values": [{"value": 0.48871931433677673, "step": null, "ts": 1723886855.6495023}]}, "version": 323, "at": 1723886855.6495023}
{"obj": {"type": "LogFloats", "path": ["Gradient norm"], "values": [{"value": 0.0, "step": null, "ts": 1723886855.6495023}]}, "version": 324, "at": 1723886855.6495023}
{"obj": {"type": "LogFloats", "path": ["Learning rate"], "values": [{"value": 0.00106, "step": null, "ts": 1723886855.6495023}]}, "version": 325, "at": 1723886855.6495023}
{"obj": {"type": "LogFloats", "path": ["Loss (Train)"], "values": [{"value": 2.1369683742523193, "step": null, "ts": 1723886856.7635043}]}, "version": 326, "at": 1723886856.7635043}
{"obj": {"type": "LogFloats", "path": ["Gradient norm"], "values": [{"value": 0.0, "step": null, "ts": 1723886856.7635043}]}, "version": 327, "at": 1723886856.7635043}
{"obj": {"type": "LogFloats", "path": ["Learning rate"], "values": [{"value": 0.00107, "step": null, "ts": 1723886856.7635043}]}, "version": 328, "at": 1723886856.7635043}
{"obj": {"type": "LogFloats", "path": ["Loss (Train)"], "values": [{"value": 0.12891529500484467, "step": null, "ts": 1723886857.6985023}]}, "version": 329, "at": 1723886857.6985023}
{"obj": {"type": "LogFloats", "path": ["Gradient norm"], "values": [{"value": 0.0, "step": null, "ts": 1723886857.6985023}]}, "version": 330, "at": 1723886857.6985023}
{"obj": {"type": "LogFloats", "path": ["Learning rate"], "values": [{"value": 0.00108, "step": null, "ts": 1723886857.6985023}]}, "version": 331, "at": 1723886857.6985023}
{"obj": {"type": "LogFloats", "path": ["Loss (Train)"], "values": [{"value": 0.17565374076366425, "step": null, "ts": 1723886858.6025026}]}, "version": 332, "at": 1723886858.6025026}
{"obj": {"type": "LogFloats", "path": ["Gradient norm"], "values": [{"value": 0.0, "step": null, "ts": 1723886858.6025026}]}, "version": 333, "at": 1723886858.6025026}
{"obj": {"type": "LogFloats", "path": ["Learning rate"], "values": [{"value": 0.00109, "step": null, "ts": 1723886858.6025026}]}, "version": 334, "at": 1723886858.6025026}
{"obj": {"type": "LogFloats", "path": ["Loss (Train)"], "values": [{"value": 0.3583652377128601, "step": null, "ts": 1723886859.5675027}]}, "version": 335, "at": 1723886859.5675027}
{"obj": {"type": "LogFloats", "path": ["Gradient norm"], "values": [{"value": 0.0, "step": null, "ts": 1723886859.5675027}]}, "version": 336, "at": 1723886859.5675027}
{"obj": {"type": "LogFloats", "path": ["Learning rate"], "values": [{"value": 0.0011, "step": null, "ts": 1723886859.568503}]}, "version": 337, "at": 1723886859.568503}
{"obj": {"type": "LogFloats", "path": ["Loss (Train)"], "values": [{"value": 0.7293803691864014, "step": null, "ts": 1723886860.5095026}]}, "version": 338, "at": 1723886860.5095026}
{"obj": {"type": "LogFloats", "path": ["Gradient norm"], "values": [{"value": 0.0, "step": null, "ts": 1723886860.5095026}]}, "version": 339, "at": 1723886860.5095026}
{"obj": {"type": "LogFloats", "path": ["Learning rate"], "values": [{"value": 0.00111, "step": null, "ts": 1723886860.5095026}]}, "version": 340, "at": 1723886860.5095026}
{"obj": {"type": "LogFloats", "path": ["Loss (Train)"], "values": [{"value": 0.062303029000759125, "step": null, "ts": 1723886861.3815029}]}, "version": 341, "at": 1723886861.3815029}
{"obj": {"type": "LogFloats", "path": ["Gradient norm"], "values": [{"value": 0.0, "step": null, "ts": 1723886861.3815029}]}, "version": 342, "at": 1723886861.3815029}
{"obj": {"type": "LogFloats", "path": ["Learning rate"], "values": [{"value": 0.0011200000000000001, "step": null, "ts": 1723886861.3815029}]}, "version": 343, "at": 1723886861.3815029}
{"obj": {"type": "LogFloats", "path": ["Loss (Train)"], "values": [{"value": 0.22190037369728088, "step": null, "ts": 1723886862.3235033}]}, "version": 344, "at": 1723886862.3235033}
{"obj": {"type": "LogFloats", "path": ["Gradient norm"], "values": [{"value": 0.0, "step": null, "ts": 1723886862.3245053}]}, "version": 345, "at": 1723886862.3245053}
{"obj": {"type": "LogFloats", "path": ["Learning rate"], "values": [{"value": 0.0011300000000000001, "step": null, "ts": 1723886862.3245053}]}, "version": 346, "at": 1723886862.3245053}
{"obj": {"type": "LogFloats", "path": ["Loss (Train)"], "values": [{"value": 0.24235251545906067, "step": null, "ts": 1723886863.1925056}]}, "version": 347, "at": 1723886863.1925056}
{"obj": {"type": "LogFloats", "path": ["Gradient norm"], "values": [{"value": 0.0, "step": null, "ts": 1723886863.1935024}]}, "version": 348, "at": 1723886863.1935024}
{"obj": {"type": "LogFloats", "path": ["Learning rate"], "values": [{"value": 0.0011400000000000002, "step": null, "ts": 1723886863.1935024}]}, "version": 349, "at": 1723886863.1935024}
{"obj": {"type": "LogFloats", "path": ["Loss (Train)"], "values": [{"value": 0.13011112809181213, "step": null, "ts": 1723886864.064502}]}, "version": 350, "at": 1723886864.064502}
{"obj": {"type": "LogFloats", "path": ["Gradient norm"], "values": [{"value": 0.0, "step": null, "ts": 1723886864.064502}]}, "version": 351, "at": 1723886864.064502}
{"obj": {"type": "LogFloats", "path": ["Learning rate"], "values": [{"value": 0.00115, "step": null, "ts": 1723886864.064502}]}, "version": 352, "at": 1723886864.064502}
{"obj": {"type": "LogFloats", "path": ["Loss (Train)"], "values": [{"value": 1.5355818271636963, "step": null, "ts": 1723886865.0351634}]}, "version": 353, "at": 1723886865.0351634}
{"obj": {"type": "LogFloats", "path": ["Gradient norm"], "values": [{"value": 0.0, "step": null, "ts": 1723886865.0351634}]}, "version": 354, "at": 1723886865.0351634}
{"obj": {"type": "LogFloats", "path": ["Learning rate"], "values": [{"value": 0.00116, "step": null, "ts": 1723886865.0351634}]}, "version": 355, "at": 1723886865.0351634}
{"obj": {"type": "LogFloats", "path": ["Loss (Train)"], "values": [{"value": 1.3158938884735107, "step": null, "ts": 1723886865.9261632}]}, "version": 356, "at": 1723886865.9261632}
{"obj": {"type": "LogFloats", "path": ["Gradient norm"], "values": [{"value": 0.0, "step": null, "ts": 1723886865.9271638}]}, "version": 357, "at": 1723886865.9271638}
{"obj": {"type": "LogFloats", "path": ["Learning rate"], "values": [{"value": 0.00117, "step": null, "ts": 1723886865.9271638}]}, "version": 358, "at": 1723886865.9271638}
{"obj": {"type": "LogFloats", "path": ["Loss (Train)"], "values": [{"value": 0.8721927404403687, "step": null, "ts": 1723886866.885164}]}, "version": 359, "at": 1723886866.885164}
{"obj": {"type": "LogFloats", "path": ["Gradient norm"], "values": [{"value": 0.0, "step": null, "ts": 1723886866.885164}]}, "version": 360, "at": 1723886866.885164}
{"obj": {"type": "LogFloats", "path": ["Learning rate"], "values": [{"value": 0.00118, "step": null, "ts": 1723886866.885164}]}, "version": 361, "at": 1723886866.885164}
{"obj": {"type": "LogFloats", "path": ["Loss (Train)"], "values": [{"value": 0.3180871605873108, "step": null, "ts": 1723886867.7993891}]}, "version": 362, "at": 1723886867.7993891}
{"obj": {"type": "LogFloats", "path": ["Gradient norm"], "values": [{"value": 0.0, "step": null, "ts": 1723886867.7993891}]}, "version": 363, "at": 1723886867.7993891}
{"obj": {"type": "LogFloats", "path": ["Learning rate"], "values": [{"value": 0.0011899999999999999, "step": null, "ts": 1723886867.7993891}]}, "version": 364, "at": 1723886867.7993891}
{"obj": {"type": "LogFloats", "path": ["Loss (Train)"], "values": [{"value": 0.3373114764690399, "step": null, "ts": 1723886868.722389}]}, "version": 365, "at": 1723886868.722389}
{"obj": {"type": "LogFloats", "path": ["Gradient norm"], "values": [{"value": 0.0, "step": null, "ts": 1723886868.722389}]}, "version": 366, "at": 1723886868.722389}
{"obj": {"type": "LogFloats", "path": ["Learning rate"], "values": [{"value": 0.0012, "step": null, "ts": 1723886868.722389}]}, "version": 367, "at": 1723886868.722389}
{"obj": {"type": "LogFloats", "path": ["Loss (Train)"], "values": [{"value": 0.2372618019580841, "step": null, "ts": 1723886869.6433892}]}, "version": 368, "at": 1723886869.6433892}
{"obj": {"type": "LogFloats", "path": ["Gradient norm"], "values": [{"value": 0.0, "step": null, "ts": 1723886869.6433892}]}, "version": 369, "at": 1723886869.6433892}
{"obj": {"type": "LogFloats", "path": ["Learning rate"], "values": [{"value": 0.00121, "step": null, "ts": 1723886869.6433892}]}, "version": 370, "at": 1723886869.6433892}
{"obj": {"type": "LogFloats", "path": ["Loss (Train)"], "values": [{"value": 0.08892450481653214, "step": null, "ts": 1723886870.5353892}]}, "version": 371, "at": 1723886870.5353892}
{"obj": {"type": "LogFloats", "path": ["Gradient norm"], "values": [{"value": 0.0, "step": null, "ts": 1723886870.5353892}]}, "version": 372, "at": 1723886870.5353892}
{"obj": {"type": "LogFloats", "path": ["Learning rate"], "values": [{"value": 0.00122, "step": null, "ts": 1723886870.5353892}]}, "version": 373, "at": 1723886870.5353892}
{"obj": {"type": "LogFloats", "path": ["Loss (Train)"], "values": [{"value": 0.31800031661987305, "step": null, "ts": 1723886871.48239}]}, "version": 374, "at": 1723886871.48239}
{"obj": {"type": "LogFloats", "path": ["Gradient norm"], "values": [{"value": 0.0, "step": null, "ts": 1723886871.48239}]}, "version": 375, "at": 1723886871.48239}
{"obj": {"type": "LogFloats", "path": ["Learning rate"], "values": [{"value": 0.00123, "step": null, "ts": 1723886871.48239}]}, "version": 376, "at": 1723886871.48239}
{"obj": {"type": "LogFloats", "path": ["Loss (Train)"], "values": [{"value": 0.4119420647621155, "step": null, "ts": 1723886872.3923895}]}, "version": 377, "at": 1723886872.3923895}
{"obj": {"type": "LogFloats", "path": ["Gradient norm"], "values": [{"value": 0.0, "step": null, "ts": 1723886872.3923895}]}, "version": 378, "at": 1723886872.3923895}
{"obj": {"type": "LogFloats", "path": ["Learning rate"], "values": [{"value": 0.00124, "step": null, "ts": 1723886872.3923895}]}, "version": 379, "at": 1723886872.3923895}
{"obj": {"type": "LogFloats", "path": ["Loss (Train)"], "values": [{"value": 0.23135554790496826, "step": null, "ts": 1723886873.2933898}]}, "version": 380, "at": 1723886873.2933898}
{"obj": {"type": "LogFloats", "path": ["Gradient norm"], "values": [{"value": 0.0, "step": null, "ts": 1723886873.2933898}]}, "version": 381, "at": 1723886873.2933898}
{"obj": {"type": "LogFloats", "path": ["Learning rate"], "values": [{"value": 0.00125, "step": null, "ts": 1723886873.2933898}]}, "version": 382, "at": 1723886873.2933898}
{"obj": {"type": "LogFloats", "path": ["Loss (Train)"], "values": [{"value": 0.20522241294384003, "step": null, "ts": 1723886874.2173898}]}, "version": 383, "at": 1723886874.2173898}
{"obj": {"type": "LogFloats", "path": ["Gradient norm"], "values": [{"value": 0.0, "step": null, "ts": 1723886874.2173898}]}, "version": 384, "at": 1723886874.2173898}
{"obj": {"type": "LogFloats", "path": ["Learning rate"], "values": [{"value": 0.00126, "step": null, "ts": 1723886874.2173898}]}, "version": 385, "at": 1723886874.2173898}
{"obj": {"type": "LogFloats", "path": ["Loss (Train)"], "values": [{"value": 0.2733064293861389, "step": null, "ts": 1723886875.1421185}]}, "version": 386, "at": 1723886875.1421185}
{"obj": {"type": "LogFloats", "path": ["Gradient norm"], "values": [{"value": 0.0, "step": null, "ts": 1723886875.1421185}]}, "version": 387, "at": 1723886875.1421185}
{"obj": {"type": "LogFloats", "path": ["Learning rate"], "values": [{"value": 0.00127, "step": null, "ts": 1723886875.1421185}]}, "version": 388, "at": 1723886875.1421185}
{"obj": {"type": "LogFloats", "path": ["Loss (Train)"], "values": [{"value": 0.2122640609741211, "step": null, "ts": 1723886876.040065}]}, "version": 389, "at": 1723886876.040065}
{"obj": {"type": "LogFloats", "path": ["Gradient norm"], "values": [{"value": 0.0, "step": null, "ts": 1723886876.040065}]}, "version": 390, "at": 1723886876.040065}
{"obj": {"type": "LogFloats", "path": ["Learning rate"], "values": [{"value": 0.00128, "step": null, "ts": 1723886876.040065}]}, "version": 391, "at": 1723886876.040065}
{"obj": {"type": "LogFloats", "path": ["Loss (Train)"], "values": [{"value": 0.13108602166175842, "step": null, "ts": 1723886876.9580655}]}, "version": 392, "at": 1723886876.9580655}
{"obj": {"type": "LogFloats", "path": ["Gradient norm"], "values": [{"value": 0.0, "step": null, "ts": 1723886876.9580655}]}, "version": 393, "at": 1723886876.9580655}
{"obj": {"type": "LogFloats", "path": ["Learning rate"], "values": [{"value": 0.0012900000000000001, "step": null, "ts": 1723886876.9580655}]}, "version": 394, "at": 1723886876.9580655}
{"obj": {"type": "LogFloats", "path": ["Loss (Train)"], "values": [{"value": 0.25284063816070557, "step": null, "ts": 1723886878.0770752}]}, "version": 395, "at": 1723886878.0770752}
{"obj": {"type": "LogFloats", "path": ["Gradient norm"], "values": [{"value": 0.0, "step": null, "ts": 1723886878.0770752}]}, "version": 396, "at": 1723886878.0770752}
{"obj": {"type": "LogFloats", "path": ["Learning rate"], "values": [{"value": 0.0013000000000000002, "step": null, "ts": 1723886878.0770752}]}, "version": 397, "at": 1723886878.0770752}
{"obj": {"type": "LogFloats", "path": ["Loss (Train)"], "values": [{"value": 0.16409921646118164, "step": null, "ts": 1723886878.9850748}]}, "version": 398, "at": 1723886878.9850748}
{"obj": {"type": "LogFloats", "path": ["Gradient norm"], "values": [{"value": 0.0, "step": null, "ts": 1723886878.9850748}]}, "version": 399, "at": 1723886878.9850748}
{"obj": {"type": "LogFloats", "path": ["Learning rate"], "values": [{"value": 0.0013100000000000002, "step": null, "ts": 1723886878.9850748}]}, "version": 400, "at": 1723886878.9850748}
{"obj": {"type": "LogFloats", "path": ["Loss (Train)"], "values": [{"value": 0.13320963084697723, "step": null, "ts": 1723886879.9120753}]}, "version": 401, "at": 1723886879.9120753}
{"obj": {"type": "LogFloats", "path": ["Gradient norm"], "values": [{"value": 0.0, "step": null, "ts": 1723886879.9120753}]}, "version": 402, "at": 1723886879.9120753}
{"obj": {"type": "LogFloats", "path": ["Learning rate"], "values": [{"value": 0.00132, "step": null, "ts": 1723886879.9120753}]}, "version": 403, "at": 1723886879.9120753}
{"obj": {"type": "LogFloats", "path": ["Loss (Train)"], "values": [{"value": 0.24332132935523987, "step": null, "ts": 1723886880.8490741}]}, "version": 404, "at": 1723886880.8490741}
{"obj": {"type": "LogFloats", "path": ["Gradient norm"], "values": [{"value": 0.0, "step": null, "ts": 1723886880.8490741}]}, "version": 405, "at": 1723886880.8490741}
{"obj": {"type": "LogFloats", "path": ["Learning rate"], "values": [{"value": 0.00133, "step": null, "ts": 1723886880.8490741}]}, "version": 406, "at": 1723886880.8490741}
{"obj": {"type": "LogFloats", "path": ["Loss (Train)"], "values": [{"value": 0.1480863094329834, "step": null, "ts": 1723886881.7800746}]}, "version": 407, "at": 1723886881.7800746}
{"obj": {"type": "LogFloats", "path": ["Gradient norm"], "values": [{"value": 0.0, "step": null, "ts": 1723886881.7800746}]}, "version": 408, "at": 1723886881.7800746}
{"obj": {"type": "LogFloats", "path": ["Learning rate"], "values": [{"value": 0.00134, "step": null, "ts": 1723886881.7800746}]}, "version": 409, "at": 1723886881.7800746}
{"obj": {"type": "LogFloats", "path": ["Loss (Train)"], "values": [{"value": 0.16127854585647583, "step": null, "ts": 1723886882.6570747}]}, "version": 410, "at": 1723886882.6580746}
{"obj": {"type": "LogFloats", "path": ["Gradient norm"], "values": [{"value": 0.0, "step": null, "ts": 1723886882.6580746}]}, "version": 411, "at": 1723886882.6580746}
{"obj": {"type": "LogFloats", "path": ["Learning rate"], "values": [{"value": 0.00135, "step": null, "ts": 1723886882.6580746}]}, "version": 412, "at": 1723886882.6580746}
{"obj": {"type": "LogFloats", "path": ["Loss (Train)"], "values": [{"value": 0.306627482175827, "step": null, "ts": 1723886883.5440745}]}, "version": 413, "at": 1723886883.5440745}
{"obj": {"type": "LogFloats", "path": ["Gradient norm"], "values": [{"value": 0.0, "step": null, "ts": 1723886883.5440745}]}, "version": 414, "at": 1723886883.5440745}
{"obj": {"type": "LogFloats", "path": ["Learning rate"], "values": [{"value": 0.00136, "step": null, "ts": 1723886883.5440745}]}, "version": 415, "at": 1723886883.5440745}
{"obj": {"type": "LogFloats", "path": ["Loss (Train)"], "values": [{"value": 0.20486176013946533, "step": null, "ts": 1723886884.5010743}]}, "version": 416, "at": 1723886884.5010743}
{"obj": {"type": "LogFloats", "path": ["Gradient norm"], "values": [{"value": 0.0, "step": null, "ts": 1723886884.5010743}]}, "version": 417, "at": 1723886884.5010743}
{"obj": {"type": "LogFloats", "path": ["Learning rate"], "values": [{"value": 0.0013700000000000001, "step": null, "ts": 1723886884.5010743}]}, "version": 418, "at": 1723886884.5010743}
{"obj": {"type": "LogFloats", "path": ["Loss (Train)"], "values": [{"value": 0.17682485282421112, "step": null, "ts": 1723886885.456763}]}, "version": 419, "at": 1723886885.456763}
{"obj": {"type": "LogFloats", "path": ["Gradient norm"], "values": [{"value": 0.0, "step": null, "ts": 1723886885.456763}]}, "version": 420, "at": 1723886885.456763}
{"obj": {"type": "LogFloats", "path": ["Learning rate"], "values": [{"value": 0.0013800000000000002, "step": null, "ts": 1723886885.456763}]}, "version": 421, "at": 1723886885.456763}
{"obj": {"type": "LogFloats", "path": ["Loss (Train)"], "values": [{"value": 0.8930322527885437, "step": null, "ts": 1723886886.3537624}]}, "version": 422, "at": 1723886886.3537624}
{"obj": {"type": "LogFloats", "path": ["Gradient norm"], "values": [{"value": 0.0, "step": null, "ts": 1723886886.3537624}]}, "version": 423, "at": 1723886886.3537624}
{"obj": {"type": "LogFloats", "path": ["Learning rate"], "values": [{"value": 0.0013900000000000002, "step": null, "ts": 1723886886.3537624}]}, "version": 424, "at": 1723886886.3537624}
{"obj": {"type": "LogFloats", "path": ["Loss (Train)"], "values": [{"value": 0.37301161885261536, "step": null, "ts": 1723886887.2636209}]}, "version": 425, "at": 1723886887.2636209}
{"obj": {"type": "LogFloats", "path": ["Gradient norm"], "values": [{"value": 0.0, "step": null, "ts": 1723886887.2636209}]}, "version": 426, "at": 1723886887.2636209}
{"obj": {"type": "LogFloats", "path": ["Learning rate"], "values": [{"value": 0.0014000000000000002, "step": null, "ts": 1723886887.2636209}]}, "version": 427, "at": 1723886887.2636209}
{"obj": {"type": "LogFloats", "path": ["Loss (Train)"], "values": [{"value": 1.1025617122650146, "step": null, "ts": 1723886888.17062}]}, "version": 428, "at": 1723886888.17062}
{"obj": {"type": "LogFloats", "path": ["Gradient norm"], "values": [{"value": 0.0, "step": null, "ts": 1723886888.1716208}]}, "version": 429, "at": 1723886888.1716208}
{"obj": {"type": "LogFloats", "path": ["Learning rate"], "values": [{"value": 0.0014099999999999998, "step": null, "ts": 1723886888.1716208}]}, "version": 430, "at": 1723886888.1716208}
{"obj": {"type": "LogFloats", "path": ["Loss (Train)"], "values": [{"value": 0.47344765067100525, "step": null, "ts": 1723886889.1006212}]}, "version": 431, "at": 1723886889.1006212}
{"obj": {"type": "LogFloats", "path": ["Gradient norm"], "values": [{"value": 0.0, "step": null, "ts": 1723886889.1006212}]}, "version": 432, "at": 1723886889.1006212}
{"obj": {"type": "LogFloats", "path": ["Learning rate"], "values": [{"value": 0.0014199999999999998, "step": null, "ts": 1723886889.1006212}]}, "version": 433, "at": 1723886889.1006212}
{"obj": {"type": "LogFloats", "path": ["Loss (Train)"], "values": [{"value": 0.30976417660713196, "step": null, "ts": 1723886889.9846206}]}, "version": 434, "at": 1723886889.9846206}
{"obj": {"type": "LogFloats", "path": ["Gradient norm"], "values": [{"value": 0.0, "step": null, "ts": 1723886889.9846206}]}, "version": 435, "at": 1723886889.9846206}
{"obj": {"type": "LogFloats", "path": ["Learning rate"], "values": [{"value": 0.0014299999999999998, "step": null, "ts": 1723886889.9846206}]}, "version": 436, "at": 1723886889.9846206}
{"obj": {"type": "LogFloats", "path": ["Loss (Train)"], "values": [{"value": 0.44150033593177795, "step": null, "ts": 1723886890.9256208}]}, "version": 437, "at": 1723886890.9256208}
{"obj": {"type": "LogFloats", "path": ["Gradient norm"], "values": [{"value": 0.0, "step": null, "ts": 1723886890.9256208}]}, "version": 438, "at": 1723886890.9256208}
{"obj": {"type": "LogFloats", "path": ["Learning rate"], "values": [{"value": 0.0014399999999999999, "step": null, "ts": 1723886890.9256208}]}, "version": 439, "at": 1723886890.9256208}
{"obj": {"type": "LogFloats", "path": ["Loss (Train)"], "values": [{"value": 2.2551379203796387, "step": null, "ts": 1723886892.3586206}]}, "version": 440, "at": 1723886892.3586206}
{"obj": {"type": "LogFloats", "path": ["Gradient norm"], "values": [{"value": 0.0, "step": null, "ts": 1723886892.3596206}]}, "version": 441, "at": 1723886892.3596206}
{"obj": {"type": "LogFloats", "path": ["Learning rate"], "values": [{"value": 0.00145, "step": null, "ts": 1723886892.3596206}]}, "version": 442, "at": 1723886892.3596206}
{"obj": {"type": "LogFloats", "path": ["Loss (Train)"], "values": [{"value": 0.8317046165466309, "step": null, "ts": 1723886893.2476213}]}, "version": 443, "at": 1723886893.2476213}
{"obj": {"type": "LogFloats", "path": ["Gradient norm"], "values": [{"value": 0.0, "step": null, "ts": 1723886893.2476213}]}, "version": 444, "at": 1723886893.2476213}
{"obj": {"type": "LogFloats", "path": ["Learning rate"], "values": [{"value": 0.00146, "step": null, "ts": 1723886893.2476213}]}, "version": 445, "at": 1723886893.2476213}
{"obj": {"type": "LogFloats", "path": ["Loss (Train)"], "values": [{"value": 0.20754790306091309, "step": null, "ts": 1723886894.1766207}]}, "version": 446, "at": 1723886894.1766207}
{"obj": {"type": "LogFloats", "path": ["Gradient norm"], "values": [{"value": 0.0, "step": null, "ts": 1723886894.1766207}]}, "version": 447, "at": 1723886894.1766207}
{"obj": {"type": "LogFloats", "path": ["Learning rate"], "values": [{"value": 0.00147, "step": null, "ts": 1723886894.1766207}]}, "version": 448, "at": 1723886894.1766207}
{"obj": {"type": "LogFloats", "path": ["Loss (Train)"], "values": [{"value": 0.38454610109329224, "step": null, "ts": 1723886895.1401057}]}, "version": 449, "at": 1723886895.1401057}
{"obj": {"type": "LogFloats", "path": ["Gradient norm"], "values": [{"value": 0.0, "step": null, "ts": 1723886895.1401057}]}, "version": 450, "at": 1723886895.1401057}
{"obj": {"type": "LogFloats", "path": ["Learning rate"], "values": [{"value": 0.00148, "step": null, "ts": 1723886895.1401057}]}, "version": 451, "at": 1723886895.1401057}
{"obj": {"type": "LogFloats", "path": ["Loss (Train)"], "values": [{"value": 0.5010898113250732, "step": null, "ts": 1723886896.0711067}]}, "version": 452, "at": 1723886896.0711067}
{"obj": {"type": "LogFloats", "path": ["Gradient norm"], "values": [{"value": 0.0, "step": null, "ts": 1723886896.0711067}]}, "version": 453, "at": 1723886896.0711067}
{"obj": {"type": "LogFloats", "path": ["Learning rate"], "values": [{"value": 0.00149, "step": null, "ts": 1723886896.0711067}]}, "version": 454, "at": 1723886896.0711067}
{"obj": {"type": "LogFloats", "path": ["Loss (Train)"], "values": [{"value": 1.439794659614563, "step": null, "ts": 1723886897.0071056}]}, "version": 455, "at": 1723886897.0071056}
{"obj": {"type": "LogFloats", "path": ["Gradient norm"], "values": [{"value": 0.0, "step": null, "ts": 1723886897.0071056}]}, "version": 456, "at": 1723886897.0071056}
{"obj": {"type": "LogFloats", "path": ["Learning rate"], "values": [{"value": 0.0015, "step": null, "ts": 1723886897.0071056}]}, "version": 457, "at": 1723886897.0071056}
{"obj": {"type": "LogFloats", "path": ["Loss (Train)"], "values": [{"value": 0.4585331976413727, "step": null, "ts": 1723886897.9580326}]}, "version": 458, "at": 1723886897.9580326}
{"obj": {"type": "LogFloats", "path": ["Gradient norm"], "values": [{"value": 0.0, "step": null, "ts": 1723886897.9580326}]}, "version": 459, "at": 1723886897.9580326}
{"obj": {"type": "LogFloats", "path": ["Learning rate"], "values": [{"value": 0.00151, "step": null, "ts": 1723886897.9580326}]}, "version": 460, "at": 1723886897.9580326}
{"obj": {"type": "LogFloats", "path": ["Loss (Train)"], "values": [{"value": 7.458033561706543, "step": null, "ts": 1723886898.8430307}]}, "version": 461, "at": 1723886898.8430307}
{"obj": {"type": "LogFloats", "path": ["Gradient norm"], "values": [{"value": 0.0, "step": null, "ts": 1723886898.8440316}]}, "version": 462, "at": 1723886898.8440316}
{"obj": {"type": "LogFloats", "path": ["Learning rate"], "values": [{"value": 0.00152, "step": null, "ts": 1723886898.8440316}]}, "version": 463, "at": 1723886898.8440316}
{"obj": {"type": "LogFloats", "path": ["Loss (Train)"], "values": [{"value": 39.78306198120117, "step": null, "ts": 1723886899.7900312}]}, "version": 464, "at": 1723886899.7900312}
{"obj": {"type": "LogFloats", "path": ["Gradient norm"], "values": [{"value": 0.0, "step": null, "ts": 1723886899.7900312}]}, "version": 465, "at": 1723886899.7900312}
{"obj": {"type": "LogFloats", "path": ["Learning rate"], "values": [{"value": 0.0015300000000000001, "step": null, "ts": 1723886899.7900312}]}, "version": 466, "at": 1723886899.7900312}
{"obj": {"type": "LogFloats", "path": ["Loss (Train)"], "values": [{"value": 16.386098861694336, "step": null, "ts": 1723886900.6930308}]}, "version": 467, "at": 1723886900.6930308}
{"obj": {"type": "LogFloats", "path": ["Gradient norm"], "values": [{"value": 0.0, "step": null, "ts": 1723886900.6930308}]}, "version": 468, "at": 1723886900.6930308}
{"obj": {"type": "LogFloats", "path": ["Learning rate"], "values": [{"value": 0.00154, "step": null, "ts": 1723886900.6930308}]}, "version": 469, "at": 1723886900.6930308}
{"obj": {"type": "LogFloats", "path": ["Loss (Train)"], "values": [{"value": 8.010632514953613, "step": null, "ts": 1723886901.5670319}]}, "version": 470, "at": 1723886901.5670319}
{"obj": {"type": "LogFloats", "path": ["Gradient norm"], "values": [{"value": 0.0, "step": null, "ts": 1723886901.5670319}]}, "version": 471, "at": 1723886901.5670319}
{"obj": {"type": "LogFloats", "path": ["Learning rate"], "values": [{"value": 0.00155, "step": null, "ts": 1723886901.5670319}]}, "version": 472, "at": 1723886901.5670319}
{"obj": {"type": "LogFloats", "path": ["Loss (Train)"], "values": [{"value": 7.767880439758301, "step": null, "ts": 1723886902.4230325}]}, "version": 473, "at": 1723886902.4230325}
{"obj": {"type": "LogFloats", "path": ["Gradient norm"], "values": [{"value": 0.0, "step": null, "ts": 1723886902.4230325}]}, "version": 474, "at": 1723886902.4230325}
{"obj": {"type": "LogFloats", "path": ["Learning rate"], "values": [{"value": 0.00156, "step": null, "ts": 1723886902.4230325}]}, "version": 475, "at": 1723886902.4230325}
{"obj": {"type": "LogFloats", "path": ["Loss (Train)"], "values": [{"value": 8.863856315612793, "step": null, "ts": 1723886903.2790334}]}, "version": 476, "at": 1723886903.2790334}
{"obj": {"type": "LogFloats", "path": ["Gradient norm"], "values": [{"value": 0.0, "step": null, "ts": 1723886903.2790334}]}, "version": 477, "at": 1723886903.2790334}
{"obj": {"type": "LogFloats", "path": ["Learning rate"], "values": [{"value": 0.00157, "step": null, "ts": 1723886903.2790334}]}, "version": 478, "at": 1723886903.2790334}
{"obj": {"type": "LogFloats", "path": ["Loss (Train)"], "values": [{"value": 2.3642523288726807, "step": null, "ts": 1723886904.1520383}]}, "version": 479, "at": 1723886904.1520383}
{"obj": {"type": "LogFloats", "path": ["Gradient norm"], "values": [{"value": 0.0, "step": null, "ts": 1723886904.1520383}]}, "version": 480, "at": 1723886904.1520383}
{"obj": {"type": "LogFloats", "path": ["Learning rate"], "values": [{"value": 0.00158, "step": null, "ts": 1723886904.1520383}]}, "version": 481, "at": 1723886904.1520383}
{"obj": {"type": "LogFloats", "path": ["Loss (Train)"], "values": [{"value": 10.599405288696289, "step": null, "ts": 1723886905.026646}]}, "version": 482, "at": 1723886905.026646}
{"obj": {"type": "LogFloats", "path": ["Gradient norm"], "values": [{"value": 0.0, "step": null, "ts": 1723886905.026646}]}, "version": 483, "at": 1723886905.026646}
{"obj": {"type": "LogFloats", "path": ["Learning rate"], "values": [{"value": 0.00159, "step": null, "ts": 1723886905.026646}]}, "version": 484, "at": 1723886905.026646}
{"obj": {"type": "LogFloats", "path": ["Loss (Train)"], "values": [{"value": 8.917707443237305, "step": null, "ts": 1723886905.9022312}]}, "version": 485, "at": 1723886905.903232}
{"obj": {"type": "LogFloats", "path": ["Gradient norm"], "values": [{"value": 0.0, "step": null, "ts": 1723886905.903232}]}, "version": 486, "at": 1723886905.903232}
{"obj": {"type": "LogFloats", "path": ["Learning rate"], "values": [{"value": 0.0016, "step": null, "ts": 1723886905.903232}]}, "version": 487, "at": 1723886905.903232}
{"obj": {"type": "LogFloats", "path": ["Loss (Train)"], "values": [{"value": 41.311302185058594, "step": null, "ts": 1723886906.8262324}]}, "version": 488, "at": 1723886906.8262324}
{"obj": {"type": "LogFloats", "path": ["Gradient norm"], "values": [{"value": 0.0, "step": null, "ts": 1723886906.8262324}]}, "version": 489, "at": 1723886906.8262324}
{"obj": {"type": "LogFloats", "path": ["Learning rate"], "values": [{"value": 0.00161, "step": null, "ts": 1723886906.8262324}]}, "version": 490, "at": 1723886906.8262324}
{"obj": {"type": "LogFloats", "path": ["Loss (Train)"], "values": [{"value": 5.313797950744629, "step": null, "ts": 1723886907.7072313}]}, "version": 491, "at": 1723886907.7072313}
{"obj": {"type": "LogFloats", "path": ["Gradient norm"], "values": [{"value": 0.0, "step": null, "ts": 1723886907.7072313}]}, "version": 492, "at": 1723886907.7072313}
{"obj": {"type": "LogFloats", "path": ["Learning rate"], "values": [{"value": 0.0016200000000000001, "step": null, "ts": 1723886907.7072313}]}, "version": 493, "at": 1723886907.7072313}
{"obj": {"type": "LogFloats", "path": ["Loss (Train)"], "values": [{"value": 5.2054243087768555, "step": null, "ts": 1723886908.5962348}]}, "version": 494, "at": 1723886908.5962348}
{"obj": {"type": "LogFloats", "path": ["Gradient norm"], "values": [{"value": 0.0, "step": null, "ts": 1723886908.5962348}]}, "version": 495, "at": 1723886908.5962348}
{"obj": {"type": "LogFloats", "path": ["Learning rate"], "values": [{"value": 0.0016300000000000002, "step": null, "ts": 1723886908.5962348}]}, "version": 496, "at": 1723886908.5962348}
{"obj": {"type": "LogFloats", "path": ["Loss (Train)"], "values": [{"value": 4.347210884094238, "step": null, "ts": 1723886909.484232}]}, "version": 497, "at": 1723886909.484232}
{"obj": {"type": "LogFloats", "path": ["Gradient norm"], "values": [{"value": 0.0, "step": null, "ts": 1723886909.484232}]}, "version": 498, "at": 1723886909.484232}
{"obj": {"type": "LogFloats", "path": ["Learning rate"], "values": [{"value": 0.0016400000000000002, "step": null, "ts": 1723886909.484232}]}, "version": 499, "at": 1723886909.484232}
{"obj": {"type": "LogFloats", "path": ["Loss (Train)"], "values": [{"value": 1.485193133354187, "step": null, "ts": 1723886910.3742325}]}, "version": 500, "at": 1723886910.3742325}
{"obj": {"type": "LogFloats", "path": ["Gradient norm"], "values": [{"value": 0.0, "step": null, "ts": 1723886910.3742325}]}, "version": 501, "at": 1723886910.3742325}
{"obj": {"type": "LogFloats", "path": ["Learning rate"], "values": [{"value": 0.0016500000000000002, "step": null, "ts": 1723886910.3742325}]}, "version": 502, "at": 1723886910.3742325}
{"obj": {"type": "LogFloats", "path": ["Loss (Train)"], "values": [{"value": 0.9988425970077515, "step": null, "ts": 1723886911.6292324}]}, "version": 503, "at": 1723886911.6292324}
{"obj": {"type": "LogFloats", "path": ["Gradient norm"], "values": [{"value": 0.0, "step": null, "ts": 1723886911.6292324}]}, "version": 504, "at": 1723886911.6292324}
{"obj": {"type": "LogFloats", "path": ["Learning rate"], "values": [{"value": 0.00166, "step": null, "ts": 1723886911.6302328}]}, "version": 505, "at": 1723886911.6302328}
{"obj": {"type": "LogFloats", "path": ["Loss (Train)"], "values": [{"value": 9.545413970947266, "step": null, "ts": 1723886912.5092325}]}, "version": 506, "at": 1723886912.5092325}
{"obj": {"type": "LogFloats", "path": ["Gradient norm"], "values": [{"value": 0.0, "step": null, "ts": 1723886912.5092325}]}, "version": 507, "at": 1723886912.5092325}
{"obj": {"type": "LogFloats", "path": ["Learning rate"], "values": [{"value": 0.00167, "step": null, "ts": 1723886912.5092325}]}, "version": 508, "at": 1723886912.5092325}
{"obj": {"type": "LogFloats", "path": ["Loss (Train)"], "values": [{"value": 3.5408356189727783, "step": null, "ts": 1723886913.4152324}]}, "version": 509, "at": 1723886913.4152324}
{"obj": {"type": "LogFloats", "path": ["Gradient norm"], "values": [{"value": 0.0, "step": null, "ts": 1723886913.4152324}]}, "version": 510, "at": 1723886913.4152324}
{"obj": {"type": "LogFloats", "path": ["Learning rate"], "values": [{"value": 0.00168, "step": null, "ts": 1723886913.4162326}]}, "version": 511, "at": 1723886913.4162326}
{"obj": {"type": "LogFloats", "path": ["Loss (Train)"], "values": [{"value": 2.7643041610717773, "step": null, "ts": 1723886914.341232}]}, "version": 512, "at": 1723886914.341232}
{"obj": {"type": "LogFloats", "path": ["Gradient norm"], "values": [{"value": 0.0, "step": null, "ts": 1723886914.341232}]}, "version": 513, "at": 1723886914.341232}
{"obj": {"type": "LogFloats", "path": ["Learning rate"], "values": [{"value": 0.00169, "step": null, "ts": 1723886914.341232}]}, "version": 514, "at": 1723886914.341232}
{"obj": {"type": "LogFloats", "path": ["Loss (Train)"], "values": [{"value": 2.3577516078948975, "step": null, "ts": 1723886915.2569005}]}, "version": 515, "at": 1723886915.2569005}
{"obj": {"type": "LogFloats", "path": ["Gradient norm"], "values": [{"value": 0.0, "step": null, "ts": 1723886915.2569005}]}, "version": 516, "at": 1723886915.2569005}
{"obj": {"type": "LogFloats", "path": ["Learning rate"], "values": [{"value": 0.0017000000000000001, "step": null, "ts": 1723886915.2569005}]}, "version": 517, "at": 1723886915.2569005}
{"obj": {"type": "LogFloats", "path": ["Loss (Train)"], "values": [{"value": 2.786994218826294, "step": null, "ts": 1723886916.1358995}]}, "version": 518, "at": 1723886916.1358995}
{"obj": {"type": "LogFloats", "path": ["Gradient norm"], "values": [{"value": 0.0, "step": null, "ts": 1723886916.1369007}]}, "version": 519, "at": 1723886916.1369007}
{"obj": {"type": "LogFloats", "path": ["Learning rate"], "values": [{"value": 0.0017100000000000001, "step": null, "ts": 1723886916.1369007}]}, "version": 520, "at": 1723886916.1369007}
